0 verbose cli C:\Program Files\nodejs\node.exe C:\Program Files\nodejs\node_modules\npm\bin\npm-cli.js
1 info using npm@10.9.3
2 info using node@v22.20.0
3 silly config load:file:C:\Program Files\nodejs\node_modules\npm\npmrc
4 silly config load:file:C:\Users\Admin\OneDrive\Desktop\GigaFixzipzip\backend\.npmrc
5 silly config load:file:C:\Users\Admin\.npmrc
6 silly config load:file:C:\Users\Admin\AppData\Roaming\npm\etc\npmrc
7 verbose title npm install dotenv
8 verbose argv "install" "dotenv" "--save" "--registry" "https://registry.npmjs.org/" "--no-audit" "--no-fund" "--loglevel" "warn"
9 verbose logfile logs-max:10 dir:C:\Users\Admin\OneDrive\Desktop\GigaFixzipzip\backend\.npm-cache\_logs\2026-06-18T16_37_06_850Z-
10 verbose logfile C:\Users\Admin\OneDrive\Desktop\GigaFixzipzip\backend\.npm-cache\_logs\2026-06-18T16_37_06_850Z-debug-0.log
11 silly logfile done cleaning log files
12 silly packumentCache heap:4345298944 maxSize:1086324736 maxEntrySize:543162368
13 silly idealTree buildDeps
14 silly fetch manifest dotenv@*
15 silly packumentCache full:https://registry.npmjs.org/dotenv cache-miss
16 http fetch GET 200 https://registry.npmjs.org/npm 404ms
17 http fetch GET 200 https://registry.npmjs.org/dotenv 295ms (cache miss)
18 silly packumentCache full:https://registry.npmjs.org/dotenv set size:undefined disposed:false
19 silly placeDep ROOT dotenv@17.4.2 OK for: gigafix-backend@1.0.0 want: *
20 silly reify mark retired [
20 silly reify   'C:\\Users\\Admin\\OneDrive\\Desktop\\GigaFixzipzip\\backend\\node_modules\\bcryptjs'
20 silly reify ]
21 silly reify mark retired [
21 silly reify   'C:\\Users\\Admin\\OneDrive\\Desktop\\GigaFixzipzip\\backend\\node_modules\\accepts'
21 silly reify ]
22 silly reify mark retired [
22 silly reify   'C:\\Users\\Admin\\OneDrive\\Desktop\\GigaFixzipzip\\backend\\node_modules\\body-parser'
22 silly reify ]
23 silly reify mark retired [
23 silly reify   'C:\\Users\\Admin\\OneDrive\\Desktop\\GigaFixzipzip\\backend\\node_modules\\bytes'
23 silly reify ]
24 silly reify mark retired [
24 silly reify   'C:\\Users\\Admin\\OneDrive\\Desktop\\GigaFixzipzip\\backend\\node_modules\\buffer-equal-constant-time'
24 silly reify ]
25 silly reify mark retired [
25 silly reify   'C:\\Users\\Admin\\OneDrive\\Desktop\\GigaFixzipzip\\backend\\node_modules\\call-bind-apply-helpers'
25 silly reify ]
26 silly reify mark retired [
26 silly reify   'C:\\Users\\Admin\\OneDrive\\Desktop\\GigaFixzipzip\\backend\\node_modules\\call-bound'
26 silly reify ]
27 silly reify mark retired [
27 silly reify   'C:\\Users\\Admin\\OneDrive\\Desktop\\GigaFixzipzip\\backend\\node_modules\\content-disposition'
27 silly reify ]
28 silly reify mark retired [
28 silly reify   'C:\\Users\\Admin\\OneDrive\\Desktop\\GigaFixzipzip\\backend\\node_modules\\content-type'
28 silly reify ]
29 silly reify mark retired [
29 silly reify   'C:\\Users\\Admin\\OneDrive\\Desktop\\GigaFixzipzip\\backend\\node_modules\\cookie'
29 silly reify ]
30 silly reify mark retired [
30 silly reify   'C:\\Users\\Admin\\OneDrive\\Desktop\\GigaFixzipzip\\backend\\node_modules\\cookie-signature'
30 silly reify ]
31 silly reify mark retired [
31 silly reify   'C:\\Users\\Admin\\OneDrive\\Desktop\\GigaFixzipzip\\backend\\node_modules\\cors'
31 silly reify ]
32 silly reify mark retired [
32 silly reify   'C:\\Users\\Admin\\OneDrive\\Desktop\\GigaFixzipzip\\backend\\node_modules\\depd'
32 silly reify ]
33 silly reify mark retired [
33 silly reify   'C:\\Users\\Admin\\OneDrive\\Desktop\\GigaFixzipzip\\backend\\node_modules\\debug'
33 silly reify ]
34 silly reify mark retired [
34 silly reify   'C:\\Users\\Admin\\OneDrive\\Desktop\\GigaFixzipzip\\backend\\node_modules\\dunder-proto'
34 silly reify ]
35 silly reify mark retired [
35 silly reify   'C:\\Users\\Admin\\OneDrive\\Desktop\\GigaFixzipzip\\backend\\node_modules\\ecdsa-sig-formatter'
35 silly reify ]
36 silly reify mark retired [
36 silly reify   'C:\\Users\\Admin\\OneDrive\\Desktop\\GigaFixzipzip\\backend\\node_modules\\ee-first'
36 silly reify ]
37 silly reify mark retired [
37 silly reify   'C:\\Users\\Admin\\OneDrive\\Desktop\\GigaFixzipzip\\backend\\node_modules\\encodeurl'
37 silly reify ]
38 silly reify mark retired [
38 silly reify   'C:\\Users\\Admin\\OneDrive\\Desktop\\GigaFixzipzip\\backend\\node_modules\\es-define-property'
38 silly reify ]
39 silly reify mark retired [
39 silly reify   'C:\\Users\\Admin\\OneDrive\\Desktop\\GigaFixzipzip\\backend\\node_modules\\es-errors'
39 silly reify ]
40 silly reify mark retired [
40 silly reify   'C:\\Users\\Admin\\OneDrive\\Desktop\\GigaFixzipzip\\backend\\node_modules\\es-object-atoms'
40 silly reify ]
41 silly reify mark retired [
41 silly reify   'C:\\Users\\Admin\\OneDrive\\Desktop\\GigaFixzipzip\\backend\\node_modules\\escape-html'
41 silly reify ]
42 silly reify mark retired [
42 silly reify   'C:\\Users\\Admin\\OneDrive\\Desktop\\GigaFixzipzip\\backend\\node_modules\\etag'
42 silly reify ]
43 silly reify mark retired [
43 silly reify   'C:\\Users\\Admin\\OneDrive\\Desktop\\GigaFixzipzip\\backend\\node_modules\\express'
43 silly reify ]
44 silly reify mark retired [
44 silly reify   'C:\\Users\\Admin\\OneDrive\\Desktop\\GigaFixzipzip\\backend\\node_modules\\finalhandler'
44 silly reify ]
45 silly reify mark retired [
45 silly reify   'C:\\Users\\Admin\\OneDrive\\Desktop\\GigaFixzipzip\\backend\\node_modules\\express-rate-limit'
45 silly reify ]
46 silly reify mark retired [
46 silly reify   'C:\\Users\\Admin\\OneDrive\\Desktop\\GigaFixzipzip\\backend\\node_modules\\express-validator'
46 silly reify ]
47 silly reify mark retired [
47 silly reify   'C:\\Users\\Admin\\OneDrive\\Desktop\\GigaFixzipzip\\backend\\node_modules\\forwarded'
47 silly reify ]
48 silly reify mark retired [
48 silly reify   'C:\\Users\\Admin\\OneDrive\\Desktop\\GigaFixzipzip\\backend\\node_modules\\fresh'
48 silly reify ]
49 silly reify mark retired [
49 silly reify   'C:\\Users\\Admin\\OneDrive\\Desktop\\GigaFixzipzip\\backend\\node_modules\\function-bind'
49 silly reify ]
50 silly reify mark retired [
50 silly reify   'C:\\Users\\Admin\\OneDrive\\Desktop\\GigaFixzipzip\\backend\\node_modules\\get-intrinsic'
50 silly reify ]
51 silly reify mark retired [
51 silly reify   'C:\\Users\\Admin\\OneDrive\\Desktop\\GigaFixzipzip\\backend\\node_modules\\get-proto'
51 silly reify ]
52 silly reify mark retired [
52 silly reify   'C:\\Users\\Admin\\OneDrive\\Desktop\\GigaFixzipzip\\backend\\node_modules\\gopd'
52 silly reify ]
53 silly reify mark retired [
53 silly reify   'C:\\Users\\Admin\\OneDrive\\Desktop\\GigaFixzipzip\\backend\\node_modules\\hasown'
53 silly reify ]
54 silly reify mark retired [
54 silly reify   'C:\\Users\\Admin\\OneDrive\\Desktop\\GigaFixzipzip\\backend\\node_modules\\has-symbols'
54 silly reify ]
55 silly reify mark retired [
55 silly reify   'C:\\Users\\Admin\\OneDrive\\Desktop\\GigaFixzipzip\\backend\\node_modules\\inherits'
55 silly reify ]
56 silly reify mark retired [
56 silly reify   'C:\\Users\\Admin\\OneDrive\\Desktop\\GigaFixzipzip\\backend\\node_modules\\http-errors'
56 silly reify ]
57 silly reify mark retired [
57 silly reify   'C:\\Users\\Admin\\OneDrive\\Desktop\\GigaFixzipzip\\backend\\node_modules\\helmet'
57 silly reify ]
58 silly reify mark retired [
58 silly reify   'C:\\Users\\Admin\\OneDrive\\Desktop\\GigaFixzipzip\\backend\\node_modules\\iconv-lite'
58 silly reify ]
59 silly reify mark retired [
59 silly reify   'C:\\Users\\Admin\\OneDrive\\Desktop\\GigaFixzipzip\\backend\\node_modules\\ipaddr.js'
59 silly reify ]
60 silly reify mark retired [
60 silly reify   'C:\\Users\\Admin\\OneDrive\\Desktop\\GigaFixzipzip\\backend\\node_modules\\is-promise'
60 silly reify ]
61 silly reify mark retired [
61 silly reify   'C:\\Users\\Admin\\OneDrive\\Desktop\\GigaFixzipzip\\backend\\node_modules\\jsonwebtoken'
61 silly reify ]
62 silly reify mark retired [
62 silly reify   'C:\\Users\\Admin\\OneDrive\\Desktop\\GigaFixzipzip\\backend\\node_modules\\jwa'
62 silly reify ]
63 silly reify mark retired [
63 silly reify   'C:\\Users\\Admin\\OneDrive\\Desktop\\GigaFixzipzip\\backend\\node_modules\\jws'
63 silly reify ]
64 silly reify mark retired [
64 silly reify   'C:\\Users\\Admin\\OneDrive\\Desktop\\GigaFixzipzip\\backend\\node_modules\\lodash'
64 silly reify ]
65 silly reify mark retired [
65 silly reify   'C:\\Users\\Admin\\OneDrive\\Desktop\\GigaFixzipzip\\backend\\node_modules\\lodash.includes'
65 silly reify ]
66 silly reify mark retired [
66 silly reify   'C:\\Users\\Admin\\OneDrive\\Desktop\\GigaFixzipzip\\backend\\node_modules\\lodash.isboolean'
66 silly reify ]
67 silly reify mark retired [
67 silly reify   'C:\\Users\\Admin\\OneDrive\\Desktop\\GigaFixzipzip\\backend\\node_modules\\lodash.isinteger'
67 silly reify ]
68 silly reify mark retired [
68 silly reify   'C:\\Users\\Admin\\OneDrive\\Desktop\\GigaFixzipzip\\backend\\node_modules\\lodash.isnumber'
68 silly reify ]
69 silly reify mark retired [
69 silly reify   'C:\\Users\\Admin\\OneDrive\\Desktop\\GigaFixzipzip\\backend\\node_modules\\lodash.isstring'
69 silly reify ]
70 silly reify mark retired [
70 silly reify   'C:\\Users\\Admin\\OneDrive\\Desktop\\GigaFixzipzip\\backend\\node_modules\\lodash.isplainobject'
70 silly reify ]
71 silly reify mark retired [
71 silly reify   'C:\\Users\\Admin\\OneDrive\\Desktop\\GigaFixzipzip\\backend\\node_modules\\lodash.once'
71 silly reify ]
72 silly reify mark retired [
72 silly reify   'C:\\Users\\Admin\\OneDrive\\Desktop\\GigaFixzipzip\\backend\\node_modules\\math-intrinsics'
72 silly reify ]
73 silly reify mark retired [
73 silly reify   'C:\\Users\\Admin\\OneDrive\\Desktop\\GigaFixzipzip\\backend\\node_modules\\media-typer'
73 silly reify ]
74 silly reify mark retired [
74 silly reify   'C:\\Users\\Admin\\OneDrive\\Desktop\\GigaFixzipzip\\backend\\node_modules\\merge-descriptors'
74 silly reify ]
75 silly reify mark retired [
75 silly reify   'C:\\Users\\Admin\\OneDrive\\Desktop\\GigaFixzipzip\\backend\\node_modules\\mime-db'
75 silly reify ]
76 silly reify mark retired [
76 silly reify   'C:\\Users\\Admin\\OneDrive\\Desktop\\GigaFixzipzip\\backend\\node_modules\\mime-types'
76 silly reify ]
77 silly reify mark retired [
77 silly reify   'C:\\Users\\Admin\\OneDrive\\Desktop\\GigaFixzipzip\\backend\\node_modules\\ms'
77 silly reify ]
78 silly reify mark retired [
78 silly reify   'C:\\Users\\Admin\\OneDrive\\Desktop\\GigaFixzipzip\\backend\\node_modules\\object-assign'
78 silly reify ]
79 silly reify mark retired [
79 silly reify   'C:\\Users\\Admin\\OneDrive\\Desktop\\GigaFixzipzip\\backend\\node_modules\\negotiator'
79 silly reify ]
80 silly reify mark retired [
80 silly reify   'C:\\Users\\Admin\\OneDrive\\Desktop\\GigaFixzipzip\\backend\\node_modules\\object-inspect'
80 silly reify ]
81 silly reify mark retired [
81 silly reify   'C:\\Users\\Admin\\OneDrive\\Desktop\\GigaFixzipzip\\backend\\node_modules\\on-finished'
81 silly reify ]
82 silly reify mark retired [
82 silly reify   'C:\\Users\\Admin\\OneDrive\\Desktop\\GigaFixzipzip\\backend\\node_modules\\once'
82 silly reify ]
83 silly reify mark retired [
83 silly reify   'C:\\Users\\Admin\\OneDrive\\Desktop\\GigaFixzipzip\\backend\\node_modules\\parseurl'
83 silly reify ]
84 silly reify mark retired [
84 silly reify   'C:\\Users\\Admin\\OneDrive\\Desktop\\GigaFixzipzip\\backend\\node_modules\\path-to-regexp'
84 silly reify ]
85 silly reify mark retired [
85 silly reify   'C:\\Users\\Admin\\OneDrive\\Desktop\\GigaFixzipzip\\backend\\node_modules\\pg'
85 silly reify ]
86 silly reify mark retired [
86 silly reify   'C:\\Users\\Admin\\OneDrive\\Desktop\\GigaFixzipzip\\backend\\node_modules\\pg-cloudflare'
86 silly reify ]
87 silly reify mark retired [
87 silly reify   'C:\\Users\\Admin\\OneDrive\\Desktop\\GigaFixzipzip\\backend\\node_modules\\pg-connection-string'
87 silly reify ]
88 silly reify mark retired [
88 silly reify   'C:\\Users\\Admin\\OneDrive\\Desktop\\GigaFixzipzip\\backend\\node_modules\\pg-int8'
88 silly reify ]
89 silly reify mark retired [
89 silly reify   'C:\\Users\\Admin\\OneDrive\\Desktop\\GigaFixzipzip\\backend\\node_modules\\pg-pool'
89 silly reify ]
90 silly reify mark retired [
90 silly reify   'C:\\Users\\Admin\\OneDrive\\Desktop\\GigaFixzipzip\\backend\\node_modules\\pg-protocol'
90 silly reify ]
91 silly reify mark retired [
91 silly reify   'C:\\Users\\Admin\\OneDrive\\Desktop\\GigaFixzipzip\\backend\\node_modules\\pg-types'
91 silly reify ]
92 silly reify mark retired [
92 silly reify   'C:\\Users\\Admin\\OneDrive\\Desktop\\GigaFixzipzip\\backend\\node_modules\\pgpass'
92 silly reify ]
93 silly reify mark retired [
93 silly reify   'C:\\Users\\Admin\\OneDrive\\Desktop\\GigaFixzipzip\\backend\\node_modules\\postgres-array'
93 silly reify ]
94 silly reify mark retired [
94 silly reify   'C:\\Users\\Admin\\OneDrive\\Desktop\\GigaFixzipzip\\backend\\node_modules\\postgres-bytea'
94 silly reify ]
95 silly reify mark retired [
95 silly reify   'C:\\Users\\Admin\\OneDrive\\Desktop\\GigaFixzipzip\\backend\\node_modules\\postgres-date'
95 silly reify ]
96 silly reify mark retired [
96 silly reify   'C:\\Users\\Admin\\OneDrive\\Desktop\\GigaFixzipzip\\backend\\node_modules\\proxy-addr'
96 silly reify ]
97 silly reify mark retired [
97 silly reify   'C:\\Users\\Admin\\OneDrive\\Desktop\\GigaFixzipzip\\backend\\node_modules\\postgres-interval'
97 silly reify ]
98 silly reify mark retired [
98 silly reify   'C:\\Users\\Admin\\OneDrive\\Desktop\\GigaFixzipzip\\backend\\node_modules\\qs'
98 silly reify ]
99 silly reify mark retired [
99 silly reify   'C:\\Users\\Admin\\OneDrive\\Desktop\\GigaFixzipzip\\backend\\node_modules\\raw-body'
99 silly reify ]
100 silly reify mark retired [
100 silly reify   'C:\\Users\\Admin\\OneDrive\\Desktop\\GigaFixzipzip\\backend\\node_modules\\router'
100 silly reify ]
101 silly reify mark retired [
101 silly reify   'C:\\Users\\Admin\\OneDrive\\Desktop\\GigaFixzipzip\\backend\\node_modules\\range-parser'
101 silly reify ]
102 silly reify mark retired [
102 silly reify   'C:\\Users\\Admin\\OneDrive\\Desktop\\GigaFixzipzip\\backend\\node_modules\\safe-buffer'
102 silly reify ]
103 silly reify mark retired [
103 silly reify   'C:\\Users\\Admin\\OneDrive\\Desktop\\GigaFixzipzip\\backend\\node_modules\\semver'
103 silly reify ]
104 silly reify mark retired [
104 silly reify   'C:\\Users\\Admin\\OneDrive\\Desktop\\GigaFixzipzip\\backend\\node_modules\\safer-buffer'
104 silly reify ]
105 silly reify mark retired [
105 silly reify   'C:\\Users\\Admin\\OneDrive\\Desktop\\GigaFixzipzip\\backend\\node_modules\\send'
105 silly reify ]
106 silly reify mark retired [
106 silly reify   'C:\\Users\\Admin\\OneDrive\\Desktop\\GigaFixzipzip\\backend\\node_modules\\setprototypeof'
106 silly reify ]
107 silly reify mark retired [
107 silly reify   'C:\\Users\\Admin\\OneDrive\\Desktop\\GigaFixzipzip\\backend\\node_modules\\side-channel'
107 silly reify ]
108 silly reify mark retired [
108 silly reify   'C:\\Users\\Admin\\OneDrive\\Desktop\\GigaFixzipzip\\backend\\node_modules\\serve-static'
108 silly reify ]
109 silly reify mark retired [
109 silly reify   'C:\\Users\\Admin\\OneDrive\\Desktop\\GigaFixzipzip\\backend\\node_modules\\side-channel-list'
109 silly reify ]
110 silly reify mark retired [
110 silly reify   'C:\\Users\\Admin\\OneDrive\\Desktop\\GigaFixzipzip\\backend\\node_modules\\side-channel-map'
110 silly reify ]
111 silly reify mark retired [
111 silly reify   'C:\\Users\\Admin\\OneDrive\\Desktop\\GigaFixzipzip\\backend\\node_modules\\side-channel-weakmap'
111 silly reify ]
112 silly reify mark retired [
112 silly reify   'C:\\Users\\Admin\\OneDrive\\Desktop\\GigaFixzipzip\\backend\\node_modules\\split2'
112 silly reify ]
113 silly reify mark retired [
113 silly reify   'C:\\Users\\Admin\\OneDrive\\Desktop\\GigaFixzipzip\\backend\\node_modules\\statuses'
113 silly reify ]
114 silly reify mark retired [
114 silly reify   'C:\\Users\\Admin\\OneDrive\\Desktop\\GigaFixzipzip\\backend\\node_modules\\type-is'
114 silly reify ]
115 silly reify mark retired [
115 silly reify   'C:\\Users\\Admin\\OneDrive\\Desktop\\GigaFixzipzip\\backend\\node_modules\\unpipe'
115 silly reify ]
116 silly reify mark retired [
116 silly reify   'C:\\Users\\Admin\\OneDrive\\Desktop\\GigaFixzipzip\\backend\\node_modules\\toidentifier'
116 silly reify ]
117 silly reify mark retired [
117 silly reify   'C:\\Users\\Admin\\OneDrive\\Desktop\\GigaFixzipzip\\backend\\node_modules\\validator'
117 silly reify ]
118 silly reify mark retired [
118 silly reify   'C:\\Users\\Admin\\OneDrive\\Desktop\\GigaFixzipzip\\backend\\node_modules\\vary'
118 silly reify ]
119 silly reify mark retired [
119 silly reify   'C:\\Users\\Admin\\OneDrive\\Desktop\\GigaFixzipzip\\backend\\node_modules\\xtend'
119 silly reify ]
120 silly reify mark retired [
120 silly reify   'C:\\Users\\Admin\\OneDrive\\Desktop\\GigaFixzipzip\\backend\\node_modules\\wrappy'
120 silly reify ]
121 silly reify moves {
121 silly reify   'C:\\Users\\Admin\\OneDrive\\Desktop\\GigaFixzipzip\\backend\\node_modules\\bcryptjs': 'C:\\Users\\Admin\\OneDrive\\Desktop\\GigaFixzipzip\\backend\\node_modules\\.bcryptjs-hhvBknoz',
121 silly reify   'C:\\Users\\Admin\\OneDrive\\Desktop\\GigaFixzipzip\\backend\\node_modules\\accepts': 'C:\\Users\\Admin\\OneDrive\\Desktop\\GigaFixzipzip\\backend\\node_modules\\.accepts-9deWgU59',
121 silly reify   'C:\\Users\\Admin\\OneDrive\\Desktop\\GigaFixzipzip\\backend\\node_modules\\body-parser': 'C:\\Users\\Admin\\OneDrive\\Desktop\\GigaFixzipzip\\backend\\node_modules\\.body-parser-Pn8rfino',
121 silly reify   'C:\\Users\\Admin\\OneDrive\\Desktop\\GigaFixzipzip\\backend\\node_modules\\bytes': 'C:\\Users\\Admin\\OneDrive\\Desktop\\GigaFixzipzip\\backend\\node_modules\\.bytes-9XXbwW1l',
121 silly reify   'C:\\Users\\Admin\\OneDrive\\Desktop\\GigaFixzipzip\\backend\\node_modules\\buffer-equal-constant-time': 'C:\\Users\\Admin\\OneDrive\\Desktop\\GigaFixzipzip\\backend\\node_modules\\.buffer-equal-constant-time-ah3zOIE7',
121 silly reify   'C:\\Users\\Admin\\OneDrive\\Desktop\\GigaFixzipzip\\backend\\node_modules\\call-bind-apply-helpers': 'C:\\Users\\Admin\\OneDrive\\Desktop\\GigaFixzipzip\\backend\\node_modules\\.call-bind-apply-helpers-6QFxc0aw',
121 silly reify   'C:\\Users\\Admin\\OneDrive\\Desktop\\GigaFixzipzip\\backend\\node_modules\\call-bound': 'C:\\Users\\Admin\\OneDrive\\Desktop\\GigaFixzipzip\\backend\\node_modules\\.call-bound-pHzx0kug',
121 silly reify   'C:\\Users\\Admin\\OneDrive\\Desktop\\GigaFixzipzip\\backend\\node_modules\\content-disposition': 'C:\\Users\\Admin\\OneDrive\\Desktop\\GigaFixzipzip\\backend\\node_modules\\.content-disposition-5GqMfWRY',
121 silly reify   'C:\\Users\\Admin\\OneDrive\\Desktop\\GigaFixzipzip\\backend\\node_modules\\content-type': 'C:\\Users\\Admin\\OneDrive\\Desktop\\GigaFixzipzip\\backend\\node_modules\\.content-type-8Z6Ndio4',
121 silly reify   'C:\\Users\\Admin\\OneDrive\\Desktop\\GigaFixzipzip\\backend\\node_modules\\cookie': 'C:\\Users\\Admin\\OneDrive\\Desktop\\GigaFixzipzip\\backend\\node_modules\\.cookie-5zJ5coyB',
121 silly reify   'C:\\Users\\Admin\\OneDrive\\Desktop\\GigaFixzipzip\\backend\\node_modules\\cookie-signature': 'C:\\Users\\Admin\\OneDrive\\Desktop\\GigaFixzipzip\\backend\\node_modules\\.cookie-signature-g2AICAsd',
121 silly reify   'C:\\Users\\Admin\\OneDrive\\Desktop\\GigaFixzipzip\\backend\\node_modules\\cors': 'C:\\Users\\Admin\\OneDrive\\Desktop\\GigaFixzipzip\\backend\\node_modules\\.cors-ANLwoYI0',
121 silly reify   'C:\\Users\\Admin\\OneDrive\\Desktop\\GigaFixzipzip\\backend\\node_modules\\depd': 'C:\\Users\\Admin\\OneDrive\\Desktop\\GigaFixzipzip\\backend\\node_modules\\.depd-TS7uMQrB',
121 silly reify   'C:\\Users\\Admin\\OneDrive\\Desktop\\GigaFixzipzip\\backend\\node_modules\\debug': 'C:\\Users\\Admin\\OneDrive\\Desktop\\GigaFixzipzip\\backend\\node_modules\\.debug-jNzXNvKS',
121 silly reify   'C:\\Users\\Admin\\OneDrive\\Desktop\\GigaFixzipzip\\backend\\node_modules\\dunder-proto': 'C:\\Users\\Admin\\OneDrive\\Desktop\\GigaFixzipzip\\backend\\node_modules\\.dunder-proto-1KNpAKzP',
121 silly reify   'C:\\Users\\Admin\\OneDrive\\Desktop\\GigaFixzipzip\\backend\\node_modules\\ecdsa-sig-formatter': 'C:\\Users\\Admin\\OneDrive\\Desktop\\GigaFixzipzip\\backend\\node_modules\\.ecdsa-sig-formatter-ASLnkZy3',
121 silly reify   'C:\\Users\\Admin\\OneDrive\\Desktop\\GigaFixzipzip\\backend\\node_modules\\ee-first': 'C:\\Users\\Admin\\OneDrive\\Desktop\\GigaFixzipzip\\backend\\node_modules\\.ee-first-qufNnsol',
121 silly reify   'C:\\Users\\Admin\\OneDrive\\Desktop\\GigaFixzipzip\\backend\\node_modules\\encodeurl': 'C:\\Users\\Admin\\OneDrive\\Desktop\\GigaFixzipzip\\backend\\node_modules\\.encodeurl-VuiWkVfc',
121 silly reify   'C:\\Users\\Admin\\OneDrive\\Desktop\\GigaFixzipzip\\backend\\node_modules\\es-define-property': 'C:\\Users\\Admin\\OneDrive\\Desktop\\GigaFixzipzip\\backend\\node_modules\\.es-define-property-M4WiyjMH',
121 silly reify   'C:\\Users\\Admin\\OneDrive\\Desktop\\GigaFixzipzip\\backend\\node_modules\\es-errors': 'C:\\Users\\Admin\\OneDrive\\Desktop\\GigaFixzipzip\\backend\\node_modules\\.es-errors-lJIjJNXx',
121 silly reify   'C:\\Users\\Admin\\OneDrive\\Desktop\\GigaFixzipzip\\backend\\node_modules\\es-object-atoms': 'C:\\Users\\Admin\\OneDrive\\Desktop\\GigaFixzipzip\\backend\\node_modules\\.es-object-atoms-d5oiXRzw',
121 silly reify   'C:\\Users\\Admin\\OneDrive\\Desktop\\GigaFixzipzip\\backend\\node_modules\\escape-html': 'C:\\Users\\Admin\\OneDrive\\Desktop\\GigaFixzipzip\\backend\\node_modules\\.escape-html-QoP04YBV',
121 silly reify   'C:\\Users\\Admin\\OneDrive\\Desktop\\GigaFixzipzip\\backend\\node_modules\\etag': 'C:\\Users\\Admin\\OneDrive\\Desktop\\GigaFixzipzip\\backend\\node_modules\\.etag-7KfQ5sT0',
121 silly reify   'C:\\Users\\Admin\\OneDrive\\Desktop\\GigaFixzipzip\\backend\\node_modules\\express': 'C:\\Users\\Admin\\OneDrive\\Desktop\\GigaFixzipzip\\backend\\node_modules\\.express-TNrtkG36',
121 silly reify   'C:\\Users\\Admin\\OneDrive\\Desktop\\GigaFixzipzip\\backend\\node_modules\\finalhandler': 'C:\\Users\\Admin\\OneDrive\\Desktop\\GigaFixzipzip\\backend\\node_modules\\.finalhandler-MPpHnDdo',
121 silly reify   'C:\\Users\\Admin\\OneDrive\\Desktop\\GigaFixzipzip\\backend\\node_modules\\express-rate-limit': 'C:\\Users\\Admin\\OneDrive\\Desktop\\GigaFixzipzip\\backend\\node_modules\\.express-rate-limit-oJqjsdlz',
121 silly reify   'C:\\Users\\Admin\\OneDrive\\Desktop\\GigaFixzipzip\\backend\\node_modules\\express-validator': 'C:\\Users\\Admin\\OneDrive\\Desktop\\GigaFixzipzip\\backend\\node_modules\\.express-validator-Z1gBN1Wi',
121 silly reify   'C:\\Users\\Admin\\OneDrive\\Desktop\\GigaFixzipzip\\backend\\node_modules\\forwarded': 'C:\\Users\\Admin\\OneDrive\\Desktop\\GigaFixzipzip\\backend\\node_modules\\.forwarded-0sXowyUB',
121 silly reify   'C:\\Users\\Admin\\OneDrive\\Desktop\\GigaFixzipzip\\backend\\node_modules\\fresh': 'C:\\Users\\Admin\\OneDrive\\Desktop\\GigaFixzipzip\\backend\\node_modules\\.fresh-5CjBWY90',
121 silly reify   'C:\\Users\\Admin\\OneDrive\\Desktop\\GigaFixzipzip\\backend\\node_modules\\function-bind': 'C:\\Users\\Admin\\OneDrive\\Desktop\\GigaFixzipzip\\backend\\node_modules\\.function-bind-L9ZGproc',
121 silly reify   'C:\\Users\\Admin\\OneDrive\\Desktop\\GigaFixzipzip\\backend\\node_modules\\get-intrinsic': 'C:\\Users\\Admin\\OneDrive\\Desktop\\GigaFixzipzip\\backend\\node_modules\\.get-intrinsic-zY19mJhE',
121 silly reify   'C:\\Users\\Admin\\OneDrive\\Desktop\\GigaFixzipzip\\backend\\node_modules\\get-proto': 'C:\\Users\\Admin\\OneDrive\\Desktop\\GigaFixzipzip\\backend\\node_modules\\.get-proto-Vz4XGOIs',
121 silly reify   'C:\\Users\\Admin\\OneDrive\\Desktop\\GigaFixzipzip\\backend\\node_modules\\gopd': 'C:\\Users\\Admin\\OneDrive\\Desktop\\GigaFixzipzip\\backend\\node_modules\\.gopd-gsGAcQB0',
121 silly reify   'C:\\Users\\Admin\\OneDrive\\Desktop\\GigaFixzipzip\\backend\\node_modules\\hasown': 'C:\\Users\\Admin\\OneDrive\\Desktop\\GigaFixzipzip\\backend\\node_modules\\.hasown-1yZX75zf',
121 silly reify   'C:\\Users\\Admin\\OneDrive\\Desktop\\GigaFixzipzip\\backend\\node_modules\\has-symbols': 'C:\\Users\\Admin\\OneDrive\\Desktop\\GigaFixzipzip\\backend\\node_modules\\.has-symbols-MEcGzqoS',
121 silly reify   'C:\\Users\\Admin\\OneDrive\\Desktop\\GigaFixzipzip\\backend\\node_modules\\inherits': 'C:\\Users\\Admin\\OneDrive\\Desktop\\GigaFixzipzip\\backend\\node_modules\\.inherits-NDstsbgs',
121 silly reify   'C:\\Users\\Admin\\OneDrive\\Desktop\\GigaFixzipzip\\backend\\node_modules\\http-errors': 'C:\\Users\\Admin\\OneDrive\\Desktop\\GigaFixzipzip\\backend\\node_modules\\.http-errors-wlmARCg4',
121 silly reify   'C:\\Users\\Admin\\OneDrive\\Desktop\\GigaFixzipzip\\backend\\node_modules\\helmet': 'C:\\Users\\Admin\\OneDrive\\Desktop\\GigaFixzipzip\\backend\\node_modules\\.helmet-bTpAafMK',
121 silly reify   'C:\\Users\\Admin\\OneDrive\\Desktop\\GigaFixzipzip\\backend\\node_modules\\iconv-lite': 'C:\\Users\\Admin\\OneDrive\\Desktop\\GigaFixzipzip\\backend\\node_modules\\.iconv-lite-GtIyZQUL',
121 silly reify   'C:\\Users\\Admin\\OneDrive\\Desktop\\GigaFixzipzip\\backend\\node_modules\\ipaddr.js': 'C:\\Users\\Admin\\OneDrive\\Desktop\\GigaFixzipzip\\backend\\node_modules\\.ipaddr.js-FnRqt5Du',
121 silly reify   'C:\\Users\\Admin\\OneDrive\\Desktop\\GigaFixzipzip\\backend\\node_modules\\is-promise': 'C:\\Users\\Admin\\OneDrive\\Desktop\\GigaFixzipzip\\backend\\node_modules\\.is-promise-egjMLOPT',
121 silly reify   'C:\\Users\\Admin\\OneDrive\\Desktop\\GigaFixzipzip\\backend\\node_modules\\jsonwebtoken': 'C:\\Users\\Admin\\OneDrive\\Desktop\\GigaFixzipzip\\backend\\node_modules\\.jsonwebtoken-ZqhYmc00',
121 silly reify   'C:\\Users\\Admin\\OneDrive\\Desktop\\GigaFixzipzip\\backend\\node_modules\\jwa': 'C:\\Users\\Admin\\OneDrive\\Desktop\\GigaFixzipzip\\backend\\node_modules\\.jwa-VSYhXHXI',
121 silly reify   'C:\\Users\\Admin\\OneDrive\\Desktop\\GigaFixzipzip\\backend\\node_modules\\jws': 'C:\\Users\\Admin\\OneDrive\\Desktop\\GigaFixzipzip\\backend\\node_modules\\.jws-q8dCSsdv',
121 silly reify   'C:\\Users\\Admin\\OneDrive\\Desktop\\GigaFixzipzip\\backend\\node_modules\\lodash': 'C:\\Users\\Admin\\OneDrive\\Desktop\\GigaFixzipzip\\backend\\node_modules\\.lodash-AubBxwKA',
121 silly reify   'C:\\Users\\Admin\\OneDrive\\Desktop\\GigaFixzipzip\\backend\\node_modules\\lodash.includes': 'C:\\Users\\Admin\\OneDrive\\Desktop\\GigaFixzipzip\\backend\\node_modules\\.lodash.includes-jxpLbslE',
121 silly reify   'C:\\Users\\Admin\\OneDrive\\Desktop\\GigaFixzipzip\\backend\\node_modules\\lodash.isboolean': 'C:\\Users\\Admin\\OneDrive\\Desktop\\GigaFixzipzip\\backend\\node_modules\\.lodash.isboolean-gq5E26KP',
121 silly reify   'C:\\Users\\Admin\\OneDrive\\Desktop\\GigaFixzipzip\\backend\\node_modules\\lodash.isinteger': 'C:\\Users\\Admin\\OneDrive\\Desktop\\GigaFixzipzip\\backend\\node_modules\\.lodash.isinteger-2LTV0XVq',
121 silly reify   'C:\\Users\\Admin\\OneDrive\\Desktop\\GigaFixzipzip\\backend\\node_modules\\lodash.isnumber': 'C:\\Users\\Admin\\OneDrive\\Desktop\\GigaFixzipzip\\backend\\node_modules\\.lodash.isnumber-bplf6jEk',
121 silly reify   'C:\\Users\\Admin\\OneDrive\\Desktop\\GigaFixzipzip\\backend\\node_modules\\lodash.isstring': 'C:\\Users\\Admin\\OneDrive\\Desktop\\GigaFixzipzip\\backend\\node_modules\\.lodash.isstring-2AFOhgb0',
121 silly reify   'C:\\Users\\Admin\\OneDrive\\Desktop\\GigaFixzipzip\\backend\\node_modules\\lodash.isplainobject': 'C:\\Users\\Admin\\OneDrive\\Desktop\\GigaFixzipzip\\backend\\node_modules\\.lodash.isplainobject-7x3ONX6C',
121 silly reify   'C:\\Users\\Admin\\OneDrive\\Desktop\\GigaFixzipzip\\backend\\node_modules\\lodash.once': 'C:\\Users\\Admin\\OneDrive\\Desktop\\GigaFixzipzip\\backend\\node_modules\\.lodash.once-5AehnaxN',
121 silly reify   'C:\\Users\\Admin\\OneDrive\\Desktop\\GigaFixzipzip\\backend\\node_modules\\math-intrinsics': 'C:\\Users\\Admin\\OneDrive\\Desktop\\GigaFixzipzip\\backend\\node_modules\\.math-intrinsics-qzxLR2kI',
121 silly reify   'C:\\Users\\Admin\\OneDrive\\Desktop\\GigaFixzipzip\\backend\\node_modules\\media-typer': 'C:\\Users\\Admin\\OneDrive\\Desktop\\GigaFixzipzip\\backend\\node_modules\\.media-typer-9BpLCL7M',
121 silly reify   'C:\\Users\\Admin\\OneDrive\\Desktop\\GigaFixzipzip\\backend\\node_modules\\merge-descriptors': 'C:\\Users\\Admin\\OneDrive\\Desktop\\GigaFixzipzip\\backend\\node_modules\\.merge-descriptors-fS7jrhyH',
121 silly reify   'C:\\Users\\Admin\\OneDrive\\Desktop\\GigaFixzipzip\\backend\\node_modules\\mime-db': 'C:\\Users\\Admin\\OneDrive\\Desktop\\GigaFixzipzip\\backend\\node_modules\\.mime-db-HNI4ONxe',
121 silly reify   'C:\\Users\\Admin\\OneDrive\\Desktop\\GigaFixzipzip\\backend\\node_modules\\mime-types': 'C:\\Users\\Admin\\OneDrive\\Desktop\\GigaFixzipzip\\backend\\node_modules\\.mime-types-RLkkkBy6',
121 silly reify   'C:\\Users\\Admin\\OneDrive\\Desktop\\GigaFixzipzip\\backend\\node_modules\\ms': 'C:\\Users\\Admin\\OneDrive\\Desktop\\GigaFixzipzip\\backend\\node_modules\\.ms-irvfvgb5',
121 silly reify   'C:\\Users\\Admin\\OneDrive\\Desktop\\GigaFixzipzip\\backend\\node_modules\\object-assign': 'C:\\Users\\Admin\\OneDrive\\Desktop\\GigaFixzipzip\\backend\\node_modules\\.object-assign-opL6xjxi',
121 silly reify   'C:\\Users\\Admin\\OneDrive\\Desktop\\GigaFixzipzip\\backend\\node_modules\\negotiator': 'C:\\Users\\Admin\\OneDrive\\Desktop\\GigaFixzipzip\\backend\\node_modules\\.negotiator-hZpdY8wU',
121 silly reify   'C:\\Users\\Admin\\OneDrive\\Desktop\\GigaFixzipzip\\backend\\node_modules\\object-inspect': 'C:\\Users\\Admin\\OneDrive\\Desktop\\GigaFixzipzip\\backend\\node_modules\\.object-inspect-1DJrhuhL',
121 silly reify   'C:\\Users\\Admin\\OneDrive\\Desktop\\GigaFixzipzip\\backend\\node_modules\\on-finished': 'C:\\Users\\Admin\\OneDrive\\Desktop\\GigaFixzipzip\\backend\\node_modules\\.on-finished-ApoyD1cJ',
121 silly reify   'C:\\Users\\Admin\\OneDrive\\Desktop\\GigaFixzipzip\\backend\\node_modules\\once': 'C:\\Users\\Admin\\OneDrive\\Desktop\\GigaFixzipzip\\backend\\node_modules\\.once-DIKWBKfU',
121 silly reify   'C:\\Users\\Admin\\OneDrive\\Desktop\\GigaFixzipzip\\backend\\node_modules\\parseurl': 'C:\\Users\\Admin\\OneDrive\\Desktop\\GigaFixzipzip\\backend\\node_modules\\.parseurl-Zc7cxvSm',
121 silly reify   'C:\\Users\\Admin\\OneDrive\\Desktop\\GigaFixzipzip\\backend\\node_modules\\path-to-regexp': 'C:\\Users\\Admin\\OneDrive\\Desktop\\GigaFixzipzip\\backend\\node_modules\\.path-to-regexp-AXmdIsy8',
121 silly reify   'C:\\Users\\Admin\\OneDrive\\Desktop\\GigaFixzipzip\\backend\\node_modules\\pg': 'C:\\Users\\Admin\\OneDrive\\Desktop\\GigaFixzipzip\\backend\\node_modules\\.pg-pcfwDSCm',
121 silly reify   'C:\\Users\\Admin\\OneDrive\\Desktop\\GigaFixzipzip\\backend\\node_modules\\pg-cloudflare': 'C:\\Users\\Admin\\OneDrive\\Desktop\\GigaFixzipzip\\backend\\node_modules\\.pg-cloudflare-vhD5fA3X',
121 silly reify   'C:\\Users\\Admin\\OneDrive\\Desktop\\GigaFixzipzip\\backend\\node_modules\\pg-connection-string': 'C:\\Users\\Admin\\OneDrive\\Desktop\\GigaFixzipzip\\backend\\node_modules\\.pg-connection-string-dGnQ3pTC',
121 silly reify   'C:\\Users\\Admin\\OneDrive\\Desktop\\GigaFixzipzip\\backend\\node_modules\\pg-int8': 'C:\\Users\\Admin\\OneDrive\\Desktop\\GigaFixzipzip\\backend\\node_modules\\.pg-int8-cluVZjl5',
121 silly reify   'C:\\Users\\Admin\\OneDrive\\Desktop\\GigaFixzipzip\\backend\\node_modules\\pg-pool': 'C:\\Users\\Admin\\OneDrive\\Desktop\\GigaFixzipzip\\backend\\node_modules\\.pg-pool-uH4E3LzO',
121 silly reify   'C:\\Users\\Admin\\OneDrive\\Desktop\\GigaFixzipzip\\backend\\node_modules\\pg-protocol': 'C:\\Users\\Admin\\OneDrive\\Desktop\\GigaFixzipzip\\backend\\node_modules\\.pg-protocol-Vx5PfCbF',
121 silly reify   'C:\\Users\\Admin\\OneDrive\\Desktop\\GigaFixzipzip\\backend\\node_modules\\pg-types': 'C:\\Users\\Admin\\OneDrive\\Desktop\\GigaFixzipzip\\backend\\node_modules\\.pg-types-I5vNYnb0',
121 silly reify   'C:\\Users\\Admin\\OneDrive\\Desktop\\GigaFixzipzip\\backend\\node_modules\\pgpass': 'C:\\Users\\Admin\\OneDrive\\Desktop\\GigaFixzipzip\\backend\\node_modules\\.pgpass-VAbdWfwk',
121 silly reify   'C:\\Users\\Admin\\OneDrive\\Desktop\\GigaFixzipzip\\backend\\node_modules\\postgres-array': 'C:\\Users\\Admin\\OneDrive\\Desktop\\GigaFixzipzip\\backend\\node_modules\\.postgres-array-8gDn9FEa',
121 silly reify   'C:\\Users\\Admin\\OneDrive\\Desktop\\GigaFixzipzip\\backend\\node_modules\\postgres-bytea': 'C:\\Users\\Admin\\OneDrive\\Desktop\\GigaFixzipzip\\backend\\node_modules\\.postgres-bytea-YClUOe2z',
121 silly reify   'C:\\Users\\Admin\\OneDrive\\Desktop\\GigaFixzipzip\\backend\\node_modules\\postgres-date': 'C:\\Users\\Admin\\OneDrive\\Desktop\\GigaFixzipzip\\backend\\node_modules\\.postgres-date-vG2tS4G0',
121 silly reify   'C:\\Users\\Admin\\OneDrive\\Desktop\\GigaFixzipzip\\backend\\node_modules\\proxy-addr': 'C:\\Users\\Admin\\OneDrive\\Desktop\\GigaFixzipzip\\backend\\node_modules\\.proxy-addr-6Vdgs3yT',
121 silly reify   'C:\\Users\\Admin\\OneDrive\\Desktop\\GigaFixzipzip\\backend\\node_modules\\postgres-interval': 'C:\\Users\\Admin\\OneDrive\\Desktop\\GigaFixzipzip\\backend\\node_modules\\.postgres-interval-MghL3mFX',
121 silly reify   'C:\\Users\\Admin\\OneDrive\\Desktop\\GigaFixzipzip\\backend\\node_modules\\qs': 'C:\\Users\\Admin\\OneDrive\\Desktop\\GigaFixzipzip\\backend\\node_modules\\.qs-sz3VvBIr',
121 silly reify   'C:\\Users\\Admin\\OneDrive\\Desktop\\GigaFixzipzip\\backend\\node_modules\\raw-body': 'C:\\Users\\Admin\\OneDrive\\Desktop\\GigaFixzipzip\\backend\\node_modules\\.raw-body-V2mAU2od',
121 silly reify   'C:\\Users\\Admin\\OneDrive\\Desktop\\GigaFixzipzip\\backend\\node_modules\\router': 'C:\\Users\\Admin\\OneDrive\\Desktop\\GigaFixzipzip\\backend\\node_modules\\.router-7TuMGssZ',
121 silly reify   'C:\\Users\\Admin\\OneDrive\\Desktop\\GigaFixzipzip\\backend\\node_modules\\range-parser': 'C:\\Users\\Admin\\OneDrive\\Desktop\\GigaFixzipzip\\backend\\node_modules\\.range-parser-K0s8s6kk',
121 silly reify   'C:\\Users\\Admin\\OneDrive\\Desktop\\GigaFixzipzip\\backend\\node_modules\\safe-buffer': 'C:\\Users\\Admin\\OneDrive\\Desktop\\GigaFixzipzip\\backend\\node_modules\\.safe-buffer-26WLAVhv',
121 silly reify   'C:\\Users\\Admin\\OneDrive\\Desktop\\GigaFixzipzip\\backend\\node_modules\\semver': 'C:\\Users\\Admin\\OneDrive\\Desktop\\GigaFixzipzip\\backend\\node_modules\\.semver-PhH2Ew4p',
121 silly reify   'C:\\Users\\Admin\\OneDrive\\Desktop\\GigaFixzipzip\\backend\\node_modules\\safer-buffer': 'C:\\Users\\Admin\\OneDrive\\Desktop\\GigaFixzipzip\\backend\\node_modules\\.safer-buffer-iVTjnuAx',
121 silly reify   'C:\\Users\\Admin\\OneDrive\\Desktop\\GigaFixzipzip\\backend\\node_modules\\send': 'C:\\Users\\Admin\\OneDrive\\Desktop\\GigaFixzipzip\\backend\\node_modules\\.send-vhlkbJrz',
121 silly reify   'C:\\Users\\Admin\\OneDrive\\Desktop\\GigaFixzipzip\\backend\\node_modules\\setprototypeof': 'C:\\Users\\Admin\\OneDrive\\Desktop\\GigaFixzipzip\\backend\\node_modules\\.setprototypeof-l6I9x2tI',
121 silly reify   'C:\\Users\\Admin\\OneDrive\\Desktop\\GigaFixzipzip\\backend\\node_modules\\side-channel': 'C:\\Users\\Admin\\OneDrive\\Desktop\\GigaFixzipzip\\backend\\node_modules\\.side-channel-vbQaIx2S',
121 silly reify   'C:\\Users\\Admin\\OneDrive\\Desktop\\GigaFixzipzip\\backend\\node_modules\\serve-static': 'C:\\Users\\Admin\\OneDrive\\Desktop\\GigaFixzipzip\\backend\\node_modules\\.serve-static-9Efhxnt8',
121 silly reify   'C:\\Users\\Admin\\OneDrive\\Desktop\\GigaFixzipzip\\backend\\node_modules\\side-channel-list': 'C:\\Users\\Admin\\OneDrive\\Desktop\\GigaFixzipzip\\backend\\node_modules\\.side-channel-list-VRvlNo4X',
121 silly reify   'C:\\Users\\Admin\\OneDrive\\Desktop\\GigaFixzipzip\\backend\\node_modules\\side-channel-map': 'C:\\Users\\Admin\\OneDrive\\Desktop\\GigaFixzipzip\\backend\\node_modules\\.side-channel-map-KIVjNbeU',
121 silly reify   'C:\\Users\\Admin\\OneDrive\\Desktop\\GigaFixzipzip\\backend\\node_modules\\side-channel-weakmap': 'C:\\Users\\Admin\\OneDrive\\Desktop\\GigaFixzipzip\\backend\\node_modules\\.side-channel-weakmap-JaJ96BKO',
121 silly reify   'C:\\Users\\Admin\\OneDrive\\Desktop\\GigaFixzipzip\\backend\\node_modules\\split2': 'C:\\Users\\Admin\\OneDrive\\Desktop\\GigaFixzipzip\\backend\\node_modules\\.split2-MP5G4RPp',
121 silly reify   'C:\\Users\\Admin\\OneDrive\\Desktop\\GigaFixzipzip\\backend\\node_modules\\statuses': 'C:\\Users\\Admin\\OneDrive\\Desktop\\GigaFixzipzip\\backend\\node_modules\\.statuses-HdKCk8LD',
121 silly reify   'C:\\Users\\Admin\\OneDrive\\Desktop\\GigaFixzipzip\\backend\\node_modules\\type-is': 'C:\\Users\\Admin\\OneDrive\\Desktop\\GigaFixzipzip\\backend\\node_modules\\.type-is-rlvDr9T6',
121 silly reify   'C:\\Users\\Admin\\OneDrive\\Desktop\\GigaFixzipzip\\backend\\node_modules\\unpipe': 'C:\\Users\\Admin\\OneDrive\\Desktop\\GigaFixzipzip\\backend\\node_modules\\.unpipe-JiFOBf5O',
121 silly reify   'C:\\Users\\Admin\\OneDrive\\Desktop\\GigaFixzipzip\\backend\\node_modules\\toidentifier': 'C:\\Users\\Admin\\OneDrive\\Desktop\\GigaFixzipzip\\backend\\node_modules\\.toidentifier-cmOVHDRD',
121 silly reify   'C:\\Users\\Admin\\OneDrive\\Desktop\\GigaFixzipzip\\backend\\node_modules\\validator': 'C:\\Users\\Admin\\OneDrive\\Desktop\\GigaFixzipzip\\backend\\node_modules\\.validator-SN3WlaAx',
121 silly reify   'C:\\Users\\Admin\\OneDrive\\Desktop\\GigaFixzipzip\\backend\\node_modules\\vary': 'C:\\Users\\Admin\\OneDrive\\Desktop\\GigaFixzipzip\\backend\\node_modules\\.vary-nro141Of',
121 silly reify   'C:\\Users\\Admin\\OneDrive\\Desktop\\GigaFixzipzip\\backend\\node_modules\\xtend': 'C:\\Users\\Admin\\OneDrive\\Desktop\\GigaFixzipzip\\backend\\node_modules\\.xtend-V6mXBdZ2',
121 silly reify   'C:\\Users\\Admin\\OneDrive\\Desktop\\GigaFixzipzip\\backend\\node_modules\\wrappy': 'C:\\Users\\Admin\\OneDrive\\Desktop\\GigaFixzipzip\\backend\\node_modules\\.wrappy-m0V7uJXe'
121 silly reify }
122 http cache dotenv@https://registry.npmjs.org/dotenv/-/dotenv-17.4.2.tgz 1ms (cache hit)
123 http cache xtend@http://package-firewall.replit.local/npm/xtend/-/xtend-4.0.2.tgz 0ms (cache hit)
124 http cache wrappy@http://package-firewall.replit.local/npm/wrappy/-/wrappy-1.0.2.tgz 0ms (cache hit)
125 http cache vary@http://package-firewall.replit.local/npm/vary/-/vary-1.1.2.tgz 0ms (cache hit)
126 http cache validator@http://package-firewall.replit.local/npm/validator/-/validator-13.15.35.tgz 0ms (cache hit)
127 http cache toidentifier@http://package-firewall.replit.local/npm/toidentifier/-/toidentifier-1.0.1.tgz 0ms (cache hit)
128 http cache unpipe@http://package-firewall.replit.local/npm/unpipe/-/unpipe-1.0.0.tgz 0ms (cache hit)
129 http cache type-is@http://package-firewall.replit.local/npm/type-is/-/type-is-2.1.0.tgz 0ms (cache hit)
130 http cache statuses@http://package-firewall.replit.local/npm/statuses/-/statuses-2.0.2.tgz 0ms (cache hit)
131 http cache side-channel-weakmap@http://package-firewall.replit.local/npm/side-channel-weakmap/-/side-channel-weakmap-1.0.2.tgz 0ms (cache hit)
132 http cache side-channel-map@http://package-firewall.replit.local/npm/side-channel-map/-/side-channel-map-1.0.1.tgz 0ms (cache hit)
133 http cache side-channel-list@http://package-firewall.replit.local/npm/side-channel-list/-/side-channel-list-1.0.1.tgz 1ms (cache hit)
134 http cache side-channel@http://package-firewall.replit.local/npm/side-channel/-/side-channel-1.1.1.tgz 0ms (cache hit)
135 http cache serve-static@http://package-firewall.replit.local/npm/serve-static/-/serve-static-2.2.1.tgz 0ms (cache hit)
136 http cache setprototypeof@http://package-firewall.replit.local/npm/setprototypeof/-/setprototypeof-1.2.0.tgz 1ms (cache hit)
137 http cache split2@http://package-firewall.replit.local/npm/split2/-/split2-4.2.0.tgz 0ms (cache hit)
138 http cache safer-buffer@http://package-firewall.replit.local/npm/safer-buffer/-/safer-buffer-2.1.2.tgz 0ms (cache hit)
139 http cache send@http://package-firewall.replit.local/npm/send/-/send-1.2.1.tgz 0ms (cache hit)
140 http cache range-parser@http://package-firewall.replit.local/npm/range-parser/-/range-parser-1.2.1.tgz 0ms (cache hit)
141 http cache safe-buffer@http://package-firewall.replit.local/npm/safe-buffer/-/safe-buffer-5.2.1.tgz 0ms (cache hit)
142 http cache router@http://package-firewall.replit.local/npm/router/-/router-2.2.0.tgz 0ms (cache hit)
143 http cache raw-body@http://package-firewall.replit.local/npm/raw-body/-/raw-body-3.0.2.tgz 0ms (cache hit)
144 http cache qs@http://package-firewall.replit.local/npm/qs/-/qs-6.15.2.tgz 0ms (cache hit)
145 http cache postgres-date@http://package-firewall.replit.local/npm/postgres-date/-/postgres-date-1.0.7.tgz 0ms (cache hit)
146 http cache postgres-bytea@http://package-firewall.replit.local/npm/postgres-bytea/-/postgres-bytea-1.0.1.tgz 1ms (cache hit)
147 http cache postgres-interval@http://package-firewall.replit.local/npm/postgres-interval/-/postgres-interval-1.2.0.tgz 0ms (cache hit)
148 http cache proxy-addr@http://package-firewall.replit.local/npm/proxy-addr/-/proxy-addr-2.0.7.tgz 1ms (cache hit)
149 http cache pgpass@http://package-firewall.replit.local/npm/pgpass/-/pgpass-1.0.5.tgz 0ms (cache hit)
150 http cache semver@http://package-firewall.replit.local/npm/semver/-/semver-7.8.4.tgz 0ms (cache hit)
151 http cache postgres-array@http://package-firewall.replit.local/npm/postgres-array/-/postgres-array-2.0.0.tgz 0ms (cache hit)
152 http cache pg-types@http://package-firewall.replit.local/npm/pg-types/-/pg-types-2.2.0.tgz 0ms (cache hit)
153 http cache pg-protocol@http://package-firewall.replit.local/npm/pg-protocol/-/pg-protocol-1.14.0.tgz 0ms (cache hit)
154 http cache pg-pool@http://package-firewall.replit.local/npm/pg-pool/-/pg-pool-3.14.0.tgz 0ms (cache hit)
155 http cache pg-int8@http://package-firewall.replit.local/npm/pg-int8/-/pg-int8-1.0.1.tgz 0ms (cache hit)
156 http cache pg-connection-string@http://package-firewall.replit.local/npm/pg-connection-string/-/pg-connection-string-2.13.0.tgz 0ms (cache hit)
157 http cache pg-cloudflare@http://package-firewall.replit.local/npm/pg-cloudflare/-/pg-cloudflare-1.4.0.tgz 0ms (cache hit)
158 http cache pg@http://package-firewall.replit.local/npm/pg/-/pg-8.21.0.tgz 0ms (cache hit)
159 http cache parseurl@http://package-firewall.replit.local/npm/parseurl/-/parseurl-1.3.3.tgz 0ms (cache hit)
160 http cache on-finished@http://package-firewall.replit.local/npm/on-finished/-/on-finished-2.4.1.tgz 0ms (cache hit)
161 http cache once@http://package-firewall.replit.local/npm/once/-/once-1.4.0.tgz 0ms (cache hit)
162 http cache negotiator@http://package-firewall.replit.local/npm/negotiator/-/negotiator-1.0.0.tgz 0ms (cache hit)
163 http cache object-assign@http://package-firewall.replit.local/npm/object-assign/-/object-assign-4.1.1.tgz 0ms (cache hit)
164 http cache object-inspect@http://package-firewall.replit.local/npm/object-inspect/-/object-inspect-1.13.4.tgz 0ms (cache hit)
165 http cache ms@http://package-firewall.replit.local/npm/ms/-/ms-2.1.3.tgz 0ms (cache hit)
166 http cache mime-types@http://package-firewall.replit.local/npm/mime-types/-/mime-types-3.0.2.tgz 0ms (cache hit)
167 http cache mime-db@http://package-firewall.replit.local/npm/mime-db/-/mime-db-1.54.0.tgz 0ms (cache hit)
168 http cache merge-descriptors@http://package-firewall.replit.local/npm/merge-descriptors/-/merge-descriptors-2.0.0.tgz 0ms (cache hit)
169 http cache media-typer@http://package-firewall.replit.local/npm/media-typer/-/media-typer-1.1.0.tgz 0ms (cache hit)
170 http cache math-intrinsics@http://package-firewall.replit.local/npm/math-intrinsics/-/math-intrinsics-1.1.0.tgz 0ms (cache hit)
171 http cache lodash.isplainobject@http://package-firewall.replit.local/npm/lodash.isplainobject/-/lodash.isplainobject-4.0.6.tgz 0ms (cache hit)
172 http cache lodash.once@http://package-firewall.replit.local/npm/lodash.once/-/lodash.once-4.1.1.tgz 0ms (cache hit)
173 http cache lodash.isstring@http://package-firewall.replit.local/npm/lodash.isstring/-/lodash.isstring-4.0.1.tgz 0ms (cache hit)
174 http cache lodash.isinteger@http://package-firewall.replit.local/npm/lodash.isinteger/-/lodash.isinteger-4.0.4.tgz 0ms (cache hit)
175 http cache lodash.isboolean@http://package-firewall.replit.local/npm/lodash.isboolean/-/lodash.isboolean-3.0.3.tgz 0ms (cache hit)
176 http cache lodash.isnumber@http://package-firewall.replit.local/npm/lodash.isnumber/-/lodash.isnumber-3.0.3.tgz 0ms (cache hit)
177 http cache path-to-regexp@http://package-firewall.replit.local/npm/path-to-regexp/-/path-to-regexp-8.4.2.tgz 0ms (cache hit)
178 http cache lodash@http://package-firewall.replit.local/npm/lodash/-/lodash-4.18.1.tgz 0ms (cache hit)
179 http cache jws@http://package-firewall.replit.local/npm/jws/-/jws-4.0.1.tgz 0ms (cache hit)
180 http cache lodash.includes@http://package-firewall.replit.local/npm/lodash.includes/-/lodash.includes-4.3.0.tgz 0ms (cache hit)
181 http cache jwa@http://package-firewall.replit.local/npm/jwa/-/jwa-2.0.1.tgz 0ms (cache hit)
182 http cache jsonwebtoken@http://package-firewall.replit.local/npm/jsonwebtoken/-/jsonwebtoken-9.0.3.tgz 0ms (cache hit)
183 http cache is-promise@http://package-firewall.replit.local/npm/is-promise/-/is-promise-4.0.0.tgz 0ms (cache hit)
184 http cache ipaddr.js@http://package-firewall.replit.local/npm/ipaddr.js/-/ipaddr.js-1.9.1.tgz 0ms (cache hit)
185 http cache iconv-lite@http://package-firewall.replit.local/npm/iconv-lite/-/iconv-lite-0.7.2.tgz 0ms (cache hit)
186 http cache helmet@http://package-firewall.replit.local/npm/helmet/-/helmet-8.2.0.tgz 0ms (cache hit)
187 http cache http-errors@http://package-firewall.replit.local/npm/http-errors/-/http-errors-2.0.1.tgz 0ms (cache hit)
188 http cache hasown@http://package-firewall.replit.local/npm/hasown/-/hasown-2.0.4.tgz 0ms (cache hit)
189 http cache gopd@http://package-firewall.replit.local/npm/gopd/-/gopd-1.2.0.tgz 0ms (cache hit)
190 http cache has-symbols@http://package-firewall.replit.local/npm/has-symbols/-/has-symbols-1.1.0.tgz 0ms (cache hit)
191 http cache get-proto@http://package-firewall.replit.local/npm/get-proto/-/get-proto-1.0.1.tgz 0ms (cache hit)
192 http cache get-intrinsic@http://package-firewall.replit.local/npm/get-intrinsic/-/get-intrinsic-1.3.0.tgz 0ms (cache hit)
193 http cache fresh@http://package-firewall.replit.local/npm/fresh/-/fresh-2.0.0.tgz 0ms (cache hit)
194 http cache forwarded@http://package-firewall.replit.local/npm/forwarded/-/forwarded-0.2.0.tgz 0ms (cache hit)
195 http cache express-validator@http://package-firewall.replit.local/npm/express-validator/-/express-validator-7.3.2.tgz 0ms (cache hit)
196 http cache function-bind@http://package-firewall.replit.local/npm/function-bind/-/function-bind-1.1.2.tgz 0ms (cache hit)
197 http cache express-rate-limit@http://package-firewall.replit.local/npm/express-rate-limit/-/express-rate-limit-7.5.1.tgz 0ms (cache hit)
198 http cache finalhandler@http://package-firewall.replit.local/npm/finalhandler/-/finalhandler-2.1.1.tgz 0ms (cache hit)
199 http cache express@http://package-firewall.replit.local/npm/express/-/express-5.2.1.tgz 0ms (cache hit)
200 http cache etag@http://package-firewall.replit.local/npm/etag/-/etag-1.8.1.tgz 0ms (cache hit)
201 http cache escape-html@http://package-firewall.replit.local/npm/escape-html/-/escape-html-1.0.3.tgz 0ms (cache hit)
202 http cache es-object-atoms@http://package-firewall.replit.local/npm/es-object-atoms/-/es-object-atoms-1.1.2.tgz 0ms (cache hit)
203 http cache es-define-property@http://package-firewall.replit.local/npm/es-define-property/-/es-define-property-1.0.1.tgz 0ms (cache hit)
204 http cache es-errors@http://package-firewall.replit.local/npm/es-errors/-/es-errors-1.3.0.tgz 0ms (cache hit)
205 http cache encodeurl@http://package-firewall.replit.local/npm/encodeurl/-/encodeurl-2.0.0.tgz 0ms (cache hit)
206 http cache ee-first@http://package-firewall.replit.local/npm/ee-first/-/ee-first-1.1.1.tgz 0ms (cache hit)
207 http cache debug@http://package-firewall.replit.local/npm/debug/-/debug-4.4.3.tgz 1ms (cache hit)
208 http cache ecdsa-sig-formatter@http://package-firewall.replit.local/npm/ecdsa-sig-formatter/-/ecdsa-sig-formatter-1.0.11.tgz 0ms (cache hit)
209 http cache dunder-proto@http://package-firewall.replit.local/npm/dunder-proto/-/dunder-proto-1.0.1.tgz 0ms (cache hit)
210 http cache depd@http://package-firewall.replit.local/npm/depd/-/depd-2.0.0.tgz 0ms (cache hit)
211 http cache cors@http://package-firewall.replit.local/npm/cors/-/cors-2.8.6.tgz 0ms (cache hit)
212 http cache content-type@http://package-firewall.replit.local/npm/content-type/-/content-type-1.0.5.tgz 0ms (cache hit)
213 http cache cookie@http://package-firewall.replit.local/npm/cookie/-/cookie-0.7.2.tgz 0ms (cache hit)
214 http cache inherits@http://package-firewall.replit.local/npm/inherits/-/inherits-2.0.4.tgz 0ms (cache hit)
215 http cache call-bound@http://package-firewall.replit.local/npm/call-bound/-/call-bound-1.0.4.tgz 0ms (cache hit)
216 http cache content-disposition@http://package-firewall.replit.local/npm/content-disposition/-/content-disposition-1.1.0.tgz 0ms (cache hit)
217 http cache buffer-equal-constant-time@http://package-firewall.replit.local/npm/buffer-equal-constant-time/-/buffer-equal-constant-time-1.0.1.tgz 0ms (cache hit)
218 http cache call-bind-apply-helpers@http://package-firewall.replit.local/npm/call-bind-apply-helpers/-/call-bind-apply-helpers-1.0.2.tgz 0ms (cache hit)
219 http cache cookie-signature@http://package-firewall.replit.local/npm/cookie-signature/-/cookie-signature-1.2.2.tgz 0ms (cache hit)
220 http cache bytes@http://package-firewall.replit.local/npm/bytes/-/bytes-3.1.2.tgz 0ms (cache hit)
221 http cache accepts@http://package-firewall.replit.local/npm/accepts/-/accepts-2.0.0.tgz 0ms (cache hit)
222 http cache body-parser@http://package-firewall.replit.local/npm/body-parser/-/body-parser-2.3.0.tgz 0ms (cache hit)
223 http cache content-type@http://package-firewall.replit.local/npm/content-type/-/content-type-2.0.0.tgz 0ms (cache hit)
224 silly tarball no local data for dotenv@https://registry.npmjs.org/dotenv/-/dotenv-17.4.2.tgz. Extracting by manifest.
225 http cache bcryptjs@http://package-firewall.replit.local/npm/bcryptjs/-/bcryptjs-3.0.3.tgz 0ms (cache hit)
226 silly tarball no local data for xtend@http://package-firewall.replit.local/npm/xtend/-/xtend-4.0.2.tgz. Extracting by manifest.
227 silly tarball no local data for wrappy@http://package-firewall.replit.local/npm/wrappy/-/wrappy-1.0.2.tgz. Extracting by manifest.
228 silly tarball no local data for vary@http://package-firewall.replit.local/npm/vary/-/vary-1.1.2.tgz. Extracting by manifest.
229 silly tarball no local data for validator@http://package-firewall.replit.local/npm/validator/-/validator-13.15.35.tgz. Extracting by manifest.
230 silly tarball no local data for toidentifier@http://package-firewall.replit.local/npm/toidentifier/-/toidentifier-1.0.1.tgz. Extracting by manifest.
231 silly tarball no local data for unpipe@http://package-firewall.replit.local/npm/unpipe/-/unpipe-1.0.0.tgz. Extracting by manifest.
232 silly tarball no local data for type-is@http://package-firewall.replit.local/npm/type-is/-/type-is-2.1.0.tgz. Extracting by manifest.
233 silly tarball no local data for statuses@http://package-firewall.replit.local/npm/statuses/-/statuses-2.0.2.tgz. Extracting by manifest.
234 http cache content-type@http://package-firewall.replit.local/npm/content-type/-/content-type-2.0.0.tgz 0ms (cache hit)
235 silly tarball no local data for side-channel-weakmap@http://package-firewall.replit.local/npm/side-channel-weakmap/-/side-channel-weakmap-1.0.2.tgz. Extracting by manifest.
236 silly tarball no local data for side-channel-map@http://package-firewall.replit.local/npm/side-channel-map/-/side-channel-map-1.0.1.tgz. Extracting by manifest.
237 silly tarball no local data for side-channel-list@http://package-firewall.replit.local/npm/side-channel-list/-/side-channel-list-1.0.1.tgz. Extracting by manifest.
238 silly tarball no local data for side-channel@http://package-firewall.replit.local/npm/side-channel/-/side-channel-1.1.1.tgz. Extracting by manifest.
239 silly tarball no local data for serve-static@http://package-firewall.replit.local/npm/serve-static/-/serve-static-2.2.1.tgz. Extracting by manifest.
240 silly tarball no local data for setprototypeof@http://package-firewall.replit.local/npm/setprototypeof/-/setprototypeof-1.2.0.tgz. Extracting by manifest.
241 silly tarball no local data for split2@http://package-firewall.replit.local/npm/split2/-/split2-4.2.0.tgz. Extracting by manifest.
242 silly tarball no local data for safer-buffer@http://package-firewall.replit.local/npm/safer-buffer/-/safer-buffer-2.1.2.tgz. Extracting by manifest.
243 silly tarball no local data for send@http://package-firewall.replit.local/npm/send/-/send-1.2.1.tgz. Extracting by manifest.
244 silly tarball no local data for range-parser@http://package-firewall.replit.local/npm/range-parser/-/range-parser-1.2.1.tgz. Extracting by manifest.
245 silly tarball no local data for safe-buffer@http://package-firewall.replit.local/npm/safe-buffer/-/safe-buffer-5.2.1.tgz. Extracting by manifest.
246 silly tarball no local data for router@http://package-firewall.replit.local/npm/router/-/router-2.2.0.tgz. Extracting by manifest.
247 silly tarball no local data for raw-body@http://package-firewall.replit.local/npm/raw-body/-/raw-body-3.0.2.tgz. Extracting by manifest.
248 silly tarball no local data for qs@http://package-firewall.replit.local/npm/qs/-/qs-6.15.2.tgz. Extracting by manifest.
249 silly tarball no local data for postgres-date@http://package-firewall.replit.local/npm/postgres-date/-/postgres-date-1.0.7.tgz. Extracting by manifest.
250 silly tarball no local data for postgres-bytea@http://package-firewall.replit.local/npm/postgres-bytea/-/postgres-bytea-1.0.1.tgz. Extracting by manifest.
251 silly tarball no local data for postgres-interval@http://package-firewall.replit.local/npm/postgres-interval/-/postgres-interval-1.2.0.tgz. Extracting by manifest.
252 silly tarball no local data for proxy-addr@http://package-firewall.replit.local/npm/proxy-addr/-/proxy-addr-2.0.7.tgz. Extracting by manifest.
253 silly tarball no local data for pgpass@http://package-firewall.replit.local/npm/pgpass/-/pgpass-1.0.5.tgz. Extracting by manifest.
254 silly tarball no local data for semver@http://package-firewall.replit.local/npm/semver/-/semver-7.8.4.tgz. Extracting by manifest.
255 silly tarball no local data for postgres-array@http://package-firewall.replit.local/npm/postgres-array/-/postgres-array-2.0.0.tgz. Extracting by manifest.
256 silly tarball no local data for pg-types@http://package-firewall.replit.local/npm/pg-types/-/pg-types-2.2.0.tgz. Extracting by manifest.
257 silly tarball no local data for pg-protocol@http://package-firewall.replit.local/npm/pg-protocol/-/pg-protocol-1.14.0.tgz. Extracting by manifest.
258 silly tarball no local data for pg-pool@http://package-firewall.replit.local/npm/pg-pool/-/pg-pool-3.14.0.tgz. Extracting by manifest.
259 silly tarball no local data for pg-int8@http://package-firewall.replit.local/npm/pg-int8/-/pg-int8-1.0.1.tgz. Extracting by manifest.
260 silly tarball no local data for pg-connection-string@http://package-firewall.replit.local/npm/pg-connection-string/-/pg-connection-string-2.13.0.tgz. Extracting by manifest.
261 silly tarball no local data for pg-cloudflare@http://package-firewall.replit.local/npm/pg-cloudflare/-/pg-cloudflare-1.4.0.tgz. Extracting by manifest.
262 silly tarball no local data for pg@http://package-firewall.replit.local/npm/pg/-/pg-8.21.0.tgz. Extracting by manifest.
263 silly tarball no local data for parseurl@http://package-firewall.replit.local/npm/parseurl/-/parseurl-1.3.3.tgz. Extracting by manifest.
264 silly tarball no local data for on-finished@http://package-firewall.replit.local/npm/on-finished/-/on-finished-2.4.1.tgz. Extracting by manifest.
265 silly tarball no local data for once@http://package-firewall.replit.local/npm/once/-/once-1.4.0.tgz. Extracting by manifest.
266 silly tarball no local data for negotiator@http://package-firewall.replit.local/npm/negotiator/-/negotiator-1.0.0.tgz. Extracting by manifest.
267 silly tarball no local data for object-assign@http://package-firewall.replit.local/npm/object-assign/-/object-assign-4.1.1.tgz. Extracting by manifest.
268 silly tarball no local data for object-inspect@http://package-firewall.replit.local/npm/object-inspect/-/object-inspect-1.13.4.tgz. Extracting by manifest.
269 silly tarball no local data for ms@http://package-firewall.replit.local/npm/ms/-/ms-2.1.3.tgz. Extracting by manifest.
270 silly tarball no local data for mime-types@http://package-firewall.replit.local/npm/mime-types/-/mime-types-3.0.2.tgz. Extracting by manifest.
271 silly tarball no local data for mime-db@http://package-firewall.replit.local/npm/mime-db/-/mime-db-1.54.0.tgz. Extracting by manifest.
272 silly tarball no local data for merge-descriptors@http://package-firewall.replit.local/npm/merge-descriptors/-/merge-descriptors-2.0.0.tgz. Extracting by manifest.
273 silly tarball no local data for media-typer@http://package-firewall.replit.local/npm/media-typer/-/media-typer-1.1.0.tgz. Extracting by manifest.
274 silly tarball no local data for math-intrinsics@http://package-firewall.replit.local/npm/math-intrinsics/-/math-intrinsics-1.1.0.tgz. Extracting by manifest.
275 silly tarball no local data for lodash.isplainobject@http://package-firewall.replit.local/npm/lodash.isplainobject/-/lodash.isplainobject-4.0.6.tgz. Extracting by manifest.
276 silly tarball no local data for lodash.once@http://package-firewall.replit.local/npm/lodash.once/-/lodash.once-4.1.1.tgz. Extracting by manifest.
277 silly tarball no local data for lodash.isstring@http://package-firewall.replit.local/npm/lodash.isstring/-/lodash.isstring-4.0.1.tgz. Extracting by manifest.
278 silly tarball no local data for lodash.isinteger@http://package-firewall.replit.local/npm/lodash.isinteger/-/lodash.isinteger-4.0.4.tgz. Extracting by manifest.
279 silly tarball no local data for lodash.isboolean@http://package-firewall.replit.local/npm/lodash.isboolean/-/lodash.isboolean-3.0.3.tgz. Extracting by manifest.
280 silly tarball no local data for lodash.isnumber@http://package-firewall.replit.local/npm/lodash.isnumber/-/lodash.isnumber-3.0.3.tgz. Extracting by manifest.
281 silly tarball no local data for path-to-regexp@http://package-firewall.replit.local/npm/path-to-regexp/-/path-to-regexp-8.4.2.tgz. Extracting by manifest.
282 silly tarball no local data for lodash@http://package-firewall.replit.local/npm/lodash/-/lodash-4.18.1.tgz. Extracting by manifest.
283 silly tarball no local data for jws@http://package-firewall.replit.local/npm/jws/-/jws-4.0.1.tgz. Extracting by manifest.
284 silly tarball no local data for lodash.includes@http://package-firewall.replit.local/npm/lodash.includes/-/lodash.includes-4.3.0.tgz. Extracting by manifest.
285 silly tarball no local data for jwa@http://package-firewall.replit.local/npm/jwa/-/jwa-2.0.1.tgz. Extracting by manifest.
286 silly tarball no local data for jsonwebtoken@http://package-firewall.replit.local/npm/jsonwebtoken/-/jsonwebtoken-9.0.3.tgz. Extracting by manifest.
287 silly tarball no local data for is-promise@http://package-firewall.replit.local/npm/is-promise/-/is-promise-4.0.0.tgz. Extracting by manifest.
288 silly tarball no local data for ipaddr.js@http://package-firewall.replit.local/npm/ipaddr.js/-/ipaddr.js-1.9.1.tgz. Extracting by manifest.
289 silly tarball no local data for iconv-lite@http://package-firewall.replit.local/npm/iconv-lite/-/iconv-lite-0.7.2.tgz. Extracting by manifest.
290 silly tarball no local data for helmet@http://package-firewall.replit.local/npm/helmet/-/helmet-8.2.0.tgz. Extracting by manifest.
291 silly tarball no local data for http-errors@http://package-firewall.replit.local/npm/http-errors/-/http-errors-2.0.1.tgz. Extracting by manifest.
292 silly tarball no local data for hasown@http://package-firewall.replit.local/npm/hasown/-/hasown-2.0.4.tgz. Extracting by manifest.
293 silly tarball no local data for gopd@http://package-firewall.replit.local/npm/gopd/-/gopd-1.2.0.tgz. Extracting by manifest.
294 silly tarball no local data for has-symbols@http://package-firewall.replit.local/npm/has-symbols/-/has-symbols-1.1.0.tgz. Extracting by manifest.
295 silly tarball no local data for get-proto@http://package-firewall.replit.local/npm/get-proto/-/get-proto-1.0.1.tgz. Extracting by manifest.
296 silly tarball no local data for get-intrinsic@http://package-firewall.replit.local/npm/get-intrinsic/-/get-intrinsic-1.3.0.tgz. Extracting by manifest.
297 silly tarball no local data for fresh@http://package-firewall.replit.local/npm/fresh/-/fresh-2.0.0.tgz. Extracting by manifest.
298 silly tarball no local data for forwarded@http://package-firewall.replit.local/npm/forwarded/-/forwarded-0.2.0.tgz. Extracting by manifest.
299 silly tarball no local data for express-validator@http://package-firewall.replit.local/npm/express-validator/-/express-validator-7.3.2.tgz. Extracting by manifest.
300 silly tarball no local data for function-bind@http://package-firewall.replit.local/npm/function-bind/-/function-bind-1.1.2.tgz. Extracting by manifest.
301 silly tarball no local data for express-rate-limit@http://package-firewall.replit.local/npm/express-rate-limit/-/express-rate-limit-7.5.1.tgz. Extracting by manifest.
302 silly tarball no local data for finalhandler@http://package-firewall.replit.local/npm/finalhandler/-/finalhandler-2.1.1.tgz. Extracting by manifest.
303 silly tarball no local data for express@http://package-firewall.replit.local/npm/express/-/express-5.2.1.tgz. Extracting by manifest.
304 silly tarball no local data for etag@http://package-firewall.replit.local/npm/etag/-/etag-1.8.1.tgz. Extracting by manifest.
305 silly tarball no local data for escape-html@http://package-firewall.replit.local/npm/escape-html/-/escape-html-1.0.3.tgz. Extracting by manifest.
306 silly tarball no local data for es-object-atoms@http://package-firewall.replit.local/npm/es-object-atoms/-/es-object-atoms-1.1.2.tgz. Extracting by manifest.
307 silly tarball no local data for es-define-property@http://package-firewall.replit.local/npm/es-define-property/-/es-define-property-1.0.1.tgz. Extracting by manifest.
308 silly tarball no local data for es-errors@http://package-firewall.replit.local/npm/es-errors/-/es-errors-1.3.0.tgz. Extracting by manifest.
309 silly tarball no local data for encodeurl@http://package-firewall.replit.local/npm/encodeurl/-/encodeurl-2.0.0.tgz. Extracting by manifest.
310 silly tarball no local data for ee-first@http://package-firewall.replit.local/npm/ee-first/-/ee-first-1.1.1.tgz. Extracting by manifest.
311 silly tarball no local data for debug@http://package-firewall.replit.local/npm/debug/-/debug-4.4.3.tgz. Extracting by manifest.
312 silly tarball no local data for ecdsa-sig-formatter@http://package-firewall.replit.local/npm/ecdsa-sig-formatter/-/ecdsa-sig-formatter-1.0.11.tgz. Extracting by manifest.
313 silly tarball no local data for dunder-proto@http://package-firewall.replit.local/npm/dunder-proto/-/dunder-proto-1.0.1.tgz. Extracting by manifest.
314 silly tarball no local data for depd@http://package-firewall.replit.local/npm/depd/-/depd-2.0.0.tgz. Extracting by manifest.
315 silly tarball no local data for cors@http://package-firewall.replit.local/npm/cors/-/cors-2.8.6.tgz. Extracting by manifest.
316 silly tarball no local data for content-type@http://package-firewall.replit.local/npm/content-type/-/content-type-1.0.5.tgz. Extracting by manifest.
317 silly tarball no local data for cookie@http://package-firewall.replit.local/npm/cookie/-/cookie-0.7.2.tgz. Extracting by manifest.
318 silly tarball no local data for inherits@http://package-firewall.replit.local/npm/inherits/-/inherits-2.0.4.tgz. Extracting by manifest.
319 silly tarball no local data for call-bound@http://package-firewall.replit.local/npm/call-bound/-/call-bound-1.0.4.tgz. Extracting by manifest.
320 silly tarball no local data for content-disposition@http://package-firewall.replit.local/npm/content-disposition/-/content-disposition-1.1.0.tgz. Extracting by manifest.
321 silly tarball no local data for buffer-equal-constant-time@http://package-firewall.replit.local/npm/buffer-equal-constant-time/-/buffer-equal-constant-time-1.0.1.tgz. Extracting by manifest.
322 silly tarball no local data for call-bind-apply-helpers@http://package-firewall.replit.local/npm/call-bind-apply-helpers/-/call-bind-apply-helpers-1.0.2.tgz. Extracting by manifest.
323 silly tarball no local data for cookie-signature@http://package-firewall.replit.local/npm/cookie-signature/-/cookie-signature-1.2.2.tgz. Extracting by manifest.
324 silly tarball no local data for bytes@http://package-firewall.replit.local/npm/bytes/-/bytes-3.1.2.tgz. Extracting by manifest.
325 silly tarball no local data for accepts@http://package-firewall.replit.local/npm/accepts/-/accepts-2.0.0.tgz. Extracting by manifest.
326 silly tarball no local data for body-parser@http://package-firewall.replit.local/npm/body-parser/-/body-parser-2.3.0.tgz. Extracting by manifest.
327 silly tarball no local data for content-type@http://package-firewall.replit.local/npm/content-type/-/content-type-2.0.0.tgz. Extracting by manifest.
328 silly tarball no local data for bcryptjs@http://package-firewall.replit.local/npm/bcryptjs/-/bcryptjs-3.0.3.tgz. Extracting by manifest.
329 silly tarball no local data for content-type@http://package-firewall.replit.local/npm/content-type/-/content-type-2.0.0.tgz. Extracting by manifest.
330 http fetch GET http://package-firewall.replit.local/npm/xtend/-/xtend-4.0.2.tgz attempt 1 failed with ENOTFOUND
331 http fetch GET http://package-firewall.replit.local/npm/wrappy/-/wrappy-1.0.2.tgz attempt 1 failed with ENOTFOUND
332 http fetch GET http://package-firewall.replit.local/npm/vary/-/vary-1.1.2.tgz attempt 1 failed with ENOTFOUND
333 http fetch GET http://package-firewall.replit.local/npm/validator/-/validator-13.15.35.tgz attempt 1 failed with ENOTFOUND
334 http fetch GET http://package-firewall.replit.local/npm/toidentifier/-/toidentifier-1.0.1.tgz attempt 1 failed with ENOTFOUND
335 http fetch GET http://package-firewall.replit.local/npm/unpipe/-/unpipe-1.0.0.tgz attempt 1 failed with ENOTFOUND
336 http fetch GET http://package-firewall.replit.local/npm/type-is/-/type-is-2.1.0.tgz attempt 1 failed with ENOTFOUND
337 http fetch GET http://package-firewall.replit.local/npm/statuses/-/statuses-2.0.2.tgz attempt 1 failed with ENOTFOUND
338 http fetch GET http://package-firewall.replit.local/npm/side-channel-map/-/side-channel-map-1.0.1.tgz attempt 1 failed with ENOTFOUND
339 http fetch GET http://package-firewall.replit.local/npm/side-channel-weakmap/-/side-channel-weakmap-1.0.2.tgz attempt 1 failed with ENOTFOUND
340 http fetch GET http://package-firewall.replit.local/npm/side-channel/-/side-channel-1.1.1.tgz attempt 1 failed with ENOTFOUND
341 http fetch GET http://package-firewall.replit.local/npm/side-channel-list/-/side-channel-list-1.0.1.tgz attempt 1 failed with ENOTFOUND
342 http fetch GET http://package-firewall.replit.local/npm/serve-static/-/serve-static-2.2.1.tgz attempt 1 failed with ENOTFOUND
343 http fetch GET http://package-firewall.replit.local/npm/setprototypeof/-/setprototypeof-1.2.0.tgz attempt 1 failed with ENOTFOUND
344 http fetch GET http://package-firewall.replit.local/npm/split2/-/split2-4.2.0.tgz attempt 1 failed with ENOTFOUND
345 http fetch GET 200 https://registry.npmjs.org/dotenv/-/dotenv-17.4.2.tgz 448ms (cache miss)
346 http fetch GET http://package-firewall.replit.local/npm/xtend/-/xtend-4.0.2.tgz attempt 2 failed with ENOTFOUND
347 http fetch GET http://package-firewall.replit.local/npm/wrappy/-/wrappy-1.0.2.tgz attempt 2 failed with ENOTFOUND
348 http fetch GET http://package-firewall.replit.local/npm/vary/-/vary-1.1.2.tgz attempt 2 failed with ENOTFOUND
349 http fetch GET http://package-firewall.replit.local/npm/validator/-/validator-13.15.35.tgz attempt 2 failed with ENOTFOUND
350 http fetch GET http://package-firewall.replit.local/npm/toidentifier/-/toidentifier-1.0.1.tgz attempt 2 failed with ENOTFOUND
351 http fetch GET http://package-firewall.replit.local/npm/unpipe/-/unpipe-1.0.0.tgz attempt 2 failed with ENOTFOUND
352 http fetch GET http://package-firewall.replit.local/npm/type-is/-/type-is-2.1.0.tgz attempt 2 failed with ENOTFOUND
353 http fetch GET http://package-firewall.replit.local/npm/statuses/-/statuses-2.0.2.tgz attempt 2 failed with ENOTFOUND
354 http fetch GET http://package-firewall.replit.local/npm/side-channel-map/-/side-channel-map-1.0.1.tgz attempt 2 failed with ENOTFOUND
355 http fetch GET http://package-firewall.replit.local/npm/side-channel-weakmap/-/side-channel-weakmap-1.0.2.tgz attempt 2 failed with ENOTFOUND
356 http fetch GET http://package-firewall.replit.local/npm/side-channel/-/side-channel-1.1.1.tgz attempt 2 failed with ENOTFOUND
357 http fetch GET http://package-firewall.replit.local/npm/side-channel-list/-/side-channel-list-1.0.1.tgz attempt 2 failed with ENOTFOUND
358 http fetch GET http://package-firewall.replit.local/npm/serve-static/-/serve-static-2.2.1.tgz attempt 2 failed with ENOTFOUND
359 http fetch GET http://package-firewall.replit.local/npm/setprototypeof/-/setprototypeof-1.2.0.tgz attempt 2 failed with ENOTFOUND
360 http fetch GET http://package-firewall.replit.local/npm/split2/-/split2-4.2.0.tgz attempt 2 failed with ENOTFOUND
361 http fetch GET http://package-firewall.replit.local/npm/xtend/-/xtend-4.0.2.tgz attempt 3 failed with ENOTFOUND
362 http fetch GET http://package-firewall.replit.local/npm/wrappy/-/wrappy-1.0.2.tgz attempt 3 failed with ENOTFOUND
363 http fetch GET http://package-firewall.replit.local/npm/validator/-/validator-13.15.35.tgz attempt 3 failed with ENOTFOUND
364 http fetch GET http://package-firewall.replit.local/npm/vary/-/vary-1.1.2.tgz attempt 3 failed with ENOTFOUND
365 http fetch GET http://package-firewall.replit.local/npm/toidentifier/-/toidentifier-1.0.1.tgz attempt 3 failed with ENOTFOUND
366 http fetch GET http://package-firewall.replit.local/npm/unpipe/-/unpipe-1.0.0.tgz attempt 3 failed with ENOTFOUND
367 http fetch GET http://package-firewall.replit.local/npm/type-is/-/type-is-2.1.0.tgz attempt 3 failed with ENOTFOUND
368 http fetch GET http://package-firewall.replit.local/npm/statuses/-/statuses-2.0.2.tgz attempt 3 failed with ENOTFOUND
369 http fetch GET http://package-firewall.replit.local/npm/side-channel-map/-/side-channel-map-1.0.1.tgz attempt 3 failed with ENOTFOUND
370 http fetch GET http://package-firewall.replit.local/npm/side-channel-weakmap/-/side-channel-weakmap-1.0.2.tgz attempt 3 failed with ENOTFOUND
371 http fetch GET http://package-firewall.replit.local/npm/side-channel/-/side-channel-1.1.1.tgz attempt 3 failed with ENOTFOUND
372 http fetch GET http://package-firewall.replit.local/npm/side-channel-list/-/side-channel-list-1.0.1.tgz attempt 3 failed with ENOTFOUND
373 http fetch GET http://package-firewall.replit.local/npm/serve-static/-/serve-static-2.2.1.tgz attempt 3 failed with ENOTFOUND
374 http fetch GET http://package-firewall.replit.local/npm/split2/-/split2-4.2.0.tgz attempt 3 failed with ENOTFOUND
375 http fetch GET http://package-firewall.replit.local/npm/setprototypeof/-/setprototypeof-1.2.0.tgz attempt 3 failed with ENOTFOUND
376 verbose cwd C:\Users\Admin\OneDrive\Desktop\GigaFixzipzip\backend
377 verbose os Windows_NT 10.0.26200
378 verbose node v22.20.0
379 verbose npm  v10.9.3
380 notice
380 notice New major version of npm available! 10.9.3 -> 11.17.0
380 notice Changelog: https://github.com/npm/cli/releases/tag/v11.17.0
380 notice To update run: npm install -g npm@11.17.0
380 notice  { force: true, [Symbol(proc-log.meta)]: true }
381 error Exit handler never called!
382 error This is an error with npm itself. Please report this error at:
383 error   <https://github.com/npm/cli/issues>
384 verbose exit 1
385 verbose code 1
386 error A complete log of this run can be found in: C:\Users\Admin\OneDrive\Desktop\GigaFixzipzip\backend\.npm-cache\_logs\2026-06-18T16_37_06_850Z-debug-0.log
