0 verbose cli C:\Program Files\nodejs\node.exe C:\Program Files\nodejs\node_modules\npm\bin\npm-cli.js
1 info using npm@10.9.3
2 info using node@v22.20.0
3 silly config load:file:C:\Program Files\nodejs\node_modules\npm\npmrc
4 silly config load:file:C:\Users\Admin\OneDrive\Desktop\GigaFixzipzip\backend\.npmrc
5 silly config load:file:C:\Users\Admin\.npmrc
6 silly config load:file:C:\Users\Admin\AppData\Roaming\npm\etc\npmrc
7 verbose title npm install dotenv
8 verbose argv "install" "dotenv" "--save" "--registry" "https://registry.npmjs.org/" "--no-audit" "--no-fund" "--loglevel" "warn"
9 verbose logfile logs-max:10 dir:C:\Users\Admin\OneDrive\Desktop\GigaFixzipzip\backend\.npm-cache\_logs\2026-06-18T16_38_49_016Z-
10 verbose logfile C:\Users\Admin\OneDrive\Desktop\GigaFixzipzip\backend\.npm-cache\_logs\2026-06-18T16_38_49_016Z-debug-0.log
11 silly logfile done cleaning log files
12 silly packumentCache heap:4345298944 maxSize:1086324736 maxEntrySize:543162368
13 silly idealTree buildDeps
14 silly fetch manifest dotenv@*
15 silly packumentCache full:https://registry.npmjs.org/dotenv cache-miss
16 http cache https://registry.npmjs.org/dotenv 115ms (cache hit)
17 silly packumentCache full:https://registry.npmjs.org/dotenv set size:277832 disposed:false
18 silly placeDep ROOT dotenv@17.4.2 OK for: gigafix-backend@1.0.0 want: *
19 silly reify mark retired [
19 silly reify   'C:\\Users\\Admin\\OneDrive\\Desktop\\GigaFixzipzip\\backend\\node_modules\\accepts'
19 silly reify ]
20 silly reify mark retired [
20 silly reify   'C:\\Users\\Admin\\OneDrive\\Desktop\\GigaFixzipzip\\backend\\node_modules\\bcryptjs'
20 silly reify ]
21 silly reify mark retired [
21 silly reify   'C:\\Users\\Admin\\OneDrive\\Desktop\\GigaFixzipzip\\backend\\node_modules\\body-parser'
21 silly reify ]
22 silly reify mark retired [
22 silly reify   'C:\\Users\\Admin\\OneDrive\\Desktop\\GigaFixzipzip\\backend\\node_modules\\bytes'
22 silly reify ]
23 silly reify mark retired [
23 silly reify   'C:\\Users\\Admin\\OneDrive\\Desktop\\GigaFixzipzip\\backend\\node_modules\\buffer-equal-constant-time'
23 silly reify ]
24 silly reify mark retired [
24 silly reify   'C:\\Users\\Admin\\OneDrive\\Desktop\\GigaFixzipzip\\backend\\node_modules\\call-bind-apply-helpers'
24 silly reify ]
25 silly reify mark retired [
25 silly reify   'C:\\Users\\Admin\\OneDrive\\Desktop\\GigaFixzipzip\\backend\\node_modules\\call-bound'
25 silly reify ]
26 silly reify mark retired [
26 silly reify   'C:\\Users\\Admin\\OneDrive\\Desktop\\GigaFixzipzip\\backend\\node_modules\\content-disposition'
26 silly reify ]
27 silly reify mark retired [
27 silly reify   'C:\\Users\\Admin\\OneDrive\\Desktop\\GigaFixzipzip\\backend\\node_modules\\content-type'
27 silly reify ]
28 silly reify mark retired [
28 silly reify   'C:\\Users\\Admin\\OneDrive\\Desktop\\GigaFixzipzip\\backend\\node_modules\\cookie'
28 silly reify ]
29 silly reify mark retired [
29 silly reify   'C:\\Users\\Admin\\OneDrive\\Desktop\\GigaFixzipzip\\backend\\node_modules\\cookie-signature'
29 silly reify ]
30 silly reify mark retired [
30 silly reify   'C:\\Users\\Admin\\OneDrive\\Desktop\\GigaFixzipzip\\backend\\node_modules\\cors'
30 silly reify ]
31 silly reify mark retired [
31 silly reify   'C:\\Users\\Admin\\OneDrive\\Desktop\\GigaFixzipzip\\backend\\node_modules\\debug'
31 silly reify ]
32 silly reify mark retired [
32 silly reify   'C:\\Users\\Admin\\OneDrive\\Desktop\\GigaFixzipzip\\backend\\node_modules\\depd'
32 silly reify ]
33 silly reify mark retired [
33 silly reify   'C:\\Users\\Admin\\OneDrive\\Desktop\\GigaFixzipzip\\backend\\node_modules\\dunder-proto'
33 silly reify ]
34 silly reify mark retired [
34 silly reify   'C:\\Users\\Admin\\OneDrive\\Desktop\\GigaFixzipzip\\backend\\node_modules\\ecdsa-sig-formatter'
34 silly reify ]
35 silly reify mark retired [
35 silly reify   'C:\\Users\\Admin\\OneDrive\\Desktop\\GigaFixzipzip\\backend\\node_modules\\ee-first'
35 silly reify ]
36 silly reify mark retired [
36 silly reify   'C:\\Users\\Admin\\OneDrive\\Desktop\\GigaFixzipzip\\backend\\node_modules\\encodeurl'
36 silly reify ]
37 silly reify mark retired [
37 silly reify   'C:\\Users\\Admin\\OneDrive\\Desktop\\GigaFixzipzip\\backend\\node_modules\\es-define-property'
37 silly reify ]
38 silly reify mark retired [
38 silly reify   'C:\\Users\\Admin\\OneDrive\\Desktop\\GigaFixzipzip\\backend\\node_modules\\es-errors'
38 silly reify ]
39 silly reify mark retired [
39 silly reify   'C:\\Users\\Admin\\OneDrive\\Desktop\\GigaFixzipzip\\backend\\node_modules\\es-object-atoms'
39 silly reify ]
40 silly reify mark retired [
40 silly reify   'C:\\Users\\Admin\\OneDrive\\Desktop\\GigaFixzipzip\\backend\\node_modules\\escape-html'
40 silly reify ]
41 silly reify mark retired [
41 silly reify   'C:\\Users\\Admin\\OneDrive\\Desktop\\GigaFixzipzip\\backend\\node_modules\\etag'
41 silly reify ]
42 silly reify mark retired [
42 silly reify   'C:\\Users\\Admin\\OneDrive\\Desktop\\GigaFixzipzip\\backend\\node_modules\\express-rate-limit'
42 silly reify ]
43 silly reify mark retired [
43 silly reify   'C:\\Users\\Admin\\OneDrive\\Desktop\\GigaFixzipzip\\backend\\node_modules\\express'
43 silly reify ]
44 silly reify mark retired [
44 silly reify   'C:\\Users\\Admin\\OneDrive\\Desktop\\GigaFixzipzip\\backend\\node_modules\\express-validator'
44 silly reify ]
45 silly reify mark retired [
45 silly reify   'C:\\Users\\Admin\\OneDrive\\Desktop\\GigaFixzipzip\\backend\\node_modules\\finalhandler'
45 silly reify ]
46 silly reify mark retired [
46 silly reify   'C:\\Users\\Admin\\OneDrive\\Desktop\\GigaFixzipzip\\backend\\node_modules\\fresh'
46 silly reify ]
47 silly reify mark retired [
47 silly reify   'C:\\Users\\Admin\\OneDrive\\Desktop\\GigaFixzipzip\\backend\\node_modules\\forwarded'
47 silly reify ]
48 silly reify mark retired [
48 silly reify   'C:\\Users\\Admin\\OneDrive\\Desktop\\GigaFixzipzip\\backend\\node_modules\\function-bind'
48 silly reify ]
49 silly reify mark retired [
49 silly reify   'C:\\Users\\Admin\\OneDrive\\Desktop\\GigaFixzipzip\\backend\\node_modules\\get-intrinsic'
49 silly reify ]
50 silly reify mark retired [
50 silly reify   'C:\\Users\\Admin\\OneDrive\\Desktop\\GigaFixzipzip\\backend\\node_modules\\get-proto'
50 silly reify ]
51 silly reify mark retired [
51 silly reify   'C:\\Users\\Admin\\OneDrive\\Desktop\\GigaFixzipzip\\backend\\node_modules\\gopd'
51 silly reify ]
52 silly reify mark retired [
52 silly reify   'C:\\Users\\Admin\\OneDrive\\Desktop\\GigaFixzipzip\\backend\\node_modules\\has-symbols'
52 silly reify ]
53 silly reify mark retired [
53 silly reify   'C:\\Users\\Admin\\OneDrive\\Desktop\\GigaFixzipzip\\backend\\node_modules\\hasown'
53 silly reify ]
54 silly reify mark retired [
54 silly reify   'C:\\Users\\Admin\\OneDrive\\Desktop\\GigaFixzipzip\\backend\\node_modules\\helmet'
54 silly reify ]
55 silly reify mark retired [
55 silly reify   'C:\\Users\\Admin\\OneDrive\\Desktop\\GigaFixzipzip\\backend\\node_modules\\http-errors'
55 silly reify ]
56 silly reify mark retired [
56 silly reify   'C:\\Users\\Admin\\OneDrive\\Desktop\\GigaFixzipzip\\backend\\node_modules\\iconv-lite'
56 silly reify ]
57 silly reify mark retired [
57 silly reify   'C:\\Users\\Admin\\OneDrive\\Desktop\\GigaFixzipzip\\backend\\node_modules\\inherits'
57 silly reify ]
58 silly reify mark retired [
58 silly reify   'C:\\Users\\Admin\\OneDrive\\Desktop\\GigaFixzipzip\\backend\\node_modules\\ipaddr.js'
58 silly reify ]
59 silly reify mark retired [
59 silly reify   'C:\\Users\\Admin\\OneDrive\\Desktop\\GigaFixzipzip\\backend\\node_modules\\is-promise'
59 silly reify ]
60 silly reify mark retired [
60 silly reify   'C:\\Users\\Admin\\OneDrive\\Desktop\\GigaFixzipzip\\backend\\node_modules\\jsonwebtoken'
60 silly reify ]
61 silly reify mark retired [
61 silly reify   'C:\\Users\\Admin\\OneDrive\\Desktop\\GigaFixzipzip\\backend\\node_modules\\jwa'
61 silly reify ]
62 silly reify mark retired [
62 silly reify   'C:\\Users\\Admin\\OneDrive\\Desktop\\GigaFixzipzip\\backend\\node_modules\\jws'
62 silly reify ]
63 silly reify mark retired [
63 silly reify   'C:\\Users\\Admin\\OneDrive\\Desktop\\GigaFixzipzip\\backend\\node_modules\\lodash'
63 silly reify ]
64 silly reify mark retired [
64 silly reify   'C:\\Users\\Admin\\OneDrive\\Desktop\\GigaFixzipzip\\backend\\node_modules\\lodash.includes'
64 silly reify ]
65 silly reify mark retired [
65 silly reify   'C:\\Users\\Admin\\OneDrive\\Desktop\\GigaFixzipzip\\backend\\node_modules\\lodash.isboolean'
65 silly reify ]
66 silly reify mark retired [
66 silly reify   'C:\\Users\\Admin\\OneDrive\\Desktop\\GigaFixzipzip\\backend\\node_modules\\lodash.isinteger'
66 silly reify ]
67 silly reify mark retired [
67 silly reify   'C:\\Users\\Admin\\OneDrive\\Desktop\\GigaFixzipzip\\backend\\node_modules\\lodash.isnumber'
67 silly reify ]
68 silly reify mark retired [
68 silly reify   'C:\\Users\\Admin\\OneDrive\\Desktop\\GigaFixzipzip\\backend\\node_modules\\lodash.isstring'
68 silly reify ]
69 silly reify mark retired [
69 silly reify   'C:\\Users\\Admin\\OneDrive\\Desktop\\GigaFixzipzip\\backend\\node_modules\\lodash.isplainobject'
69 silly reify ]
70 silly reify mark retired [
70 silly reify   'C:\\Users\\Admin\\OneDrive\\Desktop\\GigaFixzipzip\\backend\\node_modules\\lodash.once'
70 silly reify ]
71 silly reify mark retired [
71 silly reify   'C:\\Users\\Admin\\OneDrive\\Desktop\\GigaFixzipzip\\backend\\node_modules\\math-intrinsics'
71 silly reify ]
72 silly reify mark retired [
72 silly reify   'C:\\Users\\Admin\\OneDrive\\Desktop\\GigaFixzipzip\\backend\\node_modules\\media-typer'
72 silly reify ]
73 silly reify mark retired [
73 silly reify   'C:\\Users\\Admin\\OneDrive\\Desktop\\GigaFixzipzip\\backend\\node_modules\\merge-descriptors'
73 silly reify ]
74 silly reify mark retired [
74 silly reify   'C:\\Users\\Admin\\OneDrive\\Desktop\\GigaFixzipzip\\backend\\node_modules\\mime-db'
74 silly reify ]
75 silly reify mark retired [
75 silly reify   'C:\\Users\\Admin\\OneDrive\\Desktop\\GigaFixzipzip\\backend\\node_modules\\mime-types'
75 silly reify ]
76 silly reify mark retired [
76 silly reify   'C:\\Users\\Admin\\OneDrive\\Desktop\\GigaFixzipzip\\backend\\node_modules\\ms'
76 silly reify ]
77 silly reify mark retired [
77 silly reify   'C:\\Users\\Admin\\OneDrive\\Desktop\\GigaFixzipzip\\backend\\node_modules\\negotiator'
77 silly reify ]
78 silly reify mark retired [
78 silly reify   'C:\\Users\\Admin\\OneDrive\\Desktop\\GigaFixzipzip\\backend\\node_modules\\object-assign'
78 silly reify ]
79 silly reify mark retired [
79 silly reify   'C:\\Users\\Admin\\OneDrive\\Desktop\\GigaFixzipzip\\backend\\node_modules\\object-inspect'
79 silly reify ]
80 silly reify mark retired [
80 silly reify   'C:\\Users\\Admin\\OneDrive\\Desktop\\GigaFixzipzip\\backend\\node_modules\\on-finished'
80 silly reify ]
81 silly reify mark retired [
81 silly reify   'C:\\Users\\Admin\\OneDrive\\Desktop\\GigaFixzipzip\\backend\\node_modules\\once'
81 silly reify ]
82 silly reify mark retired [
82 silly reify   'C:\\Users\\Admin\\OneDrive\\Desktop\\GigaFixzipzip\\backend\\node_modules\\parseurl'
82 silly reify ]
83 silly reify mark retired [
83 silly reify   'C:\\Users\\Admin\\OneDrive\\Desktop\\GigaFixzipzip\\backend\\node_modules\\pg'
83 silly reify ]
84 silly reify mark retired [
84 silly reify   'C:\\Users\\Admin\\OneDrive\\Desktop\\GigaFixzipzip\\backend\\node_modules\\path-to-regexp'
84 silly reify ]
85 silly reify mark retired [
85 silly reify   'C:\\Users\\Admin\\OneDrive\\Desktop\\GigaFixzipzip\\backend\\node_modules\\pg-cloudflare'
85 silly reify ]
86 silly reify mark retired [
86 silly reify   'C:\\Users\\Admin\\OneDrive\\Desktop\\GigaFixzipzip\\backend\\node_modules\\pg-connection-string'
86 silly reify ]
87 silly reify mark retired [
87 silly reify   'C:\\Users\\Admin\\OneDrive\\Desktop\\GigaFixzipzip\\backend\\node_modules\\pg-int8'
87 silly reify ]
88 silly reify mark retired [
88 silly reify   'C:\\Users\\Admin\\OneDrive\\Desktop\\GigaFixzipzip\\backend\\node_modules\\pg-pool'
88 silly reify ]
89 silly reify mark retired [
89 silly reify   'C:\\Users\\Admin\\OneDrive\\Desktop\\GigaFixzipzip\\backend\\node_modules\\pg-protocol'
89 silly reify ]
90 silly reify mark retired [
90 silly reify   'C:\\Users\\Admin\\OneDrive\\Desktop\\GigaFixzipzip\\backend\\node_modules\\pg-types'
90 silly reify ]
91 silly reify mark retired [
91 silly reify   'C:\\Users\\Admin\\OneDrive\\Desktop\\GigaFixzipzip\\backend\\node_modules\\pgpass'
91 silly reify ]
92 silly reify mark retired [
92 silly reify   'C:\\Users\\Admin\\OneDrive\\Desktop\\GigaFixzipzip\\backend\\node_modules\\postgres-array'
92 silly reify ]
93 silly reify mark retired [
93 silly reify   'C:\\Users\\Admin\\OneDrive\\Desktop\\GigaFixzipzip\\backend\\node_modules\\postgres-date'
93 silly reify ]
94 silly reify mark retired [
94 silly reify   'C:\\Users\\Admin\\OneDrive\\Desktop\\GigaFixzipzip\\backend\\node_modules\\postgres-bytea'
94 silly reify ]
95 silly reify mark retired [
95 silly reify   'C:\\Users\\Admin\\OneDrive\\Desktop\\GigaFixzipzip\\backend\\node_modules\\postgres-interval'
95 silly reify ]
96 silly reify mark retired [
96 silly reify   'C:\\Users\\Admin\\OneDrive\\Desktop\\GigaFixzipzip\\backend\\node_modules\\proxy-addr'
96 silly reify ]
97 silly reify mark retired [
97 silly reify   'C:\\Users\\Admin\\OneDrive\\Desktop\\GigaFixzipzip\\backend\\node_modules\\qs'
97 silly reify ]
98 silly reify mark retired [
98 silly reify   'C:\\Users\\Admin\\OneDrive\\Desktop\\GigaFixzipzip\\backend\\node_modules\\range-parser'
98 silly reify ]
99 silly reify mark retired [
99 silly reify   'C:\\Users\\Admin\\OneDrive\\Desktop\\GigaFixzipzip\\backend\\node_modules\\raw-body'
99 silly reify ]
100 silly reify mark retired [
100 silly reify   'C:\\Users\\Admin\\OneDrive\\Desktop\\GigaFixzipzip\\backend\\node_modules\\router'
100 silly reify ]
101 silly reify mark retired [
101 silly reify   'C:\\Users\\Admin\\OneDrive\\Desktop\\GigaFixzipzip\\backend\\node_modules\\safe-buffer'
101 silly reify ]
102 silly reify mark retired [
102 silly reify   'C:\\Users\\Admin\\OneDrive\\Desktop\\GigaFixzipzip\\backend\\node_modules\\safer-buffer'
102 silly reify ]
103 silly reify mark retired [
103 silly reify   'C:\\Users\\Admin\\OneDrive\\Desktop\\GigaFixzipzip\\backend\\node_modules\\semver'
103 silly reify ]
104 silly reify mark retired [
104 silly reify   'C:\\Users\\Admin\\OneDrive\\Desktop\\GigaFixzipzip\\backend\\node_modules\\send'
104 silly reify ]
105 silly reify mark retired [
105 silly reify   'C:\\Users\\Admin\\OneDrive\\Desktop\\GigaFixzipzip\\backend\\node_modules\\serve-static'
105 silly reify ]
106 silly reify mark retired [
106 silly reify   'C:\\Users\\Admin\\OneDrive\\Desktop\\GigaFixzipzip\\backend\\node_modules\\side-channel'
106 silly reify ]
107 silly reify mark retired [
107 silly reify   'C:\\Users\\Admin\\OneDrive\\Desktop\\GigaFixzipzip\\backend\\node_modules\\side-channel-list'
107 silly reify ]
108 silly reify mark retired [
108 silly reify   'C:\\Users\\Admin\\OneDrive\\Desktop\\GigaFixzipzip\\backend\\node_modules\\setprototypeof'
108 silly reify ]
109 silly reify mark retired [
109 silly reify   'C:\\Users\\Admin\\OneDrive\\Desktop\\GigaFixzipzip\\backend\\node_modules\\split2'
109 silly reify ]
110 silly reify mark retired [
110 silly reify   'C:\\Users\\Admin\\OneDrive\\Desktop\\GigaFixzipzip\\backend\\node_modules\\side-channel-weakmap'
110 silly reify ]
111 silly reify mark retired [
111 silly reify   'C:\\Users\\Admin\\OneDrive\\Desktop\\GigaFixzipzip\\backend\\node_modules\\side-channel-map'
111 silly reify ]
112 silly reify mark retired [
112 silly reify   'C:\\Users\\Admin\\OneDrive\\Desktop\\GigaFixzipzip\\backend\\node_modules\\statuses'
112 silly reify ]
113 silly reify mark retired [
113 silly reify   'C:\\Users\\Admin\\OneDrive\\Desktop\\GigaFixzipzip\\backend\\node_modules\\toidentifier'
113 silly reify ]
114 silly reify mark retired [
114 silly reify   'C:\\Users\\Admin\\OneDrive\\Desktop\\GigaFixzipzip\\backend\\node_modules\\type-is'
114 silly reify ]
115 silly reify mark retired [
115 silly reify   'C:\\Users\\Admin\\OneDrive\\Desktop\\GigaFixzipzip\\backend\\node_modules\\vary'
115 silly reify ]
116 silly reify mark retired [
116 silly reify   'C:\\Users\\Admin\\OneDrive\\Desktop\\GigaFixzipzip\\backend\\node_modules\\unpipe'
116 silly reify ]
117 silly reify mark retired [
117 silly reify   'C:\\Users\\Admin\\OneDrive\\Desktop\\GigaFixzipzip\\backend\\node_modules\\validator'
117 silly reify ]
118 silly reify mark retired [
118 silly reify   'C:\\Users\\Admin\\OneDrive\\Desktop\\GigaFixzipzip\\backend\\node_modules\\wrappy'
118 silly reify ]
119 silly reify mark retired [
119 silly reify   'C:\\Users\\Admin\\OneDrive\\Desktop\\GigaFixzipzip\\backend\\node_modules\\xtend'
119 silly reify ]
120 silly reify mark retired [
120 silly reify   'C:\\Users\\Admin\\OneDrive\\Desktop\\GigaFixzipzip\\backend\\node_modules\\dotenv'
120 silly reify ]
121 silly reify moves {
121 silly reify   'C:\\Users\\Admin\\OneDrive\\Desktop\\GigaFixzipzip\\backend\\node_modules\\accepts': 'C:\\Users\\Admin\\OneDrive\\Desktop\\GigaFixzipzip\\backend\\node_modules\\.accepts-9deWgU59',
121 silly reify   'C:\\Users\\Admin\\OneDrive\\Desktop\\GigaFixzipzip\\backend\\node_modules\\bcryptjs': 'C:\\Users\\Admin\\OneDrive\\Desktop\\GigaFixzipzip\\backend\\node_modules\\.bcryptjs-hhvBknoz',
121 silly reify   'C:\\Users\\Admin\\OneDrive\\Desktop\\GigaFixzipzip\\backend\\node_modules\\body-parser': 'C:\\Users\\Admin\\OneDrive\\Desktop\\GigaFixzipzip\\backend\\node_modules\\.body-parser-Pn8rfino',
121 silly reify   'C:\\Users\\Admin\\OneDrive\\Desktop\\GigaFixzipzip\\backend\\node_modules\\bytes': 'C:\\Users\\Admin\\OneDrive\\Desktop\\GigaFixzipzip\\backend\\node_modules\\.bytes-9XXbwW1l',
121 silly reify   'C:\\Users\\Admin\\OneDrive\\Desktop\\GigaFixzipzip\\backend\\node_modules\\buffer-equal-constant-time': 'C:\\Users\\Admin\\OneDrive\\Desktop\\GigaFixzipzip\\backend\\node_modules\\.buffer-equal-constant-time-ah3zOIE7',
121 silly reify   'C:\\Users\\Admin\\OneDrive\\Desktop\\GigaFixzipzip\\backend\\node_modules\\call-bind-apply-helpers': 'C:\\Users\\Admin\\OneDrive\\Desktop\\GigaFixzipzip\\backend\\node_modules\\.call-bind-apply-helpers-6QFxc0aw',
121 silly reify   'C:\\Users\\Admin\\OneDrive\\Desktop\\GigaFixzipzip\\backend\\node_modules\\call-bound': 'C:\\Users\\Admin\\OneDrive\\Desktop\\GigaFixzipzip\\backend\\node_modules\\.call-bound-pHzx0kug',
121 silly reify   'C:\\Users\\Admin\\OneDrive\\Desktop\\GigaFixzipzip\\backend\\node_modules\\content-disposition': 'C:\\Users\\Admin\\OneDrive\\Desktop\\GigaFixzipzip\\backend\\node_modules\\.content-disposition-5GqMfWRY',
121 silly reify   'C:\\Users\\Admin\\OneDrive\\Desktop\\GigaFixzipzip\\backend\\node_modules\\content-type': 'C:\\Users\\Admin\\OneDrive\\Desktop\\GigaFixzipzip\\backend\\node_modules\\.content-type-8Z6Ndio4',
121 silly reify   'C:\\Users\\Admin\\OneDrive\\Desktop\\GigaFixzipzip\\backend\\node_modules\\cookie': 'C:\\Users\\Admin\\OneDrive\\Desktop\\GigaFixzipzip\\backend\\node_modules\\.cookie-5zJ5coyB',
121 silly reify   'C:\\Users\\Admin\\OneDrive\\Desktop\\GigaFixzipzip\\backend\\node_modules\\cookie-signature': 'C:\\Users\\Admin\\OneDrive\\Desktop\\GigaFixzipzip\\backend\\node_modules\\.cookie-signature-g2AICAsd',
121 silly reify   'C:\\Users\\Admin\\OneDrive\\Desktop\\GigaFixzipzip\\backend\\node_modules\\cors': 'C:\\Users\\Admin\\OneDrive\\Desktop\\GigaFixzipzip\\backend\\node_modules\\.cors-ANLwoYI0',
121 silly reify   'C:\\Users\\Admin\\OneDrive\\Desktop\\GigaFixzipzip\\backend\\node_modules\\debug': 'C:\\Users\\Admin\\OneDrive\\Desktop\\GigaFixzipzip\\backend\\node_modules\\.debug-jNzXNvKS',
121 silly reify   'C:\\Users\\Admin\\OneDrive\\Desktop\\GigaFixzipzip\\backend\\node_modules\\depd': 'C:\\Users\\Admin\\OneDrive\\Desktop\\GigaFixzipzip\\backend\\node_modules\\.depd-TS7uMQrB',
121 silly reify   'C:\\Users\\Admin\\OneDrive\\Desktop\\GigaFixzipzip\\backend\\node_modules\\dunder-proto': 'C:\\Users\\Admin\\OneDrive\\Desktop\\GigaFixzipzip\\backend\\node_modules\\.dunder-proto-1KNpAKzP',
121 silly reify   'C:\\Users\\Admin\\OneDrive\\Desktop\\GigaFixzipzip\\backend\\node_modules\\ecdsa-sig-formatter': 'C:\\Users\\Admin\\OneDrive\\Desktop\\GigaFixzipzip\\backend\\node_modules\\.ecdsa-sig-formatter-ASLnkZy3',
121 silly reify   'C:\\Users\\Admin\\OneDrive\\Desktop\\GigaFixzipzip\\backend\\node_modules\\ee-first': 'C:\\Users\\Admin\\OneDrive\\Desktop\\GigaFixzipzip\\backend\\node_modules\\.ee-first-qufNnsol',
121 silly reify   'C:\\Users\\Admin\\OneDrive\\Desktop\\GigaFixzipzip\\backend\\node_modules\\encodeurl': 'C:\\Users\\Admin\\OneDrive\\Desktop\\GigaFixzipzip\\backend\\node_modules\\.encodeurl-VuiWkVfc',
121 silly reify   'C:\\Users\\Admin\\OneDrive\\Desktop\\GigaFixzipzip\\backend\\node_modules\\es-define-property': 'C:\\Users\\Admin\\OneDrive\\Desktop\\GigaFixzipzip\\backend\\node_modules\\.es-define-property-M4WiyjMH',
121 silly reify   'C:\\Users\\Admin\\OneDrive\\Desktop\\GigaFixzipzip\\backend\\node_modules\\es-errors': 'C:\\Users\\Admin\\OneDrive\\Desktop\\GigaFixzipzip\\backend\\node_modules\\.es-errors-lJIjJNXx',
121 silly reify   'C:\\Users\\Admin\\OneDrive\\Desktop\\GigaFixzipzip\\backend\\node_modules\\es-object-atoms': 'C:\\Users\\Admin\\OneDrive\\Desktop\\GigaFixzipzip\\backend\\node_modules\\.es-object-atoms-d5oiXRzw',
121 silly reify   'C:\\Users\\Admin\\OneDrive\\Desktop\\GigaFixzipzip\\backend\\node_modules\\escape-html': 'C:\\Users\\Admin\\OneDrive\\Desktop\\GigaFixzipzip\\backend\\node_modules\\.escape-html-QoP04YBV',
121 silly reify   'C:\\Users\\Admin\\OneDrive\\Desktop\\GigaFixzipzip\\backend\\node_modules\\etag': 'C:\\Users\\Admin\\OneDrive\\Desktop\\GigaFixzipzip\\backend\\node_modules\\.etag-7KfQ5sT0',
121 silly reify   'C:\\Users\\Admin\\OneDrive\\Desktop\\GigaFixzipzip\\backend\\node_modules\\express-rate-limit': 'C:\\Users\\Admin\\OneDrive\\Desktop\\GigaFixzipzip\\backend\\node_modules\\.express-rate-limit-oJqjsdlz',
121 silly reify   'C:\\Users\\Admin\\OneDrive\\Desktop\\GigaFixzipzip\\backend\\node_modules\\express': 'C:\\Users\\Admin\\OneDrive\\Desktop\\GigaFixzipzip\\backend\\node_modules\\.express-TNrtkG36',
121 silly reify   'C:\\Users\\Admin\\OneDrive\\Desktop\\GigaFixzipzip\\backend\\node_modules\\express-validator': 'C:\\Users\\Admin\\OneDrive\\Desktop\\GigaFixzipzip\\backend\\node_modules\\.express-validator-Z1gBN1Wi',
121 silly reify   'C:\\Users\\Admin\\OneDrive\\Desktop\\GigaFixzipzip\\backend\\node_modules\\finalhandler': 'C:\\Users\\Admin\\OneDrive\\Desktop\\GigaFixzipzip\\backend\\node_modules\\.finalhandler-MPpHnDdo',
121 silly reify   'C:\\Users\\Admin\\OneDrive\\Desktop\\GigaFixzipzip\\backend\\node_modules\\fresh': 'C:\\Users\\Admin\\OneDrive\\Desktop\\GigaFixzipzip\\backend\\node_modules\\.fresh-5CjBWY90',
121 silly reify   'C:\\Users\\Admin\\OneDrive\\Desktop\\GigaFixzipzip\\backend\\node_modules\\forwarded': 'C:\\Users\\Admin\\OneDrive\\Desktop\\GigaFixzipzip\\backend\\node_modules\\.forwarded-0sXowyUB',
121 silly reify   'C:\\Users\\Admin\\OneDrive\\Desktop\\GigaFixzipzip\\backend\\node_modules\\function-bind': 'C:\\Users\\Admin\\OneDrive\\Desktop\\GigaFixzipzip\\backend\\node_modules\\.function-bind-L9ZGproc',
121 silly reify   'C:\\Users\\Admin\\OneDrive\\Desktop\\GigaFixzipzip\\backend\\node_modules\\get-intrinsic': 'C:\\Users\\Admin\\OneDrive\\Desktop\\GigaFixzipzip\\backend\\node_modules\\.get-intrinsic-zY19mJhE',
121 silly reify   'C:\\Users\\Admin\\OneDrive\\Desktop\\GigaFixzipzip\\backend\\node_modules\\get-proto': 'C:\\Users\\Admin\\OneDrive\\Desktop\\GigaFixzipzip\\backend\\node_modules\\.get-proto-Vz4XGOIs',
121 silly reify   'C:\\Users\\Admin\\OneDrive\\Desktop\\GigaFixzipzip\\backend\\node_modules\\gopd': 'C:\\Users\\Admin\\OneDrive\\Desktop\\GigaFixzipzip\\backend\\node_modules\\.gopd-gsGAcQB0',
121 silly reify   'C:\\Users\\Admin\\OneDrive\\Desktop\\GigaFixzipzip\\backend\\node_modules\\has-symbols': 'C:\\Users\\Admin\\OneDrive\\Desktop\\GigaFixzipzip\\backend\\node_modules\\.has-symbols-MEcGzqoS',
121 silly reify   'C:\\Users\\Admin\\OneDrive\\Desktop\\GigaFixzipzip\\backend\\node_modules\\hasown': 'C:\\Users\\Admin\\OneDrive\\Desktop\\GigaFixzipzip\\backend\\node_modules\\.hasown-1yZX75zf',
121 silly reify   'C:\\Users\\Admin\\OneDrive\\Desktop\\GigaFixzipzip\\backend\\node_modules\\helmet': 'C:\\Users\\Admin\\OneDrive\\Desktop\\GigaFixzipzip\\backend\\node_modules\\.helmet-bTpAafMK',
121 silly reify   'C:\\Users\\Admin\\OneDrive\\Desktop\\GigaFixzipzip\\backend\\node_modules\\http-errors': 'C:\\Users\\Admin\\OneDrive\\Desktop\\GigaFixzipzip\\backend\\node_modules\\.http-errors-wlmARCg4',
121 silly reify   'C:\\Users\\Admin\\OneDrive\\Desktop\\GigaFixzipzip\\backend\\node_modules\\iconv-lite': 'C:\\Users\\Admin\\OneDrive\\Desktop\\GigaFixzipzip\\backend\\node_modules\\.iconv-lite-GtIyZQUL',
121 silly reify   'C:\\Users\\Admin\\OneDrive\\Desktop\\GigaFixzipzip\\backend\\node_modules\\inherits': 'C:\\Users\\Admin\\OneDrive\\Desktop\\GigaFixzipzip\\backend\\node_modules\\.inherits-NDstsbgs',
121 silly reify   'C:\\Users\\Admin\\OneDrive\\Desktop\\GigaFixzipzip\\backend\\node_modules\\ipaddr.js': 'C:\\Users\\Admin\\OneDrive\\Desktop\\GigaFixzipzip\\backend\\node_modules\\.ipaddr.js-FnRqt5Du',
121 silly reify   'C:\\Users\\Admin\\OneDrive\\Desktop\\GigaFixzipzip\\backend\\node_modules\\is-promise': 'C:\\Users\\Admin\\OneDrive\\Desktop\\GigaFixzipzip\\backend\\node_modules\\.is-promise-egjMLOPT',
121 silly reify   'C:\\Users\\Admin\\OneDrive\\Desktop\\GigaFixzipzip\\backend\\node_modules\\jsonwebtoken': 'C:\\Users\\Admin\\OneDrive\\Desktop\\GigaFixzipzip\\backend\\node_modules\\.jsonwebtoken-ZqhYmc00',
121 silly reify   'C:\\Users\\Admin\\OneDrive\\Desktop\\GigaFixzipzip\\backend\\node_modules\\jwa': 'C:\\Users\\Admin\\OneDrive\\Desktop\\GigaFixzipzip\\backend\\node_modules\\.jwa-VSYhXHXI',
121 silly reify   'C:\\Users\\Admin\\OneDrive\\Desktop\\GigaFixzipzip\\backend\\node_modules\\jws': 'C:\\Users\\Admin\\OneDrive\\Desktop\\GigaFixzipzip\\backend\\node_modules\\.jws-q8dCSsdv',
121 silly reify   'C:\\Users\\Admin\\OneDrive\\Desktop\\GigaFixzipzip\\backend\\node_modules\\lodash': 'C:\\Users\\Admin\\OneDrive\\Desktop\\GigaFixzipzip\\backend\\node_modules\\.lodash-AubBxwKA',
121 silly reify   'C:\\Users\\Admin\\OneDrive\\Desktop\\GigaFixzipzip\\backend\\node_modules\\lodash.includes': 'C:\\Users\\Admin\\OneDrive\\Desktop\\GigaFixzipzip\\backend\\node_modules\\.lodash.includes-jxpLbslE',
121 silly reify   'C:\\Users\\Admin\\OneDrive\\Desktop\\GigaFixzipzip\\backend\\node_modules\\lodash.isboolean': 'C:\\Users\\Admin\\OneDrive\\Desktop\\GigaFixzipzip\\backend\\node_modules\\.lodash.isboolean-gq5E26KP',
121 silly reify   'C:\\Users\\Admin\\OneDrive\\Desktop\\GigaFixzipzip\\backend\\node_modules\\lodash.isinteger': 'C:\\Users\\Admin\\OneDrive\\Desktop\\GigaFixzipzip\\backend\\node_modules\\.lodash.isinteger-2LTV0XVq',
121 silly reify   'C:\\Users\\Admin\\OneDrive\\Desktop\\GigaFixzipzip\\backend\\node_modules\\lodash.isnumber': 'C:\\Users\\Admin\\OneDrive\\Desktop\\GigaFixzipzip\\backend\\node_modules\\.lodash.isnumber-bplf6jEk',
121 silly reify   'C:\\Users\\Admin\\OneDrive\\Desktop\\GigaFixzipzip\\backend\\node_modules\\lodash.isstring': 'C:\\Users\\Admin\\OneDrive\\Desktop\\GigaFixzipzip\\backend\\node_modules\\.lodash.isstring-2AFOhgb0',
121 silly reify   'C:\\Users\\Admin\\OneDrive\\Desktop\\GigaFixzipzip\\backend\\node_modules\\lodash.isplainobject': 'C:\\Users\\Admin\\OneDrive\\Desktop\\GigaFixzipzip\\backend\\node_modules\\.lodash.isplainobject-7x3ONX6C',
121 silly reify   'C:\\Users\\Admin\\OneDrive\\Desktop\\GigaFixzipzip\\backend\\node_modules\\lodash.once': 'C:\\Users\\Admin\\OneDrive\\Desktop\\GigaFixzipzip\\backend\\node_modules\\.lodash.once-5AehnaxN',
121 silly reify   'C:\\Users\\Admin\\OneDrive\\Desktop\\GigaFixzipzip\\backend\\node_modules\\math-intrinsics': 'C:\\Users\\Admin\\OneDrive\\Desktop\\GigaFixzipzip\\backend\\node_modules\\.math-intrinsics-qzxLR2kI',
121 silly reify   'C:\\Users\\Admin\\OneDrive\\Desktop\\GigaFixzipzip\\backend\\node_modules\\media-typer': 'C:\\Users\\Admin\\OneDrive\\Desktop\\GigaFixzipzip\\backend\\node_modules\\.media-typer-9BpLCL7M',
121 silly reify   'C:\\Users\\Admin\\OneDrive\\Desktop\\GigaFixzipzip\\backend\\node_modules\\merge-descriptors': 'C:\\Users\\Admin\\OneDrive\\Desktop\\GigaFixzipzip\\backend\\node_modules\\.merge-descriptors-fS7jrhyH',
121 silly reify   'C:\\Users\\Admin\\OneDrive\\Desktop\\GigaFixzipzip\\backend\\node_modules\\mime-db': 'C:\\Users\\Admin\\OneDrive\\Desktop\\GigaFixzipzip\\backend\\node_modules\\.mime-db-HNI4ONxe',
121 silly reify   'C:\\Users\\Admin\\OneDrive\\Desktop\\GigaFixzipzip\\backend\\node_modules\\mime-types': 'C:\\Users\\Admin\\OneDrive\\Desktop\\GigaFixzipzip\\backend\\node_modules\\.mime-types-RLkkkBy6',
121 silly reify   'C:\\Users\\Admin\\OneDrive\\Desktop\\GigaFixzipzip\\backend\\node_modules\\ms': 'C:\\Users\\Admin\\OneDrive\\Desktop\\GigaFixzipzip\\backend\\node_modules\\.ms-irvfvgb5',
121 silly reify   'C:\\Users\\Admin\\OneDrive\\Desktop\\GigaFixzipzip\\backend\\node_modules\\negotiator': 'C:\\Users\\Admin\\OneDrive\\Desktop\\GigaFixzipzip\\backend\\node_modules\\.negotiator-hZpdY8wU',
121 silly reify   'C:\\Users\\Admin\\OneDrive\\Desktop\\GigaFixzipzip\\backend\\node_modules\\object-assign': 'C:\\Users\\Admin\\OneDrive\\Desktop\\GigaFixzipzip\\backend\\node_modules\\.object-assign-opL6xjxi',
121 silly reify   'C:\\Users\\Admin\\OneDrive\\Desktop\\GigaFixzipzip\\backend\\node_modules\\object-inspect': 'C:\\Users\\Admin\\OneDrive\\Desktop\\GigaFixzipzip\\backend\\node_modules\\.object-inspect-1DJrhuhL',
121 silly reify   'C:\\Users\\Admin\\OneDrive\\Desktop\\GigaFixzipzip\\backend\\node_modules\\on-finished': 'C:\\Users\\Admin\\OneDrive\\Desktop\\GigaFixzipzip\\backend\\node_modules\\.on-finished-ApoyD1cJ',
121 silly reify   'C:\\Users\\Admin\\OneDrive\\Desktop\\GigaFixzipzip\\backend\\node_modules\\once': 'C:\\Users\\Admin\\OneDrive\\Desktop\\GigaFixzipzip\\backend\\node_modules\\.once-DIKWBKfU',
121 silly reify   'C:\\Users\\Admin\\OneDrive\\Desktop\\GigaFixzipzip\\backend\\node_modules\\parseurl': 'C:\\Users\\Admin\\OneDrive\\Desktop\\GigaFixzipzip\\backend\\node_modules\\.parseurl-Zc7cxvSm',
121 silly reify   'C:\\Users\\Admin\\OneDrive\\Desktop\\GigaFixzipzip\\backend\\node_modules\\pg': 'C:\\Users\\Admin\\OneDrive\\Desktop\\GigaFixzipzip\\backend\\node_modules\\.pg-pcfwDSCm',
121 silly reify   'C:\\Users\\Admin\\OneDrive\\Desktop\\GigaFixzipzip\\backend\\node_modules\\path-to-regexp': 'C:\\Users\\Admin\\OneDrive\\Desktop\\GigaFixzipzip\\backend\\node_modules\\.path-to-regexp-AXmdIsy8',
121 silly reify   'C:\\Users\\Admin\\OneDrive\\Desktop\\GigaFixzipzip\\backend\\node_modules\\pg-cloudflare': 'C:\\Users\\Admin\\OneDrive\\Desktop\\GigaFixzipzip\\backend\\node_modules\\.pg-cloudflare-vhD5fA3X',
121 silly reify   'C:\\Users\\Admin\\OneDrive\\Desktop\\GigaFixzipzip\\backend\\node_modules\\pg-connection-string': 'C:\\Users\\Admin\\OneDrive\\Desktop\\GigaFixzipzip\\backend\\node_modules\\.pg-connection-string-dGnQ3pTC',
121 silly reify   'C:\\Users\\Admin\\OneDrive\\Desktop\\GigaFixzipzip\\backend\\node_modules\\pg-int8': 'C:\\Users\\Admin\\OneDrive\\Desktop\\GigaFixzipzip\\backend\\node_modules\\.pg-int8-cluVZjl5',
121 silly reify   'C:\\Users\\Admin\\OneDrive\\Desktop\\GigaFixzipzip\\backend\\node_modules\\pg-pool': 'C:\\Users\\Admin\\OneDrive\\Desktop\\GigaFixzipzip\\backend\\node_modules\\.pg-pool-uH4E3LzO',
121 silly reify   'C:\\Users\\Admin\\OneDrive\\Desktop\\GigaFixzipzip\\backend\\node_modules\\pg-protocol': 'C:\\Users\\Admin\\OneDrive\\Desktop\\GigaFixzipzip\\backend\\node_modules\\.pg-protocol-Vx5PfCbF',
121 silly reify   'C:\\Users\\Admin\\OneDrive\\Desktop\\GigaFixzipzip\\backend\\node_modules\\pg-types': 'C:\\Users\\Admin\\OneDrive\\Desktop\\GigaFixzipzip\\backend\\node_modules\\.pg-types-I5vNYnb0',
121 silly reify   'C:\\Users\\Admin\\OneDrive\\Desktop\\GigaFixzipzip\\backend\\node_modules\\pgpass': 'C:\\Users\\Admin\\OneDrive\\Desktop\\GigaFixzipzip\\backend\\node_modules\\.pgpass-VAbdWfwk',
121 silly reify   'C:\\Users\\Admin\\OneDrive\\Desktop\\GigaFixzipzip\\backend\\node_modules\\postgres-array': 'C:\\Users\\Admin\\OneDrive\\Desktop\\GigaFixzipzip\\backend\\node_modules\\.postgres-array-8gDn9FEa',
121 silly reify   'C:\\Users\\Admin\\OneDrive\\Desktop\\GigaFixzipzip\\backend\\node_modules\\postgres-date': 'C:\\Users\\Admin\\OneDrive\\Desktop\\GigaFixzipzip\\backend\\node_modules\\.postgres-date-vG2tS4G0',
121 silly reify   'C:\\Users\\Admin\\OneDrive\\Desktop\\GigaFixzipzip\\backend\\node_modules\\postgres-bytea': 'C:\\Users\\Admin\\OneDrive\\Desktop\\GigaFixzipzip\\backend\\node_modules\\.postgres-bytea-YClUOe2z',
121 silly reify   'C:\\Users\\Admin\\OneDrive\\Desktop\\GigaFixzipzip\\backend\\node_modules\\postgres-interval': 'C:\\Users\\Admin\\OneDrive\\Desktop\\GigaFixzipzip\\backend\\node_modules\\.postgres-interval-MghL3mFX',
121 silly reify   'C:\\Users\\Admin\\OneDrive\\Desktop\\GigaFixzipzip\\backend\\node_modules\\proxy-addr': 'C:\\Users\\Admin\\OneDrive\\Desktop\\GigaFixzipzip\\backend\\node_modules\\.proxy-addr-6Vdgs3yT',
121 silly reify   'C:\\Users\\Admin\\OneDrive\\Desktop\\GigaFixzipzip\\backend\\node_modules\\qs': 'C:\\Users\\Admin\\OneDrive\\Desktop\\GigaFixzipzip\\backend\\node_modules\\.qs-sz3VvBIr',
121 silly reify   'C:\\Users\\Admin\\OneDrive\\Desktop\\GigaFixzipzip\\backend\\node_modules\\range-parser': 'C:\\Users\\Admin\\OneDrive\\Desktop\\GigaFixzipzip\\backend\\node_modules\\.range-parser-K0s8s6kk',
121 silly reify   'C:\\Users\\Admin\\OneDrive\\Desktop\\GigaFixzipzip\\backend\\node_modules\\raw-body': 'C:\\Users\\Admin\\OneDrive\\Desktop\\GigaFixzipzip\\backend\\node_modules\\.raw-body-V2mAU2od',
121 silly reify   'C:\\Users\\Admin\\OneDrive\\Desktop\\GigaFixzipzip\\backend\\node_modules\\router': 'C:\\Users\\Admin\\OneDrive\\Desktop\\GigaFixzipzip\\backend\\node_modules\\.router-7TuMGssZ',
121 silly reify   'C:\\Users\\Admin\\OneDrive\\Desktop\\GigaFixzipzip\\backend\\node_modules\\safe-buffer': 'C:\\Users\\Admin\\OneDrive\\Desktop\\GigaFixzipzip\\backend\\node_modules\\.safe-buffer-26WLAVhv',
121 silly reify   'C:\\Users\\Admin\\OneDrive\\Desktop\\GigaFixzipzip\\backend\\node_modules\\safer-buffer': 'C:\\Users\\Admin\\OneDrive\\Desktop\\GigaFixzipzip\\backend\\node_modules\\.safer-buffer-iVTjnuAx',
121 silly reify   'C:\\Users\\Admin\\OneDrive\\Desktop\\GigaFixzipzip\\backend\\node_modules\\semver': 'C:\\Users\\Admin\\OneDrive\\Desktop\\GigaFixzipzip\\backend\\node_modules\\.semver-PhH2Ew4p',
121 silly reify   'C:\\Users\\Admin\\OneDrive\\Desktop\\GigaFixzipzip\\backend\\node_modules\\send': 'C:\\Users\\Admin\\OneDrive\\Desktop\\GigaFixzipzip\\backend\\node_modules\\.send-vhlkbJrz',
121 silly reify   'C:\\Users\\Admin\\OneDrive\\Desktop\\GigaFixzipzip\\backend\\node_modules\\serve-static': 'C:\\Users\\Admin\\OneDrive\\Desktop\\GigaFixzipzip\\backend\\node_modules\\.serve-static-9Efhxnt8',
121 silly reify   'C:\\Users\\Admin\\OneDrive\\Desktop\\GigaFixzipzip\\backend\\node_modules\\side-channel': 'C:\\Users\\Admin\\OneDrive\\Desktop\\GigaFixzipzip\\backend\\node_modules\\.side-channel-vbQaIx2S',
121 silly reify   'C:\\Users\\Admin\\OneDrive\\Desktop\\GigaFixzipzip\\backend\\node_modules\\side-channel-list': 'C:\\Users\\Admin\\OneDrive\\Desktop\\GigaFixzipzip\\backend\\node_modules\\.side-channel-list-VRvlNo4X',
121 silly reify   'C:\\Users\\Admin\\OneDrive\\Desktop\\GigaFixzipzip\\backend\\node_modules\\setprototypeof': 'C:\\Users\\Admin\\OneDrive\\Desktop\\GigaFixzipzip\\backend\\node_modules\\.setprototypeof-l6I9x2tI',
121 silly reify   'C:\\Users\\Admin\\OneDrive\\Desktop\\GigaFixzipzip\\backend\\node_modules\\split2': 'C:\\Users\\Admin\\OneDrive\\Desktop\\GigaFixzipzip\\backend\\node_modules\\.split2-MP5G4RPp',
121 silly reify   'C:\\Users\\Admin\\OneDrive\\Desktop\\GigaFixzipzip\\backend\\node_modules\\side-channel-weakmap': 'C:\\Users\\Admin\\OneDrive\\Desktop\\GigaFixzipzip\\backend\\node_modules\\.side-channel-weakmap-JaJ96BKO',
121 silly reify   'C:\\Users\\Admin\\OneDrive\\Desktop\\GigaFixzipzip\\backend\\node_modules\\side-channel-map': 'C:\\Users\\Admin\\OneDrive\\Desktop\\GigaFixzipzip\\backend\\node_modules\\.side-channel-map-KIVjNbeU',
121 silly reify   'C:\\Users\\Admin\\OneDrive\\Desktop\\GigaFixzipzip\\backend\\node_modules\\statuses': 'C:\\Users\\Admin\\OneDrive\\Desktop\\GigaFixzipzip\\backend\\node_modules\\.statuses-HdKCk8LD',
121 silly reify   'C:\\Users\\Admin\\OneDrive\\Desktop\\GigaFixzipzip\\backend\\node_modules\\toidentifier': 'C:\\Users\\Admin\\OneDrive\\Desktop\\GigaFixzipzip\\backend\\node_modules\\.toidentifier-cmOVHDRD',
121 silly reify   'C:\\Users\\Admin\\OneDrive\\Desktop\\GigaFixzipzip\\backend\\node_modules\\type-is': 'C:\\Users\\Admin\\OneDrive\\Desktop\\GigaFixzipzip\\backend\\node_modules\\.type-is-rlvDr9T6',
121 silly reify   'C:\\Users\\Admin\\OneDrive\\Desktop\\GigaFixzipzip\\backend\\node_modules\\vary': 'C:\\Users\\Admin\\OneDrive\\Desktop\\GigaFixzipzip\\backend\\node_modules\\.vary-nro141Of',
121 silly reify   'C:\\Users\\Admin\\OneDrive\\Desktop\\GigaFixzipzip\\backend\\node_modules\\unpipe': 'C:\\Users\\Admin\\OneDrive\\Desktop\\GigaFixzipzip\\backend\\node_modules\\.unpipe-JiFOBf5O',
121 silly reify   'C:\\Users\\Admin\\OneDrive\\Desktop\\GigaFixzipzip\\backend\\node_modules\\validator': 'C:\\Users\\Admin\\OneDrive\\Desktop\\GigaFixzipzip\\backend\\node_modules\\.validator-SN3WlaAx',
121 silly reify   'C:\\Users\\Admin\\OneDrive\\Desktop\\GigaFixzipzip\\backend\\node_modules\\wrappy': 'C:\\Users\\Admin\\OneDrive\\Desktop\\GigaFixzipzip\\backend\\node_modules\\.wrappy-m0V7uJXe',
121 silly reify   'C:\\Users\\Admin\\OneDrive\\Desktop\\GigaFixzipzip\\backend\\node_modules\\xtend': 'C:\\Users\\Admin\\OneDrive\\Desktop\\GigaFixzipzip\\backend\\node_modules\\.xtend-V6mXBdZ2',
121 silly reify   'C:\\Users\\Admin\\OneDrive\\Desktop\\GigaFixzipzip\\backend\\node_modules\\dotenv': 'C:\\Users\\Admin\\OneDrive\\Desktop\\GigaFixzipzip\\backend\\node_modules\\.dotenv-OI9RVdg3'
121 silly reify }
122 http cache dotenv@https://registry.npmjs.org/dotenv/-/dotenv-17.4.2.tgz 0ms (cache hit)
123 http cache xtend@https://registry.npmjs.org/xtend/-/xtend-4.0.2.tgz 0ms (cache hit)
124 http cache wrappy@https://registry.npmjs.org/wrappy/-/wrappy-1.0.2.tgz 0ms (cache hit)
125 http cache validator@https://registry.npmjs.org/validator/-/validator-13.15.35.tgz 0ms (cache hit)
126 http cache unpipe@https://registry.npmjs.org/unpipe/-/unpipe-1.0.0.tgz 0ms (cache hit)
127 http cache vary@https://registry.npmjs.org/vary/-/vary-1.1.2.tgz 0ms (cache hit)
128 http cache type-is@https://registry.npmjs.org/type-is/-/type-is-2.1.0.tgz 0ms (cache hit)
129 http cache toidentifier@https://registry.npmjs.org/toidentifier/-/toidentifier-1.0.1.tgz 1ms (cache hit)
130 http cache statuses@https://registry.npmjs.org/statuses/-/statuses-2.0.2.tgz 0ms (cache hit)
131 http cache side-channel-map@https://registry.npmjs.org/side-channel-map/-/side-channel-map-1.0.1.tgz 0ms (cache hit)
132 http cache split2@https://registry.npmjs.org/split2/-/split2-4.2.0.tgz 0ms (cache hit)
133 http cache side-channel-weakmap@https://registry.npmjs.org/side-channel-weakmap/-/side-channel-weakmap-1.0.2.tgz 0ms (cache hit)
134 http cache setprototypeof@https://registry.npmjs.org/setprototypeof/-/setprototypeof-1.2.0.tgz 0ms (cache hit)
135 http cache side-channel-list@https://registry.npmjs.org/side-channel-list/-/side-channel-list-1.0.1.tgz 0ms (cache hit)
136 http cache side-channel@https://registry.npmjs.org/side-channel/-/side-channel-1.1.1.tgz 0ms (cache hit)
137 http cache serve-static@https://registry.npmjs.org/serve-static/-/serve-static-2.2.1.tgz 0ms (cache hit)
138 http cache send@https://registry.npmjs.org/send/-/send-1.2.1.tgz 0ms (cache hit)
139 http cache semver@https://registry.npmjs.org/semver/-/semver-7.8.4.tgz 0ms (cache hit)
140 http cache safer-buffer@https://registry.npmjs.org/safer-buffer/-/safer-buffer-2.1.2.tgz 0ms (cache hit)
141 http cache raw-body@https://registry.npmjs.org/raw-body/-/raw-body-3.0.2.tgz 0ms (cache hit)
142 http cache safe-buffer@https://registry.npmjs.org/safe-buffer/-/safe-buffer-5.2.1.tgz 0ms (cache hit)
143 http cache router@https://registry.npmjs.org/router/-/router-2.2.0.tgz 1ms (cache hit)
144 http cache range-parser@https://registry.npmjs.org/range-parser/-/range-parser-1.2.1.tgz 0ms (cache hit)
145 http cache proxy-addr@https://registry.npmjs.org/proxy-addr/-/proxy-addr-2.0.7.tgz 0ms (cache hit)
146 http cache qs@https://registry.npmjs.org/qs/-/qs-6.15.2.tgz 0ms (cache hit)
147 http cache postgres-interval@https://registry.npmjs.org/postgres-interval/-/postgres-interval-1.2.0.tgz 0ms (cache hit)
148 http cache postgres-date@https://registry.npmjs.org/postgres-date/-/postgres-date-1.0.7.tgz 0ms (cache hit)
149 http cache postgres-bytea@https://registry.npmjs.org/postgres-bytea/-/postgres-bytea-1.0.1.tgz 0ms (cache hit)
150 http cache postgres-array@https://registry.npmjs.org/postgres-array/-/postgres-array-2.0.0.tgz 0ms (cache hit)
151 http cache pgpass@https://registry.npmjs.org/pgpass/-/pgpass-1.0.5.tgz 0ms (cache hit)
152 http cache pg-types@https://registry.npmjs.org/pg-types/-/pg-types-2.2.0.tgz 0ms (cache hit)
153 http cache pg-protocol@https://registry.npmjs.org/pg-protocol/-/pg-protocol-1.14.0.tgz 0ms (cache hit)
154 http cache pg-int8@https://registry.npmjs.org/pg-int8/-/pg-int8-1.0.1.tgz 0ms (cache hit)
155 http cache pg-pool@https://registry.npmjs.org/pg-pool/-/pg-pool-3.14.0.tgz 0ms (cache hit)
156 http cache pg-connection-string@https://registry.npmjs.org/pg-connection-string/-/pg-connection-string-2.13.0.tgz 0ms (cache hit)
157 http cache pg-cloudflare@https://registry.npmjs.org/pg-cloudflare/-/pg-cloudflare-1.4.0.tgz 0ms (cache hit)
158 http cache path-to-regexp@https://registry.npmjs.org/path-to-regexp/-/path-to-regexp-8.4.2.tgz 0ms (cache hit)
159 http cache pg@https://registry.npmjs.org/pg/-/pg-8.21.0.tgz 0ms (cache hit)
160 http cache parseurl@https://registry.npmjs.org/parseurl/-/parseurl-1.3.3.tgz 0ms (cache hit)
161 http cache on-finished@https://registry.npmjs.org/on-finished/-/on-finished-2.4.1.tgz 0ms (cache hit)
162 http cache once@https://registry.npmjs.org/once/-/once-1.4.0.tgz 0ms (cache hit)
163 http cache object-inspect@https://registry.npmjs.org/object-inspect/-/object-inspect-1.13.4.tgz 0ms (cache hit)
164 http cache ms@https://registry.npmjs.org/ms/-/ms-2.1.3.tgz 0ms (cache hit)
165 http cache object-assign@https://registry.npmjs.org/object-assign/-/object-assign-4.1.1.tgz 0ms (cache hit)
166 http cache negotiator@https://registry.npmjs.org/negotiator/-/negotiator-1.0.0.tgz 0ms (cache hit)
167 http cache mime-types@https://registry.npmjs.org/mime-types/-/mime-types-3.0.2.tgz 0ms (cache hit)
168 http cache mime-db@https://registry.npmjs.org/mime-db/-/mime-db-1.54.0.tgz 0ms (cache hit)
169 http cache math-intrinsics@https://registry.npmjs.org/math-intrinsics/-/math-intrinsics-1.1.0.tgz 0ms (cache hit)
170 http cache lodash.once@https://registry.npmjs.org/lodash.once/-/lodash.once-4.1.1.tgz 0ms (cache hit)
171 http cache merge-descriptors@https://registry.npmjs.org/merge-descriptors/-/merge-descriptors-2.0.0.tgz 0ms (cache hit)
172 http cache media-typer@https://registry.npmjs.org/media-typer/-/media-typer-1.1.0.tgz 0ms (cache hit)
173 http cache lodash.isstring@https://registry.npmjs.org/lodash.isstring/-/lodash.isstring-4.0.1.tgz 0ms (cache hit)
174 http cache lodash.isplainobject@https://registry.npmjs.org/lodash.isplainobject/-/lodash.isplainobject-4.0.6.tgz 0ms (cache hit)
175 http cache lodash.isinteger@https://registry.npmjs.org/lodash.isinteger/-/lodash.isinteger-4.0.4.tgz 0ms (cache hit)
176 http cache lodash.isboolean@https://registry.npmjs.org/lodash.isboolean/-/lodash.isboolean-3.0.3.tgz 0ms (cache hit)
177 http cache lodash.isnumber@https://registry.npmjs.org/lodash.isnumber/-/lodash.isnumber-3.0.3.tgz 0ms (cache hit)
178 http cache lodash.includes@https://registry.npmjs.org/lodash.includes/-/lodash.includes-4.3.0.tgz 0ms (cache hit)
179 http cache lodash@https://registry.npmjs.org/lodash/-/lodash-4.18.1.tgz 0ms (cache hit)
180 http cache jws@https://registry.npmjs.org/jws/-/jws-4.0.1.tgz 0ms (cache hit)
181 http cache jwa@https://registry.npmjs.org/jwa/-/jwa-2.0.1.tgz 0ms (cache hit)
182 http cache is-promise@https://registry.npmjs.org/is-promise/-/is-promise-4.0.0.tgz 0ms (cache hit)
183 http cache ipaddr.js@https://registry.npmjs.org/ipaddr.js/-/ipaddr.js-1.9.1.tgz 0ms (cache hit)
184 http cache inherits@https://registry.npmjs.org/inherits/-/inherits-2.0.4.tgz 0ms (cache hit)
185 http cache iconv-lite@https://registry.npmjs.org/iconv-lite/-/iconv-lite-0.7.2.tgz 0ms (cache hit)
186 http cache http-errors@https://registry.npmjs.org/http-errors/-/http-errors-2.0.1.tgz 0ms (cache hit)
187 http cache helmet@https://registry.npmjs.org/helmet/-/helmet-8.2.0.tgz 0ms (cache hit)
188 http cache hasown@https://registry.npmjs.org/hasown/-/hasown-2.0.4.tgz 0ms (cache hit)
189 http cache has-symbols@https://registry.npmjs.org/has-symbols/-/has-symbols-1.1.0.tgz 0ms (cache hit)
190 http cache jsonwebtoken@https://registry.npmjs.org/jsonwebtoken/-/jsonwebtoken-9.0.3.tgz 0ms (cache hit)
191 http cache get-proto@https://registry.npmjs.org/get-proto/-/get-proto-1.0.1.tgz 0ms (cache hit)
192 http cache get-intrinsic@https://registry.npmjs.org/get-intrinsic/-/get-intrinsic-1.3.0.tgz 0ms (cache hit)
193 http cache gopd@https://registry.npmjs.org/gopd/-/gopd-1.2.0.tgz 0ms (cache hit)
194 http cache forwarded@https://registry.npmjs.org/forwarded/-/forwarded-0.2.0.tgz 0ms (cache hit)
195 http cache function-bind@https://registry.npmjs.org/function-bind/-/function-bind-1.1.2.tgz 0ms (cache hit)
196 http cache fresh@https://registry.npmjs.org/fresh/-/fresh-2.0.0.tgz 0ms (cache hit)
197 http cache finalhandler@https://registry.npmjs.org/finalhandler/-/finalhandler-2.1.1.tgz 0ms (cache hit)
198 http cache express-validator@https://registry.npmjs.org/express-validator/-/express-validator-7.3.2.tgz 0ms (cache hit)
199 http cache express@https://registry.npmjs.org/express/-/express-5.2.1.tgz 0ms (cache hit)
200 http cache etag@https://registry.npmjs.org/etag/-/etag-1.8.1.tgz 0ms (cache hit)
201 http cache es-object-atoms@https://registry.npmjs.org/es-object-atoms/-/es-object-atoms-1.1.2.tgz 1ms (cache hit)
202 http cache express-rate-limit@https://registry.npmjs.org/express-rate-limit/-/express-rate-limit-7.5.1.tgz 0ms (cache hit)
203 http cache escape-html@https://registry.npmjs.org/escape-html/-/escape-html-1.0.3.tgz 0ms (cache hit)
204 http cache es-define-property@https://registry.npmjs.org/es-define-property/-/es-define-property-1.0.1.tgz 0ms (cache hit)
205 http cache encodeurl@https://registry.npmjs.org/encodeurl/-/encodeurl-2.0.0.tgz 0ms (cache hit)
206 http cache ecdsa-sig-formatter@https://registry.npmjs.org/ecdsa-sig-formatter/-/ecdsa-sig-formatter-1.0.11.tgz 0ms (cache hit)
207 http cache es-errors@https://registry.npmjs.org/es-errors/-/es-errors-1.3.0.tgz 0ms (cache hit)
208 http cache ee-first@https://registry.npmjs.org/ee-first/-/ee-first-1.1.1.tgz 0ms (cache hit)
209 http cache dunder-proto@https://registry.npmjs.org/dunder-proto/-/dunder-proto-1.0.1.tgz 0ms (cache hit)
210 http cache depd@https://registry.npmjs.org/depd/-/depd-2.0.0.tgz 0ms (cache hit)
211 http cache cors@https://registry.npmjs.org/cors/-/cors-2.8.6.tgz 0ms (cache hit)
212 http cache cookie-signature@https://registry.npmjs.org/cookie-signature/-/cookie-signature-1.2.2.tgz 0ms (cache hit)
213 http cache cookie@https://registry.npmjs.org/cookie/-/cookie-0.7.2.tgz 0ms (cache hit)
214 http cache content-type@https://registry.npmjs.org/content-type/-/content-type-1.0.5.tgz 0ms (cache hit)
215 http cache content-disposition@https://registry.npmjs.org/content-disposition/-/content-disposition-1.1.0.tgz 0ms (cache hit)
216 http cache call-bound@https://registry.npmjs.org/call-bound/-/call-bound-1.0.4.tgz 0ms (cache hit)
217 http cache buffer-equal-constant-time@https://registry.npmjs.org/buffer-equal-constant-time/-/buffer-equal-constant-time-1.0.1.tgz 0ms (cache hit)
218 http cache bytes@https://registry.npmjs.org/bytes/-/bytes-3.1.2.tgz 0ms (cache hit)
219 http cache call-bind-apply-helpers@https://registry.npmjs.org/call-bind-apply-helpers/-/call-bind-apply-helpers-1.0.2.tgz 0ms (cache hit)
220 http cache body-parser@https://registry.npmjs.org/body-parser/-/body-parser-2.3.0.tgz 0ms (cache hit)
221 http cache content-type@https://registry.npmjs.org/content-type/-/content-type-2.0.0.tgz 0ms (cache hit)
222 http cache debug@https://registry.npmjs.org/debug/-/debug-4.4.3.tgz 1ms (cache hit)
223 silly tarball no local data for xtend@https://registry.npmjs.org/xtend/-/xtend-4.0.2.tgz. Extracting by manifest.
224 silly tarball no local data for wrappy@https://registry.npmjs.org/wrappy/-/wrappy-1.0.2.tgz. Extracting by manifest.
225 http cache content-type@https://registry.npmjs.org/content-type/-/content-type-2.0.0.tgz 0ms (cache hit)
226 http cache bcryptjs@https://registry.npmjs.org/bcryptjs/-/bcryptjs-3.0.3.tgz 0ms (cache hit)
227 silly tarball no local data for validator@https://registry.npmjs.org/validator/-/validator-13.15.35.tgz. Extracting by manifest.
228 silly tarball no local data for unpipe@https://registry.npmjs.org/unpipe/-/unpipe-1.0.0.tgz. Extracting by manifest.
229 silly tarball no local data for vary@https://registry.npmjs.org/vary/-/vary-1.1.2.tgz. Extracting by manifest.
230 http cache accepts@https://registry.npmjs.org/accepts/-/accepts-2.0.0.tgz 0ms (cache hit)
231 silly tarball no local data for type-is@https://registry.npmjs.org/type-is/-/type-is-2.1.0.tgz. Extracting by manifest.
232 silly tarball no local data for toidentifier@https://registry.npmjs.org/toidentifier/-/toidentifier-1.0.1.tgz. Extracting by manifest.
233 silly tarball no local data for statuses@https://registry.npmjs.org/statuses/-/statuses-2.0.2.tgz. Extracting by manifest.
234 silly tarball no local data for side-channel-map@https://registry.npmjs.org/side-channel-map/-/side-channel-map-1.0.1.tgz. Extracting by manifest.
235 silly tarball no local data for split2@https://registry.npmjs.org/split2/-/split2-4.2.0.tgz. Extracting by manifest.
236 silly tarball no local data for side-channel-weakmap@https://registry.npmjs.org/side-channel-weakmap/-/side-channel-weakmap-1.0.2.tgz. Extracting by manifest.
237 silly tarball no local data for setprototypeof@https://registry.npmjs.org/setprototypeof/-/setprototypeof-1.2.0.tgz. Extracting by manifest.
238 silly tarball no local data for side-channel-list@https://registry.npmjs.org/side-channel-list/-/side-channel-list-1.0.1.tgz. Extracting by manifest.
239 silly tarball no local data for side-channel@https://registry.npmjs.org/side-channel/-/side-channel-1.1.1.tgz. Extracting by manifest.
240 silly tarball no local data for serve-static@https://registry.npmjs.org/serve-static/-/serve-static-2.2.1.tgz. Extracting by manifest.
241 silly tarball no local data for send@https://registry.npmjs.org/send/-/send-1.2.1.tgz. Extracting by manifest.
242 silly tarball no local data for semver@https://registry.npmjs.org/semver/-/semver-7.8.4.tgz. Extracting by manifest.
243 silly tarball no local data for safer-buffer@https://registry.npmjs.org/safer-buffer/-/safer-buffer-2.1.2.tgz. Extracting by manifest.
244 silly tarball no local data for raw-body@https://registry.npmjs.org/raw-body/-/raw-body-3.0.2.tgz. Extracting by manifest.
245 silly tarball no local data for safe-buffer@https://registry.npmjs.org/safe-buffer/-/safe-buffer-5.2.1.tgz. Extracting by manifest.
246 silly tarball no local data for router@https://registry.npmjs.org/router/-/router-2.2.0.tgz. Extracting by manifest.
247 silly tarball no local data for range-parser@https://registry.npmjs.org/range-parser/-/range-parser-1.2.1.tgz. Extracting by manifest.
248 silly tarball no local data for proxy-addr@https://registry.npmjs.org/proxy-addr/-/proxy-addr-2.0.7.tgz. Extracting by manifest.
249 silly tarball no local data for qs@https://registry.npmjs.org/qs/-/qs-6.15.2.tgz. Extracting by manifest.
250 silly tarball no local data for postgres-interval@https://registry.npmjs.org/postgres-interval/-/postgres-interval-1.2.0.tgz. Extracting by manifest.
251 silly tarball no local data for postgres-date@https://registry.npmjs.org/postgres-date/-/postgres-date-1.0.7.tgz. Extracting by manifest.
252 silly tarball no local data for postgres-bytea@https://registry.npmjs.org/postgres-bytea/-/postgres-bytea-1.0.1.tgz. Extracting by manifest.
253 silly tarball no local data for postgres-array@https://registry.npmjs.org/postgres-array/-/postgres-array-2.0.0.tgz. Extracting by manifest.
254 silly tarball no local data for pgpass@https://registry.npmjs.org/pgpass/-/pgpass-1.0.5.tgz. Extracting by manifest.
255 silly tarball no local data for pg-types@https://registry.npmjs.org/pg-types/-/pg-types-2.2.0.tgz. Extracting by manifest.
256 silly tarball no local data for pg-protocol@https://registry.npmjs.org/pg-protocol/-/pg-protocol-1.14.0.tgz. Extracting by manifest.
257 silly tarball no local data for pg-int8@https://registry.npmjs.org/pg-int8/-/pg-int8-1.0.1.tgz. Extracting by manifest.
258 silly tarball no local data for pg-pool@https://registry.npmjs.org/pg-pool/-/pg-pool-3.14.0.tgz. Extracting by manifest.
259 silly tarball no local data for pg-connection-string@https://registry.npmjs.org/pg-connection-string/-/pg-connection-string-2.13.0.tgz. Extracting by manifest.
260 silly tarball no local data for pg-cloudflare@https://registry.npmjs.org/pg-cloudflare/-/pg-cloudflare-1.4.0.tgz. Extracting by manifest.
261 silly tarball no local data for path-to-regexp@https://registry.npmjs.org/path-to-regexp/-/path-to-regexp-8.4.2.tgz. Extracting by manifest.
262 silly tarball no local data for pg@https://registry.npmjs.org/pg/-/pg-8.21.0.tgz. Extracting by manifest.
263 silly tarball no local data for parseurl@https://registry.npmjs.org/parseurl/-/parseurl-1.3.3.tgz. Extracting by manifest.
264 silly tarball no local data for on-finished@https://registry.npmjs.org/on-finished/-/on-finished-2.4.1.tgz. Extracting by manifest.
265 silly tarball no local data for once@https://registry.npmjs.org/once/-/once-1.4.0.tgz. Extracting by manifest.
266 silly tarball no local data for object-inspect@https://registry.npmjs.org/object-inspect/-/object-inspect-1.13.4.tgz. Extracting by manifest.
267 silly tarball no local data for ms@https://registry.npmjs.org/ms/-/ms-2.1.3.tgz. Extracting by manifest.
268 silly tarball no local data for object-assign@https://registry.npmjs.org/object-assign/-/object-assign-4.1.1.tgz. Extracting by manifest.
269 silly tarball no local data for negotiator@https://registry.npmjs.org/negotiator/-/negotiator-1.0.0.tgz. Extracting by manifest.
270 silly tarball no local data for mime-types@https://registry.npmjs.org/mime-types/-/mime-types-3.0.2.tgz. Extracting by manifest.
271 silly tarball no local data for mime-db@https://registry.npmjs.org/mime-db/-/mime-db-1.54.0.tgz. Extracting by manifest.
272 silly tarball no local data for math-intrinsics@https://registry.npmjs.org/math-intrinsics/-/math-intrinsics-1.1.0.tgz. Extracting by manifest.
273 silly tarball no local data for lodash.once@https://registry.npmjs.org/lodash.once/-/lodash.once-4.1.1.tgz. Extracting by manifest.
274 silly tarball no local data for merge-descriptors@https://registry.npmjs.org/merge-descriptors/-/merge-descriptors-2.0.0.tgz. Extracting by manifest.
275 silly tarball no local data for media-typer@https://registry.npmjs.org/media-typer/-/media-typer-1.1.0.tgz. Extracting by manifest.
276 silly tarball no local data for lodash.isstring@https://registry.npmjs.org/lodash.isstring/-/lodash.isstring-4.0.1.tgz. Extracting by manifest.
277 silly tarball no local data for lodash.isplainobject@https://registry.npmjs.org/lodash.isplainobject/-/lodash.isplainobject-4.0.6.tgz. Extracting by manifest.
278 silly tarball no local data for lodash.isinteger@https://registry.npmjs.org/lodash.isinteger/-/lodash.isinteger-4.0.4.tgz. Extracting by manifest.
279 silly tarball no local data for lodash.isboolean@https://registry.npmjs.org/lodash.isboolean/-/lodash.isboolean-3.0.3.tgz. Extracting by manifest.
280 silly tarball no local data for lodash.isnumber@https://registry.npmjs.org/lodash.isnumber/-/lodash.isnumber-3.0.3.tgz. Extracting by manifest.
281 silly tarball no local data for lodash.includes@https://registry.npmjs.org/lodash.includes/-/lodash.includes-4.3.0.tgz. Extracting by manifest.
282 silly tarball no local data for lodash@https://registry.npmjs.org/lodash/-/lodash-4.18.1.tgz. Extracting by manifest.
283 silly tarball no local data for jws@https://registry.npmjs.org/jws/-/jws-4.0.1.tgz. Extracting by manifest.
284 silly tarball no local data for jwa@https://registry.npmjs.org/jwa/-/jwa-2.0.1.tgz. Extracting by manifest.
285 silly tarball no local data for is-promise@https://registry.npmjs.org/is-promise/-/is-promise-4.0.0.tgz. Extracting by manifest.
286 silly tarball no local data for ipaddr.js@https://registry.npmjs.org/ipaddr.js/-/ipaddr.js-1.9.1.tgz. Extracting by manifest.
287 silly tarball no local data for inherits@https://registry.npmjs.org/inherits/-/inherits-2.0.4.tgz. Extracting by manifest.
288 silly tarball no local data for iconv-lite@https://registry.npmjs.org/iconv-lite/-/iconv-lite-0.7.2.tgz. Extracting by manifest.
289 silly tarball no local data for http-errors@https://registry.npmjs.org/http-errors/-/http-errors-2.0.1.tgz. Extracting by manifest.
290 silly tarball no local data for helmet@https://registry.npmjs.org/helmet/-/helmet-8.2.0.tgz. Extracting by manifest.
291 silly tarball no local data for hasown@https://registry.npmjs.org/hasown/-/hasown-2.0.4.tgz. Extracting by manifest.
292 silly tarball no local data for has-symbols@https://registry.npmjs.org/has-symbols/-/has-symbols-1.1.0.tgz. Extracting by manifest.
293 silly tarball no local data for jsonwebtoken@https://registry.npmjs.org/jsonwebtoken/-/jsonwebtoken-9.0.3.tgz. Extracting by manifest.
294 silly tarball no local data for get-proto@https://registry.npmjs.org/get-proto/-/get-proto-1.0.1.tgz. Extracting by manifest.
295 silly tarball no local data for get-intrinsic@https://registry.npmjs.org/get-intrinsic/-/get-intrinsic-1.3.0.tgz. Extracting by manifest.
296 silly tarball no local data for gopd@https://registry.npmjs.org/gopd/-/gopd-1.2.0.tgz. Extracting by manifest.
297 silly tarball no local data for forwarded@https://registry.npmjs.org/forwarded/-/forwarded-0.2.0.tgz. Extracting by manifest.
298 silly tarball no local data for function-bind@https://registry.npmjs.org/function-bind/-/function-bind-1.1.2.tgz. Extracting by manifest.
299 silly tarball no local data for fresh@https://registry.npmjs.org/fresh/-/fresh-2.0.0.tgz. Extracting by manifest.
300 silly tarball no local data for finalhandler@https://registry.npmjs.org/finalhandler/-/finalhandler-2.1.1.tgz. Extracting by manifest.
301 silly tarball no local data for express-validator@https://registry.npmjs.org/express-validator/-/express-validator-7.3.2.tgz. Extracting by manifest.
302 silly tarball no local data for express@https://registry.npmjs.org/express/-/express-5.2.1.tgz. Extracting by manifest.
303 silly tarball no local data for etag@https://registry.npmjs.org/etag/-/etag-1.8.1.tgz. Extracting by manifest.
304 silly tarball no local data for es-object-atoms@https://registry.npmjs.org/es-object-atoms/-/es-object-atoms-1.1.2.tgz. Extracting by manifest.
305 silly tarball no local data for express-rate-limit@https://registry.npmjs.org/express-rate-limit/-/express-rate-limit-7.5.1.tgz. Extracting by manifest.
306 silly tarball no local data for escape-html@https://registry.npmjs.org/escape-html/-/escape-html-1.0.3.tgz. Extracting by manifest.
307 silly tarball no local data for es-define-property@https://registry.npmjs.org/es-define-property/-/es-define-property-1.0.1.tgz. Extracting by manifest.
308 silly tarball no local data for encodeurl@https://registry.npmjs.org/encodeurl/-/encodeurl-2.0.0.tgz. Extracting by manifest.
309 silly tarball no local data for ecdsa-sig-formatter@https://registry.npmjs.org/ecdsa-sig-formatter/-/ecdsa-sig-formatter-1.0.11.tgz. Extracting by manifest.
310 silly tarball no local data for es-errors@https://registry.npmjs.org/es-errors/-/es-errors-1.3.0.tgz. Extracting by manifest.
311 silly tarball no local data for ee-first@https://registry.npmjs.org/ee-first/-/ee-first-1.1.1.tgz. Extracting by manifest.
312 silly tarball no local data for dunder-proto@https://registry.npmjs.org/dunder-proto/-/dunder-proto-1.0.1.tgz. Extracting by manifest.
313 silly tarball no local data for depd@https://registry.npmjs.org/depd/-/depd-2.0.0.tgz. Extracting by manifest.
314 silly tarball no local data for cors@https://registry.npmjs.org/cors/-/cors-2.8.6.tgz. Extracting by manifest.
315 silly tarball no local data for cookie-signature@https://registry.npmjs.org/cookie-signature/-/cookie-signature-1.2.2.tgz. Extracting by manifest.
316 silly tarball no local data for cookie@https://registry.npmjs.org/cookie/-/cookie-0.7.2.tgz. Extracting by manifest.
317 silly tarball no local data for content-type@https://registry.npmjs.org/content-type/-/content-type-1.0.5.tgz. Extracting by manifest.
318 silly tarball no local data for content-disposition@https://registry.npmjs.org/content-disposition/-/content-disposition-1.1.0.tgz. Extracting by manifest.
319 silly tarball no local data for call-bound@https://registry.npmjs.org/call-bound/-/call-bound-1.0.4.tgz. Extracting by manifest.
320 silly tarball no local data for buffer-equal-constant-time@https://registry.npmjs.org/buffer-equal-constant-time/-/buffer-equal-constant-time-1.0.1.tgz. Extracting by manifest.
321 silly tarball no local data for bytes@https://registry.npmjs.org/bytes/-/bytes-3.1.2.tgz. Extracting by manifest.
322 silly tarball no local data for call-bind-apply-helpers@https://registry.npmjs.org/call-bind-apply-helpers/-/call-bind-apply-helpers-1.0.2.tgz. Extracting by manifest.
323 silly tarball no local data for body-parser@https://registry.npmjs.org/body-parser/-/body-parser-2.3.0.tgz. Extracting by manifest.
324 silly tarball no local data for content-type@https://registry.npmjs.org/content-type/-/content-type-2.0.0.tgz. Extracting by manifest.
325 silly tarball no local data for debug@https://registry.npmjs.org/debug/-/debug-4.4.3.tgz. Extracting by manifest.
326 silly tarball no local data for content-type@https://registry.npmjs.org/content-type/-/content-type-2.0.0.tgz. Extracting by manifest.
327 silly tarball no local data for bcryptjs@https://registry.npmjs.org/bcryptjs/-/bcryptjs-3.0.3.tgz. Extracting by manifest.
328 silly tarball no local data for accepts@https://registry.npmjs.org/accepts/-/accepts-2.0.0.tgz. Extracting by manifest.
329 http fetch GET 200 https://registry.npmjs.org/wrappy/-/wrappy-1.0.2.tgz 1838ms (cache miss)
330 http fetch GET 200 https://registry.npmjs.org/unpipe/-/unpipe-1.0.0.tgz 1874ms (cache miss)
331 http fetch GET 200 https://registry.npmjs.org/toidentifier/-/toidentifier-1.0.1.tgz 1907ms (cache miss)
332 http fetch GET 200 https://registry.npmjs.org/lodash.isboolean/-/lodash.isboolean-3.0.3.tgz 1882ms (cache miss)
333 http fetch GET 200 https://registry.npmjs.org/vary/-/vary-1.1.2.tgz 1950ms (cache miss)
334 http fetch GET 200 https://registry.npmjs.org/pg-int8/-/pg-int8-1.0.1.tgz 1941ms (cache miss)
335 http fetch GET 200 https://registry.npmjs.org/postgres-bytea/-/postgres-bytea-1.0.1.tgz 1946ms (cache miss)
336 http fetch GET 200 https://registry.npmjs.org/range-parser/-/range-parser-1.2.1.tgz 1994ms (cache miss)
337 http fetch GET 200 https://registry.npmjs.org/postgres-interval/-/postgres-interval-1.2.0.tgz 1996ms (cache miss)
338 http fetch GET 200 https://registry.npmjs.org/postgres-array/-/postgres-array-2.0.0.tgz 1996ms (cache miss)
339 http fetch GET 200 https://registry.npmjs.org/postgres-date/-/postgres-date-1.0.7.tgz 1998ms (cache miss)
340 http fetch GET 200 https://registry.npmjs.org/pg-pool/-/pg-pool-3.14.0.tgz 1995ms (cache miss)
341 http fetch GET 200 https://registry.npmjs.org/on-finished/-/on-finished-2.4.1.tgz 1991ms (cache miss)
342 http fetch GET 200 https://registry.npmjs.org/once/-/once-1.4.0.tgz 1993ms (cache miss)
343 http fetch GET 200 https://registry.npmjs.org/lodash.isplainobject/-/lodash.isplainobject-4.0.6.tgz 1987ms (cache miss)
344 http fetch GET 200 https://registry.npmjs.org/lodash.once/-/lodash.once-4.1.1.tgz 1997ms (cache miss)
345 http fetch GET 200 https://registry.npmjs.org/split2/-/split2-4.2.0.tgz 2040ms (cache miss)
346 http fetch GET 200 https://registry.npmjs.org/setprototypeof/-/setprototypeof-1.2.0.tgz 2039ms (cache miss)
347 http fetch GET 200 https://registry.npmjs.org/pgpass/-/pgpass-1.0.5.tgz 2030ms (cache miss)
348 http fetch GET 200 https://registry.npmjs.org/object-assign/-/object-assign-4.1.1.tgz 2023ms (cache miss)
349 http fetch GET 200 https://registry.npmjs.org/ms/-/ms-2.1.3.tgz 2025ms (cache miss)
350 http fetch GET 200 https://registry.npmjs.org/merge-descriptors/-/merge-descriptors-2.0.0.tgz 2025ms (cache miss)
351 http fetch GET 200 https://registry.npmjs.org/xtend/-/xtend-4.0.2.tgz 2088ms (cache miss)
352 http fetch GET 200 https://registry.npmjs.org/statuses/-/statuses-2.0.2.tgz 2078ms (cache miss)
353 http fetch GET 200 https://registry.npmjs.org/parseurl/-/parseurl-1.3.3.tgz 2059ms (cache miss)
354 http fetch GET 200 https://registry.npmjs.org/lodash.isstring/-/lodash.isstring-4.0.1.tgz 2051ms (cache miss)
355 http fetch GET 200 https://registry.npmjs.org/lodash.isinteger/-/lodash.isinteger-4.0.4.tgz 2052ms (cache miss)
356 http fetch GET 200 https://registry.npmjs.org/lodash.isnumber/-/lodash.isnumber-3.0.3.tgz 2053ms (cache miss)
357 http fetch GET 200 https://registry.npmjs.org/inherits/-/inherits-2.0.4.tgz 2050ms (cache miss)
358 http fetch GET 200 https://registry.npmjs.org/media-typer/-/media-typer-1.1.0.tgz 2087ms (cache miss)
359 http fetch GET 200 https://registry.npmjs.org/finalhandler/-/finalhandler-2.1.1.tgz 2077ms (cache miss)
360 http fetch GET 200 https://registry.npmjs.org/ee-first/-/ee-first-1.1.1.tgz 2067ms (cache miss)
361 http fetch GET 200 https://registry.npmjs.org/etag/-/etag-1.8.1.tgz 2079ms (cache miss)
362 http fetch GET 200 https://registry.npmjs.org/content-disposition/-/content-disposition-1.1.0.tgz 2065ms (cache miss)
363 http fetch GET 200 https://registry.npmjs.org/encodeurl/-/encodeurl-2.0.0.tgz 2075ms (cache miss)
364 http fetch GET 200 https://registry.npmjs.org/escape-html/-/escape-html-1.0.3.tgz 2094ms (cache miss)
365 http fetch GET 200 https://registry.npmjs.org/cookie-signature/-/cookie-signature-1.2.2.tgz 2088ms (cache miss)
366 http fetch GET 200 https://registry.npmjs.org/content-type/-/content-type-1.0.5.tgz 2088ms (cache miss)
367 http fetch GET 200 https://registry.npmjs.org/pg-connection-string/-/pg-connection-string-2.13.0.tgz 2150ms (cache miss)
368 http fetch GET 200 https://registry.npmjs.org/is-promise/-/is-promise-4.0.0.tgz 2142ms (cache miss)
369 http fetch GET 200 https://registry.npmjs.org/forwarded/-/forwarded-0.2.0.tgz 2381ms (cache miss)
370 http fetch GET 200 https://registry.npmjs.org/fresh/-/fresh-2.0.0.tgz 2384ms (cache miss)
371 http fetch GET 200 https://registry.npmjs.org/buffer-equal-constant-time/-/buffer-equal-constant-time-1.0.1.tgz 2369ms (cache miss)
372 http fetch GET 200 https://registry.npmjs.org/proxy-addr/-/proxy-addr-2.0.7.tgz 2435ms (cache miss)
373 http fetch GET 200 https://registry.npmjs.org/bytes/-/bytes-3.1.2.tgz 2400ms (cache miss)
374 http fetch GET 200 https://registry.npmjs.org/serve-static/-/serve-static-2.2.1.tgz 2469ms (cache miss)
375 http fetch GET 200 https://registry.npmjs.org/safer-buffer/-/safer-buffer-2.1.2.tgz 2490ms (cache miss)
376 http fetch GET 200 https://registry.npmjs.org/type-is/-/type-is-2.1.0.tgz 2515ms (cache miss)
377 http fetch GET 200 https://registry.npmjs.org/raw-body/-/raw-body-3.0.2.tgz 2504ms (cache miss)
378 http fetch GET 200 https://registry.npmjs.org/ipaddr.js/-/ipaddr.js-1.9.1.tgz 2500ms (cache miss)
379 http fetch GET 200 https://registry.npmjs.org/lodash.includes/-/lodash.includes-4.3.0.tgz 2519ms (cache miss)
380 http fetch GET 200 https://registry.npmjs.org/jwa/-/jwa-2.0.1.tgz 2566ms (cache miss)
381 http fetch GET 200 https://registry.npmjs.org/ecdsa-sig-formatter/-/ecdsa-sig-formatter-1.0.11.tgz 2543ms (cache miss)
382 http fetch GET 200 https://registry.npmjs.org/send/-/send-1.2.1.tgz 2612ms (cache miss)
383 http fetch GET 200 https://registry.npmjs.org/safe-buffer/-/safe-buffer-5.2.1.tgz 2628ms (cache miss)
384 http fetch GET 200 https://registry.npmjs.org/accepts/-/accepts-2.0.0.tgz 2504ms (cache miss)
385 http fetch GET 200 https://registry.npmjs.org/mime-types/-/mime-types-3.0.2.tgz 2636ms (cache miss)
386 http fetch GET 200 https://registry.npmjs.org/content-type/-/content-type-2.0.0.tgz 2609ms (cache miss)
387 http fetch GET 200 https://registry.npmjs.org/cookie/-/cookie-0.7.2.tgz 2617ms (cache miss)
388 http fetch GET 200 https://registry.npmjs.org/depd/-/depd-2.0.0.tgz 2632ms (cache miss)
389 http fetch GET 200 https://registry.npmjs.org/http-errors/-/http-errors-2.0.1.tgz 2660ms (cache miss)
390 http fetch GET 200 https://registry.npmjs.org/cors/-/cors-2.8.6.tgz 2640ms (cache miss)
391 http fetch GET 200 https://registry.npmjs.org/content-type/-/content-type-2.0.0.tgz 2583ms (cache miss)
392 http fetch GET 200 https://registry.npmjs.org/hasown/-/hasown-2.0.4.tgz 2736ms (cache miss)
393 http fetch GET 200 https://registry.npmjs.org/jws/-/jws-4.0.1.tgz 2875ms (cache miss)
394 http fetch GET 200 https://registry.npmjs.org/path-to-regexp/-/path-to-regexp-8.4.2.tgz 2906ms (cache miss)
395 http fetch GET 200 https://registry.npmjs.org/negotiator/-/negotiator-1.0.0.tgz 2990ms (cache miss)
396 http fetch GET 200 https://registry.npmjs.org/router/-/router-2.2.0.tgz 3010ms (cache miss)
397 http fetch GET 200 https://registry.npmjs.org/side-channel-weakmap/-/side-channel-weakmap-1.0.2.tgz 3027ms (cache miss)
398 http fetch GET 200 https://registry.npmjs.org/side-channel-map/-/side-channel-map-1.0.1.tgz 3030ms (cache miss)
399 http fetch GET 200 https://registry.npmjs.org/mime-db/-/mime-db-1.54.0.tgz 3005ms (cache miss)
400 http fetch GET 200 https://registry.npmjs.org/es-define-property/-/es-define-property-1.0.1.tgz 2976ms (cache miss)
401 http fetch GET 200 https://registry.npmjs.org/express/-/express-5.2.1.tgz 2987ms (cache miss)
402 http fetch GET 200 https://registry.npmjs.org/side-channel-list/-/side-channel-list-1.0.1.tgz 3106ms (cache miss)
403 http fetch GET 200 https://registry.npmjs.org/side-channel/-/side-channel-1.1.1.tgz 3112ms (cache miss)
404 http fetch GET 200 https://registry.npmjs.org/body-parser/-/body-parser-2.3.0.tgz 3053ms (cache miss)
405 http fetch GET 200 https://registry.npmjs.org/express-rate-limit/-/express-rate-limit-7.5.1.tgz 3073ms (cache miss)
406 http fetch GET 200 https://registry.npmjs.org/get-intrinsic/-/get-intrinsic-1.3.0.tgz 3085ms (cache miss)
407 http fetch GET 200 https://registry.npmjs.org/gopd/-/gopd-1.2.0.tgz 3092ms (cache miss)
408 http fetch GET 200 https://registry.npmjs.org/pg-cloudflare/-/pg-cloudflare-1.4.0.tgz 3158ms (cache miss)
409 http fetch GET 200 https://registry.npmjs.org/call-bound/-/call-bound-1.0.4.tgz 3109ms (cache miss)
410 http fetch GET 200 https://registry.npmjs.org/function-bind/-/function-bind-1.1.2.tgz 3136ms (cache miss)
411 http fetch GET 200 https://registry.npmjs.org/debug/-/debug-4.4.3.tgz 3112ms (cache miss)
412 http fetch GET 200 https://registry.npmjs.org/get-proto/-/get-proto-1.0.1.tgz 3177ms (cache miss)
413 http fetch GET 200 https://registry.npmjs.org/helmet/-/helmet-8.2.0.tgz 3190ms (cache miss)
414 http fetch GET 200 https://registry.npmjs.org/bcryptjs/-/bcryptjs-3.0.3.tgz 3106ms (cache miss)
415 http fetch GET 200 https://registry.npmjs.org/dunder-proto/-/dunder-proto-1.0.1.tgz 3177ms (cache miss)
416 http fetch GET 200 https://registry.npmjs.org/pg-types/-/pg-types-2.2.0.tgz 3227ms (cache miss)
417 http fetch GET 200 https://registry.npmjs.org/es-object-atoms/-/es-object-atoms-1.1.2.tgz 3212ms (cache miss)
418 http fetch GET 200 https://registry.npmjs.org/has-symbols/-/has-symbols-1.1.0.tgz 3235ms (cache miss)
419 http fetch GET 200 https://registry.npmjs.org/jsonwebtoken/-/jsonwebtoken-9.0.3.tgz 3312ms (cache miss)
420 http fetch GET 200 https://registry.npmjs.org/call-bind-apply-helpers/-/call-bind-apply-helpers-1.0.2.tgz 3308ms (cache miss)
421 http fetch GET 200 https://registry.npmjs.org/es-errors/-/es-errors-1.3.0.tgz 3345ms (cache miss)
422 http fetch GET 200 https://registry.npmjs.org/pg/-/pg-8.21.0.tgz 3540ms (cache miss)
423 http fetch GET 200 https://registry.npmjs.org/qs/-/qs-6.15.2.tgz 3688ms (cache miss)
424 http fetch GET 200 https://registry.npmjs.org/iconv-lite/-/iconv-lite-0.7.2.tgz 3794ms (cache miss)
425 http fetch GET 200 https://registry.npmjs.org/math-intrinsics/-/math-intrinsics-1.1.0.tgz 3857ms (cache miss)
426 http fetch GET 200 https://registry.npmjs.org/object-inspect/-/object-inspect-1.13.4.tgz 3877ms (cache miss)
427 http fetch GET 200 https://registry.npmjs.org/pg-protocol/-/pg-protocol-1.14.0.tgz 3941ms (cache miss)
428 http fetch GET 200 https://registry.npmjs.org/semver/-/semver-7.8.4.tgz 4024ms (cache miss)
429 http fetch GET 200 https://registry.npmjs.org/express-validator/-/express-validator-7.3.2.tgz 4081ms (cache miss)
430 http fetch GET 200 https://registry.npmjs.org/validator/-/validator-13.15.35.tgz 5134ms (cache miss)
431 http fetch GET 200 https://registry.npmjs.org/lodash/-/lodash-4.18.1.tgz 8603ms (cache miss)
432 silly CHANGE node_modules/dotenv
433 silly CHANGE node_modules/xtend
434 silly CHANGE node_modules/wrappy
435 silly CHANGE node_modules/validator
436 silly CHANGE node_modules/unpipe
437 silly CHANGE node_modules/vary
438 silly CHANGE node_modules/type-is
439 silly CHANGE node_modules/type-is/node_modules/content-type
440 silly CHANGE node_modules/toidentifier
441 silly CHANGE node_modules/statuses
442 silly CHANGE node_modules/side-channel-map
443 silly CHANGE node_modules/side-channel-weakmap
444 silly CHANGE node_modules/split2
445 silly CHANGE node_modules/setprototypeof
446 silly CHANGE node_modules/side-channel-list
447 silly CHANGE node_modules/side-channel
448 silly CHANGE node_modules/serve-static
449 silly CHANGE node_modules/send
450 silly CHANGE node_modules/semver
451 silly CHANGE node_modules/safer-buffer
452 silly CHANGE node_modules/safe-buffer
453 silly CHANGE node_modules/router
454 silly CHANGE node_modules/raw-body
455 silly CHANGE node_modules/range-parser
456 silly CHANGE node_modules/qs
457 silly CHANGE node_modules/proxy-addr
458 silly CHANGE node_modules/postgres-interval
459 silly CHANGE node_modules/postgres-bytea
460 silly CHANGE node_modules/postgres-date
461 silly CHANGE node_modules/postgres-array
462 silly CHANGE node_modules/pgpass
463 silly CHANGE node_modules/pg-types
464 silly CHANGE node_modules/pg-protocol
465 silly CHANGE node_modules/pg-pool
466 silly CHANGE node_modules/pg-int8
467 silly CHANGE node_modules/pg-connection-string
468 silly CHANGE node_modules/pg-cloudflare
469 silly CHANGE node_modules/path-to-regexp
470 silly CHANGE node_modules/pg
471 silly CHANGE node_modules/parseurl
472 silly CHANGE node_modules/once
473 silly CHANGE node_modules/on-finished
474 silly CHANGE node_modules/object-inspect
475 silly CHANGE node_modules/object-assign
476 silly CHANGE node_modules/negotiator
477 silly CHANGE node_modules/ms
478 silly CHANGE node_modules/mime-types
479 silly CHANGE node_modules/mime-db
480 silly CHANGE node_modules/merge-descriptors
481 silly CHANGE node_modules/media-typer
482 silly CHANGE node_modules/math-intrinsics
483 silly CHANGE node_modules/lodash.once
484 silly CHANGE node_modules/lodash.isplainobject
485 silly CHANGE node_modules/lodash.isstring
486 silly CHANGE node_modules/lodash.isnumber
487 silly CHANGE node_modules/lodash.isinteger
488 silly CHANGE node_modules/lodash.isboolean
489 silly CHANGE node_modules/lodash.includes
490 silly CHANGE node_modules/lodash
491 silly CHANGE node_modules/jws
492 silly CHANGE node_modules/jwa
493 silly CHANGE node_modules/jsonwebtoken
494 silly CHANGE node_modules/is-promise
495 silly CHANGE node_modules/ipaddr.js
496 silly CHANGE node_modules/inherits
497 silly CHANGE node_modules/iconv-lite
498 silly CHANGE node_modules/http-errors
499 silly CHANGE node_modules/helmet
500 silly CHANGE node_modules/hasown
501 silly CHANGE node_modules/has-symbols
502 silly CHANGE node_modules/gopd
503 silly CHANGE node_modules/get-proto
504 silly CHANGE node_modules/get-intrinsic
505 silly CHANGE node_modules/function-bind
506 silly CHANGE node_modules/forwarded
507 silly CHANGE node_modules/fresh
508 silly CHANGE node_modules/finalhandler
509 silly CHANGE node_modules/express-validator
510 silly CHANGE node_modules/express
511 silly CHANGE node_modules/express-rate-limit
512 silly CHANGE node_modules/etag
513 silly CHANGE node_modules/escape-html
514 silly CHANGE node_modules/es-object-atoms
515 silly CHANGE node_modules/es-errors
516 silly CHANGE node_modules/es-define-property
517 silly CHANGE node_modules/encodeurl
518 silly CHANGE node_modules/ee-first
519 silly CHANGE node_modules/ecdsa-sig-formatter
520 silly CHANGE node_modules/dunder-proto
521 silly CHANGE node_modules/depd
522 silly CHANGE node_modules/debug
523 silly CHANGE node_modules/cors
524 silly CHANGE node_modules/cookie-signature
525 silly CHANGE node_modules/cookie
526 silly CHANGE node_modules/content-type
527 silly CHANGE node_modules/content-disposition
528 silly CHANGE node_modules/call-bound
529 silly CHANGE node_modules/call-bind-apply-helpers
530 silly CHANGE node_modules/buffer-equal-constant-time
531 silly CHANGE node_modules/bytes
532 silly CHANGE node_modules/body-parser
533 silly CHANGE node_modules/body-parser/node_modules/content-type
534 silly CHANGE node_modules/bcryptjs
535 silly CHANGE node_modules/accepts
536 verbose cwd C:\Users\Admin\OneDrive\Desktop\GigaFixzipzip\backend
537 verbose os Windows_NT 10.0.26200
538 verbose node v22.20.0
539 verbose npm  v10.9.3
540 verbose exit 0
541 info ok
