0 verbose cli C:\Program Files\nodejs\node.exe C:\Program Files\nodejs\node_modules\npm\bin\npm-cli.js
1 info using npm@10.9.3
2 info using node@v22.20.0
3 silly config load:file:C:\Program Files\nodejs\node_modules\npm\npmrc
4 silly config load:file:C:\Users\Admin\OneDrive\Desktop\GigaFixzipzip\backend\.npmrc
5 silly config load:file:C:\Users\Admin\.npmrc
6 silly config load:file:C:\Users\Admin\AppData\Roaming\npm\etc\npmrc
7 verbose title npm install @supabase/supabase-js ws
8 verbose argv "install" "@supabase/supabase-js" "ws" "--save" "--registry" "https://registry.npmjs.org/" "--no-audit" "--no-fund" "--loglevel" "warn"
9 verbose logfile logs-max:10 dir:C:\Users\Admin\OneDrive\Desktop\GigaFixzipzip\backend\.npm-cache\_logs\2026-06-18T16_40_48_073Z-
10 verbose logfile C:\Users\Admin\OneDrive\Desktop\GigaFixzipzip\backend\.npm-cache\_logs\2026-06-18T16_40_48_073Z-debug-0.log
11 silly logfile done cleaning log files
12 silly packumentCache heap:4345298944 maxSize:1086324736 maxEntrySize:543162368
13 silly idealTree buildDeps
14 silly fetch manifest @supabase/supabase-js@*
15 silly packumentCache full:https://registry.npmjs.org/@supabase%2fsupabase-js cache-miss
16 http fetch GET 200 https://registry.npmjs.org/@supabase%2fsupabase-js 1092ms (cache miss)
17 silly packumentCache full:https://registry.npmjs.org/@supabase%2fsupabase-js set size:undefined disposed:false
18 silly fetch manifest ws@*
19 silly packumentCache full:https://registry.npmjs.org/ws cache-miss
20 http fetch GET 200 https://registry.npmjs.org/ws 336ms (cache miss)
21 silly packumentCache full:https://registry.npmjs.org/ws set size:undefined disposed:false
22 silly fetch manifest bufferutil@^4.0.1
23 silly packumentCache full:https://registry.npmjs.org/bufferutil cache-miss
24 http fetch GET 200 https://registry.npmjs.org/bufferutil 324ms (cache miss)
25 silly packumentCache full:https://registry.npmjs.org/bufferutil set size:undefined disposed:false
26 silly fetch manifest utf-8-validate@>=5.0.2
27 silly packumentCache full:https://registry.npmjs.org/utf-8-validate cache-miss
28 http fetch GET 200 https://registry.npmjs.org/utf-8-validate 310ms (cache miss)
29 silly packumentCache full:https://registry.npmjs.org/utf-8-validate set size:undefined disposed:false
30 silly placeDep ROOT @supabase/supabase-js@2.108.2 OK for: gigafix-backend@1.0.0 want: *
31 silly placeDep ROOT ws@8.21.0 OK for: gigafix-backend@1.0.0 want: *
32 silly fetch manifest @supabase/auth-js@2.108.2
33 silly packumentCache full:https://registry.npmjs.org/@supabase%2fauth-js cache-miss
34 silly fetch manifest @supabase/storage-js@2.108.2
35 silly packumentCache full:https://registry.npmjs.org/@supabase%2fstorage-js cache-miss
36 silly fetch manifest @supabase/realtime-js@2.108.2
37 silly packumentCache full:https://registry.npmjs.org/@supabase%2frealtime-js cache-miss
38 silly fetch manifest @supabase/functions-js@2.108.2
39 silly packumentCache full:https://registry.npmjs.org/@supabase%2ffunctions-js cache-miss
40 silly fetch manifest @supabase/postgrest-js@2.108.2
41 silly packumentCache full:https://registry.npmjs.org/@supabase%2fpostgrest-js cache-miss
42 http fetch GET 200 https://registry.npmjs.org/@supabase%2fauth-js 1102ms (cache miss)
43 silly packumentCache full:https://registry.npmjs.org/@supabase%2fauth-js set size:undefined disposed:false
44 http fetch GET 200 https://registry.npmjs.org/@supabase%2ffunctions-js 1135ms (cache miss)
45 silly packumentCache full:https://registry.npmjs.org/@supabase%2ffunctions-js set size:undefined disposed:false
46 http fetch GET 200 https://registry.npmjs.org/@supabase%2fstorage-js 1178ms (cache miss)
47 silly packumentCache full:https://registry.npmjs.org/@supabase%2fstorage-js set size:undefined disposed:false
48 http fetch GET 200 https://registry.npmjs.org/@supabase%2frealtime-js 1209ms (cache miss)
49 silly packumentCache full:https://registry.npmjs.org/@supabase%2frealtime-js set size:undefined disposed:false
50 http fetch GET 200 https://registry.npmjs.org/@supabase%2fpostgrest-js 1234ms (cache miss)
51 silly packumentCache full:https://registry.npmjs.org/@supabase%2fpostgrest-js set size:undefined disposed:false
52 silly placeDep ROOT @supabase/auth-js@2.108.2 OK for: @supabase/supabase-js@2.108.2 want: 2.108.2
53 silly placeDep ROOT @supabase/functions-js@2.108.2 OK for: @supabase/supabase-js@2.108.2 want: 2.108.2
54 silly placeDep ROOT @supabase/postgrest-js@2.108.2 OK for: @supabase/supabase-js@2.108.2 want: 2.108.2
55 silly placeDep ROOT @supabase/realtime-js@2.108.2 OK for: @supabase/supabase-js@2.108.2 want: 2.108.2
56 silly placeDep ROOT @supabase/storage-js@2.108.2 OK for: @supabase/supabase-js@2.108.2 want: 2.108.2
57 silly fetch manifest tslib@2.8.1
58 silly packumentCache full:https://registry.npmjs.org/tslib cache-miss
59 silly fetch manifest tslib@2.8.1
60 silly packumentCache full:https://registry.npmjs.org/tslib cache-miss
61 silly fetch manifest tslib@2.8.1
62 silly packumentCache full:https://registry.npmjs.org/tslib cache-miss
63 silly fetch manifest tslib@2.8.1
64 silly packumentCache full:https://registry.npmjs.org/tslib cache-miss
65 silly fetch manifest @supabase/phoenix@^0.4.2
66 silly packumentCache full:https://registry.npmjs.org/@supabase%2fphoenix cache-miss
67 silly fetch manifest tslib@2.8.1
68 silly packumentCache full:https://registry.npmjs.org/tslib cache-miss
69 silly fetch manifest iceberg-js@^0.8.1
70 silly packumentCache full:https://registry.npmjs.org/iceberg-js cache-miss
71 http fetch GET 200 https://registry.npmjs.org/tslib 401ms (cache miss)
72 silly packumentCache full:https://registry.npmjs.org/tslib set size:undefined disposed:false
73 http fetch GET 200 https://registry.npmjs.org/tslib 411ms (cache miss)
74 silly packumentCache full:https://registry.npmjs.org/tslib set size:undefined disposed:false
75 http fetch GET 200 https://registry.npmjs.org/tslib 415ms (cache miss)
76 silly packumentCache full:https://registry.npmjs.org/tslib set size:undefined disposed:false
77 http fetch GET 200 https://registry.npmjs.org/tslib 421ms (cache miss)
78 silly packumentCache full:https://registry.npmjs.org/tslib set size:undefined disposed:false
79 http fetch GET 200 https://registry.npmjs.org/tslib 426ms (cache miss)
80 silly packumentCache full:https://registry.npmjs.org/tslib set size:undefined disposed:false
81 http fetch GET 200 https://registry.npmjs.org/iceberg-js 441ms (cache miss)
82 silly packumentCache full:https://registry.npmjs.org/iceberg-js set size:undefined disposed:false
83 http fetch GET 200 https://registry.npmjs.org/@supabase%2fphoenix 712ms (cache miss)
84 silly packumentCache full:https://registry.npmjs.org/@supabase%2fphoenix set size:undefined disposed:false
85 silly placeDep ROOT tslib@2.8.1 OK for: @supabase/auth-js@2.108.2 want: 2.8.1
86 silly placeDep ROOT @supabase/phoenix@0.4.4 OK for: @supabase/realtime-js@2.108.2 want: ^0.4.2
87 silly placeDep ROOT iceberg-js@0.8.1 OK for: @supabase/storage-js@2.108.2 want: ^0.8.1
88 silly reify moves {}
89 http cache @supabase/phoenix@https://registry.npmjs.org/@supabase/phoenix/-/phoenix-0.4.4.tgz 1ms (cache hit)
90 http cache @supabase/storage-js@https://registry.npmjs.org/@supabase/storage-js/-/storage-js-2.108.2.tgz 0ms (cache hit)
91 http cache iceberg-js@https://registry.npmjs.org/iceberg-js/-/iceberg-js-0.8.1.tgz 0ms (cache hit)
92 http cache tslib@https://registry.npmjs.org/tslib/-/tslib-2.8.1.tgz 0ms (cache hit)
93 http cache @supabase/functions-js@https://registry.npmjs.org/@supabase/functions-js/-/functions-js-2.108.2.tgz 0ms (cache hit)
94 http cache @supabase/realtime-js@https://registry.npmjs.org/@supabase/realtime-js/-/realtime-js-2.108.2.tgz 1ms (cache hit)
95 http cache @supabase/postgrest-js@https://registry.npmjs.org/@supabase/postgrest-js/-/postgrest-js-2.108.2.tgz 0ms (cache hit)
96 http cache @supabase/auth-js@https://registry.npmjs.org/@supabase/auth-js/-/auth-js-2.108.2.tgz 0ms (cache hit)
97 http cache ws@https://registry.npmjs.org/ws/-/ws-8.21.0.tgz 0ms (cache hit)
98 silly tarball no local data for @supabase/phoenix@https://registry.npmjs.org/@supabase/phoenix/-/phoenix-0.4.4.tgz. Extracting by manifest.
99 silly tarball no local data for @supabase/storage-js@https://registry.npmjs.org/@supabase/storage-js/-/storage-js-2.108.2.tgz. Extracting by manifest.
100 silly tarball no local data for iceberg-js@https://registry.npmjs.org/iceberg-js/-/iceberg-js-0.8.1.tgz. Extracting by manifest.
101 silly tarball no local data for tslib@https://registry.npmjs.org/tslib/-/tslib-2.8.1.tgz. Extracting by manifest.
102 http cache @supabase/supabase-js@https://registry.npmjs.org/@supabase/supabase-js/-/supabase-js-2.108.2.tgz 0ms (cache hit)
103 silly tarball no local data for @supabase/functions-js@https://registry.npmjs.org/@supabase/functions-js/-/functions-js-2.108.2.tgz. Extracting by manifest.
104 silly tarball no local data for @supabase/realtime-js@https://registry.npmjs.org/@supabase/realtime-js/-/realtime-js-2.108.2.tgz. Extracting by manifest.
105 silly tarball no local data for @supabase/postgrest-js@https://registry.npmjs.org/@supabase/postgrest-js/-/postgrest-js-2.108.2.tgz. Extracting by manifest.
106 silly tarball no local data for @supabase/auth-js@https://registry.npmjs.org/@supabase/auth-js/-/auth-js-2.108.2.tgz. Extracting by manifest.
107 silly tarball no local data for ws@https://registry.npmjs.org/ws/-/ws-8.21.0.tgz. Extracting by manifest.
108 silly tarball no local data for @supabase/supabase-js@https://registry.npmjs.org/@supabase/supabase-js/-/supabase-js-2.108.2.tgz. Extracting by manifest.
109 http fetch GET 200 https://registry.npmjs.org/iceberg-js/-/iceberg-js-0.8.1.tgz 497ms (cache miss)
110 http fetch GET 200 https://registry.npmjs.org/tslib/-/tslib-2.8.1.tgz 525ms (cache miss)
111 http fetch GET 200 https://registry.npmjs.org/ws/-/ws-8.21.0.tgz 769ms (cache miss)
112 http fetch GET 200 https://registry.npmjs.org/@supabase/storage-js/-/storage-js-2.108.2.tgz 1128ms (cache miss)
113 http fetch GET 200 https://registry.npmjs.org/@supabase/postgrest-js/-/postgrest-js-2.108.2.tgz 1193ms (cache miss)
114 http fetch GET 200 https://registry.npmjs.org/@supabase/supabase-js/-/supabase-js-2.108.2.tgz 1222ms (cache miss)
115 http fetch GET 200 https://registry.npmjs.org/@supabase/phoenix/-/phoenix-0.4.4.tgz 1258ms (cache miss)
116 http fetch GET 200 https://registry.npmjs.org/@supabase/functions-js/-/functions-js-2.108.2.tgz 1256ms (cache miss)
117 http fetch GET 200 https://registry.npmjs.org/@supabase/realtime-js/-/realtime-js-2.108.2.tgz 1949ms (cache miss)
118 http fetch GET 200 https://registry.npmjs.org/@supabase/auth-js/-/auth-js-2.108.2.tgz 2531ms (cache miss)
119 silly ADD node_modules/iceberg-js
120 silly ADD node_modules/@supabase/phoenix
121 silly ADD node_modules/tslib
122 silly ADD node_modules/@supabase/storage-js
123 silly ADD node_modules/@supabase/realtime-js
124 silly ADD node_modules/@supabase/postgrest-js
125 silly ADD node_modules/@supabase/functions-js
126 silly ADD node_modules/@supabase/auth-js
127 silly ADD node_modules/ws
128 silly ADD node_modules/@supabase/supabase-js
129 verbose cwd C:\Users\Admin\OneDrive\Desktop\GigaFixzipzip\backend
130 verbose os Windows_NT 10.0.26200
131 verbose node v22.20.0
132 verbose npm  v10.9.3
133 verbose exit 0
134 info ok
